#
# There is insufficient memory for the Java Runtime Environment to continue.
# Native memory allocation (malloc) failed to allocate 1569456 bytes for Chunk::new
# Possible reasons:
#   The system is out of physical RAM or swap space
#   The process is running with CompressedOops enabled, and the Java Heap may be blocking the growth of the native heap
# Possible solutions:
#   Reduce memory load on the system
#   Increase physical memory or swap space
#   Check if swap backing store is full
#   Decrease Java heap size (-Xmx/-Xms)
#   Decrease number of Java threads
#   Decrease Java thread stack sizes (-Xss)
#   Set larger code cache with -XX:ReservedCodeCacheSize=
#   JVM is running with Unscaled Compressed Oops mode in which the Java heap is
#     placed in the first 4GB address space. The Java Heap base address is the
#     maximum limit for the native heap growth. Please use -XX:HeapBaseMinAddress
#     to set the Java Heap base and to place the Java Heap above 4GB virtual address.
# This output file may be truncated or incomplete.
#
#  Out of Memory Error (allocation.cpp:389), pid=16972, tid=0x00000000000008cc
#
# JRE version: OpenJDK Runtime Environment (8.0_242-b01) (build 1.8.0_242-release-1644-b01)
# Java VM: OpenJDK 64-Bit Server VM (25.242-b01 mixed mode windows-amd64 compressed oops)
# Failed to write core dump. Minidumps are not enabled by default on client versions of Windows
#

---------------  T H R E A D  ---------------

Current thread (0x00000000179ab000):  JavaThread "C2 CompilerThread1" daemon [_thread_in_native, id=2252, stack(0x0000000019110000,0x0000000019210000)]

Stack: [0x0000000019110000,0x0000000019210000]
[error occurred during error reporting (printing stack bounds), id 0xc0000005]

Native frames: (J=compiled Java code, j=interpreted, Vv=VM code, C=native code)


Current CompileTask:
C2:  15944 2594       4       groovy.lang.MetaClassImpl$1MOPIter::methodNameAction (325 bytes)


---------------  P R O C E S S  ---------------

Java Threads: ( => current thread )
  0x000000001ad24800 JavaThread "Cache worker for file content cache (C:\Users\EAK\.gradle\caches\6.5\fileContent)" [_thread_blocked, id=22592, stack(0x0000000021d20000,0x0000000021e20000)]
  0x000000001ad26000 JavaThread "jar transforms" [_thread_blocked, id=20924, stack(0x0000000021c20000,0x0000000021d20000)]
  0x000000001ad28000 JavaThread "Cache worker for execution history cache (C:\Users\EAK\.gradle\caches\6.5\executionHistory)" [_thread_blocked, id=23088, stack(0x0000000021520000,0x0000000021620000)]
  0x000000001ad2a800 JavaThread "Cache worker for cache directory md-rule (C:\Users\EAK\.gradle\caches\6.5\md-rule)" [_thread_blocked, id=15488, stack(0x0000000020450000,0x0000000020550000)]
  0x000000001ad29800 JavaThread "Cache worker for cache directory md-supplier (C:\Users\EAK\.gradle\caches\6.5\md-supplier)" [_thread_blocked, id=19336, stack(0x0000000020350000,0x0000000020450000)]
  0x000000001ad27800 JavaThread "Cache worker for checksums cache (C:\Users\EAK\AndroidStudioProjects\ProjetoSemestralLoja\.gradle\checksums)" [_thread_blocked, id=8448, stack(0x0000000020250000,0x0000000020350000)]
  0x000000001ad26800 JavaThread "Cache worker for file hash cache (C:\Users\EAK\AndroidStudioProjects\ProjetoSemestralLoja\.gradle\6.5\fileHashes)" [_thread_blocked, id=19936, stack(0x000000001ff50000,0x0000000020050000)]
  0x000000001ad2b000 JavaThread "Cache worker for file hash cache (C:\Users\EAK\.gradle\caches\6.5\fileHashes)" [_thread_blocked, id=6612, stack(0x000000001ea80000,0x000000001eb80000)]
  0x000000001ad29000 JavaThread "File lock request listener" [_thread_in_native, id=13980, stack(0x000000001d9b0000,0x000000001dab0000)]
  0x000000001a377800 JavaThread "Cache worker for journal cache (C:\Users\EAK\.gradle\caches\journal-1)" [_thread_blocked, id=11704, stack(0x000000001d7b0000,0x000000001d8b0000)]
  0x0000000019c70800 JavaThread "Thread-9" [_thread_blocked, id=7648, stack(0x000000001d4b0000,0x000000001d5b0000)]
  0x000000001b4d2800 JavaThread "Stdin handler" [_thread_blocked, id=11948, stack(0x000000001d3b0000,0x000000001d4b0000)]
  0x000000001b4c4000 JavaThread "Asynchronous log dispatcher for DefaultDaemonConnection: socket connection from /127.0.0.1:64326 to /127.0.0.1:64327" [_thread_blocked, id=21412, stack(0x000000001d2b0000,0x000000001d3b0000)]
  0x000000001b4c1000 JavaThread "Daemon worker" [_thread_blocked, id=16040, stack(0x000000001d1b0000,0x000000001d2b0000)]
  0x000000001b4ca000 JavaThread "Cancel handler" [_thread_blocked, id=9040, stack(0x000000001d0b0000,0x000000001d1b0000)]
  0x000000001b45c000 JavaThread "Handler for socket connection from /127.0.0.1:64326 to /127.0.0.1:64327" [_thread_in_native, id=8612, stack(0x000000001cfb0000,0x000000001d0b0000)]
  0x000000001b33c800 JavaThread "Daemon" [_thread_blocked, id=15476, stack(0x000000001ceb0000,0x000000001cfb0000)]
  0x000000001b436800 JavaThread "Daemon periodic checks" [_thread_blocked, id=23304, stack(0x000000001cbb0000,0x000000001ccb0000)]
  0x000000001b425000 JavaThread "Incoming local TCP Connector on port 64326" [_thread_in_native, id=16984, stack(0x000000001c950000,0x000000001ca50000)]
  0x000000001b3c9000 JavaThread "Daemon health stats" [_thread_blocked, id=12544, stack(0x000000001c310000,0x000000001c410000)]
  0x0000000019339800 JavaThread "Service Thread" daemon [_thread_blocked, id=11340, stack(0x0000000019710000,0x0000000019810000)]
  0x00000000179b3000 JavaThread "C1 CompilerThread2" daemon [_thread_blocked, id=18288, stack(0x0000000019210000,0x0000000019310000)]
=>0x00000000179ab000 JavaThread "C2 CompilerThread1" daemon [_thread_in_native, id=2252, stack(0x0000000019110000,0x0000000019210000)]
  0x00000000179a3000 JavaThread "C2 CompilerThread0" daemon [_thread_blocked, id=1872, stack(0x0000000019010000,0x0000000019110000)]
  0x00000000179a7000 JavaThread "Attach Listener" daemon [_thread_blocked, id=9712, stack(0x0000000018f10000,0x0000000019010000)]
  0x00000000179a5800 JavaThread "Signal Dispatcher" daemon [_thread_blocked, id=15920, stack(0x0000000018e10000,0x0000000018f10000)]
  0x0000000002d4b800 JavaThread "Finalizer" daemon [_thread_blocked, id=16260, stack(0x0000000018bf0000,0x0000000018cf0000)]
  0x0000000017989000 JavaThread "Reference Handler" daemon [_thread_blocked, id=6184, stack(0x0000000018af0000,0x0000000018bf0000)]
  0x0000000002b0e000 JavaThread "main" [_thread_blocked, id=16272, stack(0x0000000002b50000,0x0000000002c50000)]

Other Threads:
  0x0000000017967000 VMThread [stack: 0x00000000189f0000,0x0000000018af0000] [id=604]
  0x000000001933a000 WatcherThread [stack: 0x0000000019810000,0x0000000019910000] [id=8644]

VM state:at safepoint (normal execution)

VM Mutex/Monitor currently owned by a thread:  ([mutex/lock_event])
[0x0000000002b0daa0] Threads_lock - owner thread: 0x0000000017967000
[0x0000000002b0d520] Heap_lock - owner thread: 0x000000001b4c1000

heap address: 0x0000000080000000, size: 2048 MB, Compressed Oops mode: 32-bit
Narrow klass base: 0x0000000000000000, Narrow klass shift: 3
Compressed class space size: 1073741824 Address: 0x0000000100000000

Heap:
 PSYoungGen      total 67584K, used 6784K [0x00000000d5580000, 0x00000000da700000, 0x0000000100000000)
  eden space 56320K, 0% used [0x00000000d5580000,0x00000000d5580000,0x00000000d8c80000)
  from space 11264K, 60% used [0x00000000d8c80000,0x00000000d93202c0,0x00000000d9780000)
  to   space 10752K, 0% used [0x00000000d9780000,0x00000000d9780000,0x00000000da200000)
 ParOldGen       total 63488K, used 8977K [0x0000000080000000, 0x0000000083e00000, 0x00000000d5580000)
  object space 63488K, 14% used [0x0000000080000000,0x00000000808c4668,0x0000000083e00000)
 Metaspace       used 34206K, capacity 35392K, committed 35416K, reserved 1079296K
  class space    used 4711K, capacity 4973K, committed 4992K, reserved 1048576K

Card table byte_map: [0x0000000012110000,0x0000000012520000] byte_map_base: 0x0000000011d10000

Marking Bits: (ParMarkBitMap*) 0x0000000074edf030
 Begin Bits: [0x0000000012bd0000, 0x0000000014bd0000)
 End Bits:   [0x0000000014bd0000, 0x0000000016bd0000)

Polling page: 0x0000000000e40000

CodeCache: size=245760Kb used=10382Kb max_used=10446Kb free=235377Kb
 bounds [0x0000000002d50000, 0x0000000003790000, 0x0000000011d50000]
 total_blobs=3391 nmethods=2704 adapters=600
 compilation: enabled

Compilation events (10 events):
Event: 15.565 Thread 0x00000000179b3000 2726       3       java.lang.invoke.LambdaForm$MH/317574433::identity_L (8 bytes)
Event: 15.566 Thread 0x00000000179b3000 nmethod 2726 0x000000000375be90 code [0x000000000375c000, 0x000000000375c290]
Event: 15.572 Thread 0x00000000179a3000 nmethod 2722 0x000000000376fa50 code [0x000000000376fbc0, 0x000000000376ff78]
Event: 15.572 Thread 0x00000000179a3000 2724       4       org.objectweb.asm.Frame::execute (2318 bytes)
Event: 15.640 Thread 0x00000000179b3000 2731   !   3       java.lang.invoke.MethodHandleNatives::linkMethodHandleConstant (154 bytes)
Event: 15.641 Thread 0x00000000179b3000 nmethod 2731 0x0000000003771fd0 code [0x0000000003772220, 0x0000000003772dd8]
Event: 15.641 Thread 0x00000000179b3000 2732       3       java.lang.invoke.MethodHandles$Lookup::linkMethodHandleConstant (185 bytes)
Event: 15.642 Thread 0x00000000179b3000 nmethod 2732 0x00000000037733d0 code [0x0000000003773680, 0x0000000003774b38]
Event: 15.905 Thread 0x00000000179a3000 nmethod 2724 0x000000000377c650 code [0x000000000377d8e0, 0x0000000003783dc8]
Event: 15.906 Thread 0x00000000179a3000 2730   !   4       java.lang.ClassLoader::getPackage (118 bytes)

GC Heap History (10 events):
Event: 9.134 GC heap before
{Heap before GC invocations=7 (full 1):
 PSYoungGen      total 42496K, used 8367K [0x00000000d5580000, 0x00000000d8a00000, 0x0000000100000000)
  eden space 32256K, 0% used [0x00000000d5580000,0x00000000d5580000,0x00000000d7500000)
  from space 10240K, 81% used [0x00000000d7f80000,0x00000000d87abc80,0x00000000d8980000)
  to   space 10752K, 0% used [0x00000000d7500000,0x00000000d7500000,0x00000000d7f80000)
 ParOldGen       total 87552K, used 6672K [0x0000000080000000, 0x0000000085580000, 0x00000000d5580000)
  object space 87552K, 7% used [0x0000000080000000,0x0000000080684330,0x0000000085580000)
 Metaspace       used 20479K, capacity 21204K, committed 21248K, reserved 1067008K
  class space    used 2860K, capacity 3048K, committed 3072K, reserved 1048576K
Event: 9.209 GC heap after
Heap after GC invocations=7 (full 1):
 PSYoungGen      total 42496K, used 0K [0x00000000d5580000, 0x00000000d8a00000, 0x0000000100000000)
  eden space 32256K, 0% used [0x00000000d5580000,0x00000000d5580000,0x00000000d7500000)
  from space 10240K, 0% used [0x00000000d7f80000,0x00000000d7f80000,0x00000000d8980000)
  to   space 10752K, 0% used [0x00000000d7500000,0x00000000d7500000,0x00000000d7f80000)
 ParOldGen       total 63488K, used 8937K [0x0000000080000000, 0x0000000083e00000, 0x00000000d5580000)
  object space 63488K, 14% used [0x0000000080000000,0x00000000808ba668,0x0000000083e00000)
 Metaspace       used 20479K, capacity 21204K, committed 21248K, reserved 1067008K
  class space    used 2860K, capacity 3048K, committed 3072K, reserved 1048576K
}
Event: 10.029 GC heap before
{Heap before GC invocations=8 (full 1):
 PSYoungGen      total 42496K, used 32256K [0x00000000d5580000, 0x00000000d8a00000, 0x0000000100000000)
  eden space 32256K, 100% used [0x00000000d5580000,0x00000000d7500000,0x00000000d7500000)
  from space 10240K, 0% used [0x00000000d7f80000,0x00000000d7f80000,0x00000000d8980000)
  to   space 10752K, 0% used [0x00000000d7500000,0x00000000d7500000,0x00000000d7f80000)
 ParOldGen       total 63488K, used 8937K [0x0000000080000000, 0x0000000083e00000, 0x00000000d5580000)
  object space 63488K, 14% used [0x0000000080000000,0x00000000808ba668,0x0000000083e00000)
 Metaspace       used 22466K, capacity 23266K, committed 23424K, reserved 1069056K
  class space    used 3174K, capacity 3375K, committed 3456K, reserved 1048576K
Event: 10.032 GC heap after
Heap after GC invocations=8 (full 1):
 PSYoungGen      total 43008K, used 2740K [0x00000000d5580000, 0x00000000d9880000, 0x0000000100000000)
  eden space 32256K, 0% used [0x00000000d5580000,0x00000000d5580000,0x00000000d7500000)
  from space 10752K, 25% used [0x00000000d7500000,0x00000000d77ad390,0x00000000d7f80000)
  to   space 10752K, 0% used [0x00000000d8e00000,0x00000000d8e00000,0x00000000d9880000)
 ParOldGen       total 63488K, used 8945K [0x0000000080000000, 0x0000000083e00000, 0x00000000d5580000)
  object space 63488K, 14% used [0x0000000080000000,0x00000000808bc668,0x0000000083e00000)
 Metaspace       used 22466K, capacity 23266K, committed 23424K, reserved 1069056K
  class space    used 3174K, capacity 3375K, committed 3456K, reserved 1048576K
}
Event: 11.962 GC heap before
{Heap before GC invocations=9 (full 1):
 PSYoungGen      total 43008K, used 34996K [0x00000000d5580000, 0x00000000d9880000, 0x0000000100000000)
  eden space 32256K, 100% used [0x00000000d5580000,0x00000000d7500000,0x00000000d7500000)
  from space 10752K, 25% used [0x00000000d7500000,0x00000000d77ad390,0x00000000d7f80000)
  to   space 10752K, 0% used [0x00000000d8e00000,0x00000000d8e00000,0x00000000d9880000)
 ParOldGen       total 63488K, used 8945K [0x0000000080000000, 0x0000000083e00000, 0x00000000d5580000)
  object space 63488K, 14% used [0x0000000080000000,0x00000000808bc668,0x0000000083e00000)
 Metaspace       used 28429K, capacity 29354K, committed 29568K, reserved 1075200K
  class space    used 3935K, capacity 4159K, committed 4224K, reserved 1048576K
Event: 11.970 GC heap after
Heap after GC invocations=9 (full 1):
 PSYoungGen      total 55808K, used 6256K [0x00000000d5580000, 0x00000000d9780000, 0x0000000100000000)
  eden space 46080K, 0% used [0x00000000d5580000,0x00000000d5580000,0x00000000d8280000)
  from space 9728K, 64% used [0x00000000d8e00000,0x00000000d941c1b0,0x00000000d9780000)
  to   space 10752K, 0% used [0x00000000d8280000,0x00000000d8280000,0x00000000d8d00000)
 ParOldGen       total 63488K, used 8953K [0x0000000080000000, 0x0000000083e00000, 0x00000000d5580000)
  object space 63488K, 14% used [0x0000000080000000,0x00000000808be668,0x0000000083e00000)
 Metaspace       used 28429K, capacity 29354K, committed 29568K, reserved 1075200K
  class space    used 3935K, capacity 4159K, committed 4224K, reserved 1048576K
}
Event: 14.847 GC heap before
{Heap before GC invocations=10 (full 1):
 PSYoungGen      total 55808K, used 52336K [0x00000000d5580000, 0x00000000d9780000, 0x0000000100000000)
  eden space 46080K, 100% used [0x00000000d5580000,0x00000000d8280000,0x00000000d8280000)
  from space 9728K, 64% used [0x00000000d8e00000,0x00000000d941c1b0,0x00000000d9780000)
  to   space 10752K, 0% used [0x00000000d8280000,0x00000000d8280000,0x00000000d8d00000)
 ParOldGen       total 63488K, used 8953K [0x0000000080000000, 0x0000000083e00000, 0x00000000d5580000)
  object space 63488K, 14% used [0x0000000080000000,0x00000000808be668,0x0000000083e00000)
 Metaspace       used 32146K, capacity 33216K, committed 33408K, reserved 1077248K
  class space    used 4388K, capacity 4647K, committed 4736K, reserved 1048576K
Event: 14.855 GC heap after
Heap after GC invocations=10 (full 1):
 PSYoungGen      total 56832K, used 7576K [0x00000000d5580000, 0x00000000da200000, 0x0000000100000000)
  eden space 46080K, 0% used [0x00000000d5580000,0x00000000d5580000,0x00000000d8280000)
  from space 10752K, 70% used [0x00000000d8280000,0x00000000d89e6160,0x00000000d8d00000)
  to   space 10752K, 0% used [0x00000000d9780000,0x00000000d9780000,0x00000000da200000)
 ParOldGen       total 63488K, used 8961K [0x0000000080000000, 0x0000000083e00000, 0x00000000d5580000)
  object space 63488K, 14% used [0x0000000080000000,0x00000000808c0668,0x0000000083e00000)
 Metaspace       used 32146K, capacity 33216K, committed 33408K, reserved 1077248K
  class space    used 4388K, capacity 4647K, committed 4736K, reserved 1048576K
}
Event: 15.841 GC heap before
{Heap before GC invocations=11 (full 1):
 PSYoungGen      total 56832K, used 53656K [0x00000000d5580000, 0x00000000da200000, 0x0000000100000000)
  eden space 46080K, 100% used [0x00000000d5580000,0x00000000d8280000,0x00000000d8280000)
  from space 10752K, 70% used [0x00000000d8280000,0x00000000d89e6160,0x00000000d8d00000)
  to   space 10752K, 0% used [0x00000000d9780000,0x00000000d9780000,0x00000000da200000)
 ParOldGen       total 63488K, used 8961K [0x0000000080000000, 0x0000000083e00000, 0x00000000d5580000)
  object space 63488K, 14% used [0x0000000080000000,0x00000000808c0668,0x0000000083e00000)
 Metaspace       used 34156K, capacity 35328K, committed 35416K, reserved 1079296K
  class space    used 4704K, capacity 4973K, committed 4992K, reserved 1048576K
Event: 15.864 GC heap after
Heap after GC invocations=11 (full 1):
 PSYoungGen      total 67072K, used 8428K [0x00000000d5580000, 0x00000000da700000, 0x0000000100000000)
  eden space 56320K, 0% used [0x00000000d5580000,0x00000000d5580000,0x00000000d8c80000)
  from space 10752K, 78% used [0x00000000d9780000,0x00000000d9fbb2a8,0x00000000da200000)
  to   space 11264K, 0% used [0x00000000d8c80000,0x00000000d8c80000,0x00000000d9780000)
 ParOldGen       total 63488K, used 8969K [0x0000000080000000, 0x0000000083e00000, 0x00000000d5580000)
  object space 63488K, 14% used [0x0000000080000000,0x00000000808c2668,0x0000000083e00000)
 Metaspace       used 34156K, capacity 35328K, committed 35416K, reserved 1079296K
  class space    used 4704K, capacity 4973K, committed 4992K, reserved 1048576K
}

Deoptimization events (10 events):
Event: 15.013 Thread 0x000000001b4c1000 Uncommon trap: reason=bimorphic action=maybe_recompile pc=0x00000000036e5f3c method=org.codehaus.groovy.runtime.metaclass.MetaMethodIndex.addMethodToList(Ljava/lang/Object;Lgroovy/lang/MetaMethod;)Ljava/lang/Object; @ 130
Event: 15.013 Thread 0x000000001b4c1000 Uncommon trap: reason=bimorphic action=maybe_recompile pc=0x00000000036e5f3c method=org.codehaus.groovy.runtime.metaclass.MetaMethodIndex.addMethodToList(Ljava/lang/Object;Lgroovy/lang/MetaMethod;)Ljava/lang/Object; @ 130
Event: 15.013 Thread 0x000000001b4c1000 Uncommon trap: reason=bimorphic action=maybe_recompile pc=0x00000000036e5f3c method=org.codehaus.groovy.runtime.metaclass.MetaMethodIndex.addMethodToList(Ljava/lang/Object;Lgroovy/lang/MetaMethod;)Ljava/lang/Object; @ 130
Event: 15.013 Thread 0x000000001b4c1000 Uncommon trap: reason=class_check action=maybe_recompile pc=0x00000000036e5f58 method=org.codehaus.groovy.runtime.metaclass.MetaMethodIndex.addMethodToList(Ljava/lang/Object;Lgroovy/lang/MetaMethod;)Ljava/lang/Object; @ 240
Event: 15.013 Thread 0x000000001b4c1000 Uncommon trap: reason=class_check action=maybe_recompile pc=0x00000000036e5f58 method=org.codehaus.groovy.runtime.metaclass.MetaMethodIndex.addMethodToList(Ljava/lang/Object;Lgroovy/lang/MetaMethod;)Ljava/lang/Object; @ 240
Event: 15.013 Thread 0x000000001b4c1000 Uncommon trap: reason=class_check action=maybe_recompile pc=0x00000000036e5f58 method=org.codehaus.groovy.runtime.metaclass.MetaMethodIndex.addMethodToList(Ljava/lang/Object;Lgroovy/lang/MetaMethod;)Ljava/lang/Object; @ 240
Event: 15.013 Thread 0x000000001b4c1000 Uncommon trap: reason=class_check action=maybe_recompile pc=0x00000000036e5f58 method=org.codehaus.groovy.runtime.metaclass.MetaMethodIndex.addMethodToList(Ljava/lang/Object;Lgroovy/lang/MetaMethod;)Ljava/lang/Object; @ 240
Event: 15.129 Thread 0x000000001b4c1000 Uncommon trap: reason=unstable_if action=reinterpret pc=0x00000000036ebc14 method=org.codehaus.groovy.runtime.metaclass.MetaMethodIndex.addMethodToList(Ljava/lang/Object;Lgroovy/lang/MetaMethod;)Ljava/lang/Object; @ 226
Event: 15.166 Thread 0x000000001b4c1000 Uncommon trap: reason=class_check action=maybe_recompile pc=0x00000000034a3128 method=java.util.WeakHashMap.eq(Ljava/lang/Object;Ljava/lang/Object;)Z @ 7
Event: 15.565 Thread 0x000000001b4c1000 Uncommon trap: reason=range_check action=make_not_entrant pc=0x000000000376386c method=java.lang.String.charAt(I)C @ 27

Classes redefined (0 events):
No events

Internal exceptions (10 events):
Event: 15.161 Thread 0x000000001b4c1000 Exception <a 'java/lang/ClassNotFoundException': org/gradle/api/internal/DefaultNamedDomainObjectCollectionCustomizer> (0x00000000d6351cd0) thrown at [C:\src\AOSP-openjdk-git\hotspot\src\share\vm\classfile\systemDictionary.cpp, line 210]
Event: 15.166 Thread 0x000000001b4c1000 Exception <a 'java/lang/ClassNotFoundException': org/gradle/api/internal/DefaultNamedDomainObjectListCustomizer> (0x00000000d63c67d0) thrown at [C:\src\AOSP-openjdk-git\hotspot\src\share\vm\classfile\systemDictionary.cpp, line 210]
Event: 15.169 Thread 0x000000001b4c1000 Exception <a 'java/lang/ClassNotFoundException': org/gradle/api/internal/artifacts/DefaultArtifactRepositoryContainerCustomizer> (0x00000000d643b5e8) thrown at [C:\src\AOSP-openjdk-git\hotspot\src\share\vm\classfile\systemDictionary.cpp, line 210]
Event: 15.170 Thread 0x000000001b4c1000 Exception <a 'java/lang/ClassNotFoundException': org/gradle/api/internal/artifacts/dsl/DefaultRepositoryHandlerCustomizer> (0x00000000d64a09c0) thrown at [C:\src\AOSP-openjdk-git\hotspot\src\share\vm\classfile\systemDictionary.cpp, line 210]
Event: 15.173 Thread 0x000000001b4c1000 Exception <a 'java/lang/ClassNotFoundException': org/gradle/api/internal/artifacts/dsl/DefaultRepositoryHandler_DecoratedCustomizer> (0x00000000d65243e8) thrown at [C:\src\AOSP-openjdk-git\hotspot\src\share\vm\classfile\systemDictionary.cpp, line 210]
Event: 15.457 Thread 0x000000001b4c1000 Exception <a 'java/lang/ClassNotFoundException': org/gradle/api/internal/artifacts/dsl/dependencies/DefaultDependencyHandler_DecoratedBeanInfo> (0x00000000d73422e8) thrown at [C:\src\AOSP-openjdk-git\hotspot\src\share\vm\classfile\systemDictionary.cpp, li
Event: 15.458 Thread 0x000000001b4c1000 Exception <a 'java/lang/ClassNotFoundException': org/gradle/api/internal/artifacts/dsl/dependencies/DefaultDependencyHandlerBeanInfo> (0x00000000d739ac70) thrown at [C:\src\AOSP-openjdk-git\hotspot\src\share\vm\classfile\systemDictionary.cpp, line 210]
Event: 15.460 Thread 0x000000001b4c1000 Exception <a 'java/lang/ClassNotFoundException': org/gradle/api/internal/artifacts/dsl/dependencies/DefaultDependencyHandlerCustomizer> (0x00000000d73f48b0) thrown at [C:\src\AOSP-openjdk-git\hotspot\src\share\vm\classfile\systemDictionary.cpp, line 210]
Event: 15.463 Thread 0x000000001b4c1000 Exception <a 'java/lang/ClassNotFoundException': org/gradle/api/internal/artifacts/dsl/dependencies/DefaultDependencyHandler_DecoratedCustomizer> (0x00000000d747f5f8) thrown at [C:\src\AOSP-openjdk-git\hotspot\src\share\vm\classfile\systemDictionary.cpp, 
Event: 15.567 Thread 0x000000001b4c1000 Exception <a 'java/lang/NoSuchMethodError': java.lang.Object.lambda$static$0(Lorg/gradle/api/internal/artifacts/configurations/MutationValidator$MutationType;)V> (0x00000000d7b65ba8) thrown at [C:\src\AOSP-openjdk-git\hotspot\src\share\vm\interpreter\link

Events (10 events):
Event: 15.906 Thread 0x00000000179a3000 flushing nmethod 0x0000000002e62a10
Event: 15.906 Thread 0x00000000179a3000 flushing nmethod 0x0000000002e65510
Event: 15.906 Thread 0x00000000179a3000 flushing nmethod 0x0000000002e66b50
Event: 15.906 Thread 0x00000000179a3000 flushing nmethod 0x0000000002e67350
Event: 15.906 Thread 0x00000000179a3000 flushing nmethod 0x0000000002e68850
Event: 15.906 Thread 0x00000000179a3000 flushing nmethod 0x0000000002e6ad50
Event: 15.906 Thread 0x00000000179a3000 flushing nmethod 0x0000000002e6bbd0
Event: 15.906 Thread 0x00000000179a3000 flushing nmethod 0x0000000002e6c910
Event: 15.906 Thread 0x00000000179a3000 flushing nmethod 0x0000000002e71ad0
Event: 15.906 Thread 0x00000000179a3000 flushing nmethod 0x0000000002e8e1d0


Dynamic libraries:
0x00007ff6b2240000 - 0x00007ff6b2271000 	C:\Program Files\Android\Android Studio\jre\bin\java.exe
0x00007ff9437f0000 - 0x00007ff9439e5000 	C:\WINDOWS\SYSTEM32\ntdll.dll
0x00007ff93b040000 - 0x00007ff93b053000 	C:\Program Files\AVAST Software\Avast\aswhook.dll
0x00007ff941ae0000 - 0x00007ff941b9d000 	C:\WINDOWS\System32\KERNEL32.DLL
0x00007ff941230000 - 0x00007ff9414f9000 	C:\WINDOWS\System32\KERNELBASE.dll
0x00007ff942180000 - 0x00007ff94222c000 	C:\WINDOWS\System32\ADVAPI32.dll
0x00007ff9420e0000 - 0x00007ff94217e000 	C:\WINDOWS\System32\msvcrt.dll
0x00007ff941dd0000 - 0x00007ff941e6c000 	C:\WINDOWS\System32\sechost.dll
0x00007ff942fc0000 - 0x00007ff9430eb000 	C:\WINDOWS\System32\RPCRT4.dll
0x00007ff941c00000 - 0x00007ff941da0000 	C:\WINDOWS\System32\USER32.dll
0x00007ff941710000 - 0x00007ff941732000 	C:\WINDOWS\System32\win32u.dll
0x00007ff941da0000 - 0x00007ff941dca000 	C:\WINDOWS\System32\GDI32.dll
0x00007ff941740000 - 0x00007ff94184b000 	C:\WINDOWS\System32\gdi32full.dll
0x00007ff9410b0000 - 0x00007ff94114d000 	C:\WINDOWS\System32\msvcp_win.dll
0x00007ff940f30000 - 0x00007ff941030000 	C:\WINDOWS\System32\ucrtbase.dll
0x00007ff922370000 - 0x00007ff92260a000 	C:\WINDOWS\WinSxS\amd64_microsoft.windows.common-controls_6595b64144ccf1df_6.0.19041.844_none_ca00b6081b84eb1d\COMCTL32.dll
0x00007ff9420b0000 - 0x00007ff9420e0000 	C:\WINDOWS\System32\IMM32.DLL
0x0000000074550000 - 0x0000000074622000 	C:\Program Files\Android\Android Studio\jre\jre\bin\msvcr100.dll
0x0000000074710000 - 0x0000000074f5b000 	C:\Program Files\Android\Android Studio\jre\jre\bin\server\jvm.dll
0x00007ff941ef0000 - 0x00007ff941ef8000 	C:\WINDOWS\System32\PSAPI.DLL
0x00007ff93b4c0000 - 0x00007ff93b4ca000 	C:\WINDOWS\SYSTEM32\VERSION.dll
0x00007ff9285c0000 - 0x00007ff9285e7000 	C:\WINDOWS\SYSTEM32\WINMM.dll
0x00007ff93bef0000 - 0x00007ff93bef9000 	C:\WINDOWS\SYSTEM32\WSOCK32.dll
0x00007ff9423f0000 - 0x00007ff94245b000 	C:\WINDOWS\System32\WS2_32.dll
0x00007ff93b5d0000 - 0x00007ff93b5df000 	C:\Program Files\Android\Android Studio\jre\jre\bin\verify.dll
0x00007ff9354d0000 - 0x00007ff9354f9000 	C:\Program Files\Android\Android Studio\jre\jre\bin\java.dll
0x00007ff9375d0000 - 0x00007ff9375e6000 	C:\Program Files\Android\Android Studio\jre\jre\bin\zip.dll
0x00007ff942460000 - 0x00007ff942ba2000 	C:\WINDOWS\System32\SHELL32.dll
0x00007ff93f050000 - 0x00007ff93f7e0000 	C:\WINDOWS\SYSTEM32\windows.storage.dll
0x00007ff942c60000 - 0x00007ff942fb5000 	C:\WINDOWS\System32\combase.dll
0x00007ff940800000 - 0x00007ff94082c000 	C:\WINDOWS\SYSTEM32\Wldp.dll
0x00007ff942bb0000 - 0x00007ff942c5e000 	C:\WINDOWS\System32\SHCORE.dll
0x00007ff941a80000 - 0x00007ff941ad5000 	C:\WINDOWS\System32\shlwapi.dll
0x00007ff940e70000 - 0x00007ff940e8f000 	C:\WINDOWS\SYSTEM32\profapi.dll
0x00007ff9355f0000 - 0x00007ff93560a000 	C:\Program Files\Android\Android Studio\jre\jre\bin\net.dll
0x00007ff9405f0000 - 0x00007ff94065a000 	C:\WINDOWS\system32\mswsock.dll
0x00007ff9354b0000 - 0x00007ff9354c3000 	C:\Program Files\Android\Android Studio\jre\jre\bin\nio.dll
0x00007ff931b90000 - 0x00007ff931bb7000 	C:\Users\EAK\.gradle\native\f6784746aeab05261644944871eae4fe03e0ef1612fff0a4a95f87b438bc6780\windows-amd64\native-platform.dll
0x00007ff92a960000 - 0x00007ff92a96d000 	C:\Program Files\Android\Android Studio\jre\jre\bin\management.dll
0x00007ff9408b0000 - 0x00007ff9408c8000 	C:\WINDOWS\SYSTEM32\CRYPTSP.dll
0x00007ff93ffb0000 - 0x00007ff93ffe4000 	C:\WINDOWS\system32\rsaenh.dll
0x00007ff941080000 - 0x00007ff9410a7000 	C:\WINDOWS\System32\bcrypt.dll
0x00007ff940e30000 - 0x00007ff940e5e000 	C:\WINDOWS\SYSTEM32\USERENV.dll
0x00007ff9411b0000 - 0x00007ff941230000 	C:\WINDOWS\System32\bcryptprimitives.dll
0x00007ff940770000 - 0x00007ff94077c000 	C:\WINDOWS\SYSTEM32\CRYPTBASE.dll
0x00007ff940300000 - 0x00007ff94033b000 	C:\WINDOWS\SYSTEM32\IPHLPAPI.DLL
0x00007ff941930000 - 0x00007ff941938000 	C:\WINDOWS\System32\NSI.dll
0x00007ff93aa10000 - 0x00007ff93aa27000 	C:\WINDOWS\SYSTEM32\dhcpcsvc6.DLL
0x00007ff93ad80000 - 0x00007ff93ad9d000 	C:\WINDOWS\SYSTEM32\dhcpcsvc.DLL
0x00007ff940340000 - 0x00007ff94040b000 	C:\WINDOWS\SYSTEM32\DNSAPI.dll
0x00007ff93af90000 - 0x00007ff93af9b000 	C:\WINDOWS\SYSTEM32\WINNSI.DLL

VM Arguments:
jvm_args: -Xmx2048m -Dfile.encoding=UTF-8 -Duser.country=BR -Duser.language=pt -Duser.variant 
java_command: org.gradle.launcher.daemon.bootstrap.GradleDaemon 6.5
java_class_path (initial): C:\Users\EAK\.gradle\wrapper\dists\gradle-6.5-bin\6nifqtx7604sqp1q6g8wikw7p\gradle-6.5\lib\gradle-launcher-6.5.jar
Launcher Type: SUN_STANDARD

Environment Variables:
JAVA_HOME=C:\ProgramData\Microsoft\Windows\Start Menu\Programs\Java Development Kit
PATH=C:\Python27\;C:\Python27\Scripts;"C:\Program Files (x86)\Common Files\Oracle\Java\javapath;C:\ProgramData\Microsoft\Windows\Start Menu\Programs\Java Development Kit\bin";C:\Program Files (x86)\Intel\iCLS Client\;C:\Program Files\Intel\iCLS Client\;C:\ProgramData\Oracle\Java\javapath;C:\Windows\system32;C:\Windows;C:\Windows\System32\Wbem;C:\Windows\System32\WindowsPowerShell\v1.0\;C:\Program Files (x86)\NVIDIA Corporation\PhysX\Common;C:\Program Files (x86)\Windows Live\Shared;C:\WINDOWS\system32;C:\WINDOWS;C:\WINDOWS\System32\Wbem;C:\WINDOWS\System32\WindowsPowerShell\v1.0\;C:\Program Files (x86)\Intel\Intel(R) Management Engine Components\DAL;C:\Program Files\Intel\Intel(R) Management Engine Components\DAL;C:\Program Files (x86)\Intel\Intel(R) Management Engine Components\IPT;C:\Program Files\Intel\Intel(R) Management Engine Components\IPT;C:\WINDOWS\System32\OpenSSH\;C:\Program Files\NVIDIA Corporation\NVIDIA NvDLISR;C:\WINDOWS\system32;C:\WINDOWS;C:\WINDOWS\System32\Wbem;C:\WINDOWS\System32\WindowsPowerShell\v1.0\;C:\WINDOWS\System32\OpenSSH\;C:\Program Files\nodejs\;C:\Program Files\dotnet\;C:\Program Files\Microsoft SQL Server\130\Tools\Binn\;C:\Program Files\Microsoft SQL Server\Client SDK\ODBC\170\Tools\Binn\;C:\Program Files\Git\cmd;C:\Program Files (x86)\dotnet\;C:\Program Files\MySQL\MySQL Shell 8.0\bin\;C:\Users\EAK\AppData\Local\Microsoft\WindowsApps;C:\Users\EAK\AppData\Local\GitHubDesktop\bin;C:\Users\EAK\AppData\Roaming\npm;
USERNAME=EAK
OS=Windows_NT
PROCESSOR_IDENTIFIER=Intel64 Family 6 Model 61 Stepping 4, GenuineIntel



---------------  S Y S T E M  ---------------

OS: Windows 10.0 , 64 bit Build 19041 (10.0.19041.804)

CPU:total 4 (initial active 4) (2 cores per cpu, 2 threads per core) family 6 model 61 stepping 4, cmov, cx8, fxsr, mmx, sse, sse2, sse3, ssse3, sse4.1, sse4.2, popcnt, avx, avx2, aes, clmul, erms, 3dnowpref, lzcnt, ht, tsc, tscinvbit, bmi1, bmi2, adx

Memory: 4k page, physical 8296648k(931916k free), swap 8757448k(10764k free)

vm_info: OpenJDK 64-Bit Server VM (25.242-b01) for windows-amd64 JRE (1.8.0_242-release-1644-b01), built by "builder" with MS VC++ 10.0 (VS2010)

time: Sat Apr 24 19:32:41 2021
timezone: Hora oficial do Brasil
elapsed time: 15 seconds (0d 0h 0m 15s)

