#
# There is insufficient memory for the Java Runtime Environment to continue.
# Native memory allocation (malloc) failed to allocate 2218576 bytes for Chunk::new
# Possible reasons:
#   The system is out of physical RAM or swap space
#   The process is running with CompressedOops enabled, and the Java Heap may be blocking the growth of the native heap
# Possible solutions:
#   Reduce memory load on the system
#   Increase physical memory or swap space
#   Check if swap backing store is full
#   Decrease Java heap size (-Xmx/-Xms)
#   Decrease number of Java threads
#   Decrease Java thread stack sizes (-Xss)
#   Set larger code cache with -XX:ReservedCodeCacheSize=
#   JVM is running with Unscaled Compressed Oops mode in which the Java heap is
#     placed in the first 4GB address space. The Java Heap base address is the
#     maximum limit for the native heap growth. Please use -XX:HeapBaseMinAddress
#     to set the Java Heap base and to place the Java Heap above 4GB virtual address.
# This output file may be truncated or incomplete.
#
#  Out of Memory Error (allocation.cpp:389), pid=22720, tid=0x00000000000045c4
#
# JRE version: OpenJDK Runtime Environment (8.0_242-b01) (build 1.8.0_242-release-1644-b01)
# Java VM: OpenJDK 64-Bit Server VM (25.242-b01 mixed mode windows-amd64 compressed oops)
# Failed to write core dump. Minidumps are not enabled by default on client versions of Windows
#

---------------  T H R E A D  ---------------

Current thread (0x00000000175db000):  JavaThread "C2 CompilerThread1" daemon [_thread_in_native, id=17860, stack(0x0000000018d30000,0x0000000018e30000)]

Stack: [0x0000000018d30000,0x0000000018e30000]
[error occurred during error reporting (printing stack bounds), id 0xc0000005]

Native frames: (J=compiled Java code, j=interpreted, Vv=VM code, C=native code)


Current CompileTask:
C2:   3398 1449       4       java.net.URLClassLoader$1::run (5 bytes)


---------------  P R O C E S S  ---------------

Java Threads: ( => current thread )
  0x000000001b0a6000 JavaThread "Cache worker for file hash cache (C:\Users\EAK\.gradle\caches\6.5\fileHashes)" [_thread_blocked, id=17448, stack(0x000000001d670000,0x000000001d770000)]
  0x000000001b0a3000 JavaThread "File lock request listener" [_thread_in_native, id=15140, stack(0x000000001d570000,0x000000001d670000)]
  0x000000001b22d800 JavaThread "Cache worker for journal cache (C:\Users\EAK\.gradle\caches\journal-1)" [_thread_blocked, id=14656, stack(0x000000001d370000,0x000000001d470000)]
  0x000000001958e800 JavaThread "Thread-9" [_thread_blocked, id=16488, stack(0x000000001d070000,0x000000001d170000)]
  0x000000001b0c8000 JavaThread "Stdin handler" [_thread_blocked, id=14984, stack(0x000000001cf70000,0x000000001d070000)]
  0x000000001b0c2000 JavaThread "Asynchronous log dispatcher for DefaultDaemonConnection: socket connection from /127.0.0.1:64332 to /127.0.0.1:64333" [_thread_blocked, id=548, stack(0x000000001ce70000,0x000000001cf70000)]
  0x000000001b0ce000 JavaThread "Daemon worker" [_thread_in_Java, id=12128, stack(0x000000001cd70000,0x000000001ce70000)]
  0x000000001b094800 JavaThread "Cancel handler" [_thread_blocked, id=12928, stack(0x000000001cc70000,0x000000001cd70000)]
  0x000000001b06c800 JavaThread "Handler for socket connection from /127.0.0.1:64332 to /127.0.0.1:64333" [_thread_in_native, id=15120, stack(0x000000001cb70000,0x000000001cc70000)]
  0x000000001b06a000 JavaThread "Daemon" [_thread_blocked, id=20296, stack(0x000000001ca70000,0x000000001cb70000)]
  0x000000001afed000 JavaThread "Daemon periodic checks" [_thread_blocked, id=14604, stack(0x000000001c770000,0x000000001c870000)]
  0x000000001afea000 JavaThread "Incoming local TCP Connector on port 64332" [_thread_in_native, id=19616, stack(0x000000001c510000,0x000000001c610000)]
  0x0000000019598000 JavaThread "Daemon health stats" [_thread_blocked, id=19212, stack(0x000000001bed0000,0x000000001bfd0000)]
  0x0000000018f63800 JavaThread "Service Thread" daemon [_thread_blocked, id=19512, stack(0x0000000019330000,0x0000000019430000)]
  0x00000000175e2800 JavaThread "C1 CompilerThread2" daemon [_thread_in_native, id=17096, stack(0x0000000018e30000,0x0000000018f30000)]
=>0x00000000175db000 JavaThread "C2 CompilerThread1" daemon [_thread_in_native, id=17860, stack(0x0000000018d30000,0x0000000018e30000)]
  0x00000000175d8800 JavaThread "C2 CompilerThread0" daemon [_thread_in_native, id=12396, stack(0x0000000018c30000,0x0000000018d30000)]
  0x00000000175d7000 JavaThread "Attach Listener" daemon [_thread_blocked, id=1820, stack(0x0000000018b30000,0x0000000018c30000)]
  0x00000000175d5800 JavaThread "Signal Dispatcher" daemon [_thread_blocked, id=12900, stack(0x0000000018a30000,0x0000000018b30000)]
  0x00000000029ab800 JavaThread "Finalizer" daemon [_thread_blocked, id=8136, stack(0x0000000018820000,0x0000000018920000)]
  0x00000000175b9000 JavaThread "Reference Handler" daemon [_thread_blocked, id=5688, stack(0x0000000018720000,0x0000000018820000)]
  0x00000000028ae000 JavaThread "main" [_thread_blocked, id=15616, stack(0x0000000002700000,0x0000000002800000)]

Other Threads:
  0x0000000017597000 VMThread [stack: 0x0000000018620000,0x0000000018720000] [id=11688]
  0x0000000018f64000 WatcherThread [stack: 0x0000000019430000,0x0000000019530000] [id=11104]

VM state:not at safepoint (normal execution)

VM Mutex/Monitor currently owned by a thread: None

heap address: 0x0000000080000000, size: 2048 MB, Compressed Oops mode: 32-bit
Narrow klass base: 0x0000000000000000, Narrow klass shift: 3
Compressed class space size: 1073741824 Address: 0x0000000100000000

Heap:
 PSYoungGen      total 38400K, used 28076K [0x00000000d5580000, 0x00000000da080000, 0x0000000100000000)
  eden space 33280K, 69% used [0x00000000d5580000,0x00000000d6bf0bd0,0x00000000d7600000)
  from space 5120K, 99% used [0x00000000d7b00000,0x00000000d7ffa758,0x00000000d8000000)
  to   space 5120K, 0% used [0x00000000d7600000,0x00000000d7600000,0x00000000d7b00000)
 ParOldGen       total 87552K, used 3679K [0x0000000080000000, 0x0000000085580000, 0x00000000d5580000)
  object space 87552K, 4% used [0x0000000080000000,0x0000000080397de8,0x0000000085580000)
 Metaspace       used 16927K, capacity 17548K, committed 17920K, reserved 1064960K
  class space    used 2296K, capacity 2438K, committed 2560K, reserved 1048576K

Card table byte_map: [0x0000000011d70000,0x0000000012180000] byte_map_base: 0x0000000011970000

Marking Bits: (ParMarkBitMap*) 0x0000000074edf030
 Begin Bits: [0x0000000012830000, 0x0000000014830000)
 End Bits:   [0x0000000014830000, 0x0000000016830000)

Polling page: 0x00000000026a0000

CodeCache: size=245760Kb used=5348Kb max_used=5348Kb free=240412Kb
 bounds [0x00000000029b0000, 0x0000000002ef0000, 0x00000000119b0000]
 total_blobs=1909 nmethods=1510 adapters=312
 compilation: enabled

Compilation events (10 events):
Event: 3.345 Thread 0x00000000175e2800 1508       1       java.util.concurrent.atomic.AtomicInteger::get (5 bytes)
Event: 3.345 Thread 0x00000000175e2800 nmethod 1508 0x0000000002eea110 code [0x0000000002eea260, 0x0000000002eea370]
Event: 3.347 Thread 0x00000000175e2800 1509       3       sun.reflect.ReflectionFactory::checkInitted (19 bytes)
Event: 3.348 Thread 0x00000000175e2800 nmethod 1509 0x0000000002eea3d0 code [0x0000000002eea540, 0x0000000002eea808]
Event: 3.354 Thread 0x00000000175e2800 1510       3       java.lang.invoke.MethodType$ConcurrentWeakInternSet$WeakEntry::<init> (15 bytes)
Event: 3.354 Thread 0x00000000175e2800 nmethod 1510 0x0000000002eea910 code [0x0000000002eeaaa0, 0x0000000002eeae88]
Event: 3.371 Thread 0x00000000175e2800 1514       3       sun.reflect.MethodAccessorImpl::<init> (5 bytes)
Event: 3.371 Thread 0x00000000175e2800 nmethod 1514 0x0000000002eeb010 code [0x0000000002eeb180, 0x0000000002eeb390]
Event: 3.371 Thread 0x00000000175e2800 1513       1       java.lang.reflect.Method::getMethodAccessor (5 bytes)
Event: 3.371 Thread 0x00000000175e2800 nmethod 1513 0x0000000002eeb450 code [0x0000000002eeb5a0, 0x0000000002eeb6b0]

GC Heap History (8 events):
Event: 1.007 GC heap before
{Heap before GC invocations=1 (full 0):
 PSYoungGen      total 38400K, used 33280K [0x00000000d5580000, 0x00000000d8000000, 0x0000000100000000)
  eden space 33280K, 100% used [0x00000000d5580000,0x00000000d7600000,0x00000000d7600000)
  from space 5120K, 0% used [0x00000000d7b00000,0x00000000d7b00000,0x00000000d8000000)
  to   space 5120K, 0% used [0x00000000d7600000,0x00000000d7600000,0x00000000d7b00000)
 ParOldGen       total 87552K, used 0K [0x0000000080000000, 0x0000000085580000, 0x00000000d5580000)
  object space 87552K, 0% used [0x0000000080000000,0x0000000080000000,0x0000000085580000)
 Metaspace       used 7552K, capacity 7850K, committed 8064K, reserved 1056768K
  class space    used 931K, capacity 1041K, committed 1152K, reserved 1048576K
Event: 1.015 GC heap after
Heap after GC invocations=1 (full 0):
 PSYoungGen      total 38400K, used 4529K [0x00000000d5580000, 0x00000000d8000000, 0x0000000100000000)
  eden space 33280K, 0% used [0x00000000d5580000,0x00000000d5580000,0x00000000d7600000)
  from space 5120K, 88% used [0x00000000d7600000,0x00000000d7a6c660,0x00000000d7b00000)
  to   space 5120K, 0% used [0x00000000d7b00000,0x00000000d7b00000,0x00000000d8000000)
 ParOldGen       total 87552K, used 8K [0x0000000080000000, 0x0000000085580000, 0x00000000d5580000)
  object space 87552K, 0% used [0x0000000080000000,0x0000000080002000,0x0000000085580000)
 Metaspace       used 7552K, capacity 7850K, committed 8064K, reserved 1056768K
  class space    used 931K, capacity 1041K, committed 1152K, reserved 1048576K
}
Event: 1.356 GC heap before
{Heap before GC invocations=2 (full 0):
 PSYoungGen      total 38400K, used 37809K [0x00000000d5580000, 0x00000000d8000000, 0x0000000100000000)
  eden space 33280K, 100% used [0x00000000d5580000,0x00000000d7600000,0x00000000d7600000)
  from space 5120K, 88% used [0x00000000d7600000,0x00000000d7a6c660,0x00000000d7b00000)
  to   space 5120K, 0% used [0x00000000d7b00000,0x00000000d7b00000,0x00000000d8000000)
 ParOldGen       total 87552K, used 8K [0x0000000080000000, 0x0000000085580000, 0x00000000d5580000)
  object space 87552K, 0% used [0x0000000080000000,0x0000000080002000,0x0000000085580000)
 Metaspace       used 7797K, capacity 8162K, committed 8320K, reserved 1056768K
  class space    used 958K, capacity 1081K, committed 1152K, reserved 1048576K
Event: 1.362 GC heap after
Heap after GC invocations=2 (full 0):
 PSYoungGen      total 38400K, used 3361K [0x00000000d5580000, 0x00000000da080000, 0x0000000100000000)
  eden space 33280K, 0% used [0x00000000d5580000,0x00000000d5580000,0x00000000d7600000)
  from space 5120K, 65% used [0x00000000d7b00000,0x00000000d7e485e8,0x00000000d8000000)
  to   space 5120K, 0% used [0x00000000d7600000,0x00000000d7600000,0x00000000d7b00000)
 ParOldGen       total 87552K, used 16K [0x0000000080000000, 0x0000000085580000, 0x00000000d5580000)
  object space 87552K, 0% used [0x0000000080000000,0x0000000080004000,0x0000000085580000)
 Metaspace       used 7797K, capacity 8162K, committed 8320K, reserved 1056768K
  class space    used 958K, capacity 1081K, committed 1152K, reserved 1048576K
}
Event: 2.713 GC heap before
{Heap before GC invocations=3 (full 0):
 PSYoungGen      total 38400K, used 36641K [0x00000000d5580000, 0x00000000da080000, 0x0000000100000000)
  eden space 33280K, 100% used [0x00000000d5580000,0x00000000d7600000,0x00000000d7600000)
  from space 5120K, 65% used [0x00000000d7b00000,0x00000000d7e485e8,0x00000000d8000000)
  to   space 5120K, 0% used [0x00000000d7600000,0x00000000d7600000,0x00000000d7b00000)
 ParOldGen       total 87552K, used 16K [0x0000000080000000, 0x0000000085580000, 0x00000000d5580000)
  object space 87552K, 0% used [0x0000000080000000,0x0000000080004000,0x0000000085580000)
 Metaspace       used 12228K, capacity 12584K, committed 12800K, reserved 1060864K
  class space    used 1636K, capacity 1730K, committed 1792K, reserved 1048576K
Event: 2.723 GC heap after
Heap after GC invocations=3 (full 0):
 PSYoungGen      total 38400K, used 5088K [0x00000000d5580000, 0x00000000d8000000, 0x0000000100000000)
  eden space 33280K, 0% used [0x00000000d5580000,0x00000000d5580000,0x00000000d7600000)
  from space 5120K, 99% used [0x00000000d7600000,0x00000000d7af8020,0x00000000d7b00000)
  to   space 5120K, 0% used [0x00000000d7b00000,0x00000000d7b00000,0x00000000d8000000)
 ParOldGen       total 87552K, used 1194K [0x0000000080000000, 0x0000000085580000, 0x00000000d5580000)
  object space 87552K, 1% used [0x0000000080000000,0x000000008012a998,0x0000000085580000)
 Metaspace       used 12228K, capacity 12584K, committed 12800K, reserved 1060864K
  class space    used 1636K, capacity 1730K, committed 1792K, reserved 1048576K
}
Event: 3.137 GC heap before
{Heap before GC invocations=4 (full 0):
 PSYoungGen      total 38400K, used 38368K [0x00000000d5580000, 0x00000000d8000000, 0x0000000100000000)
  eden space 33280K, 100% used [0x00000000d5580000,0x00000000d7600000,0x00000000d7600000)
  from space 5120K, 99% used [0x00000000d7600000,0x00000000d7af8020,0x00000000d7b00000)
  to   space 5120K, 0% used [0x00000000d7b00000,0x00000000d7b00000,0x00000000d8000000)
 ParOldGen       total 87552K, used 1194K [0x0000000080000000, 0x0000000085580000, 0x00000000d5580000)
  object space 87552K, 1% used [0x0000000080000000,0x000000008012a998,0x0000000085580000)
 Metaspace       used 15447K, capacity 16048K, committed 16384K, reserved 1062912K
  class space    used 2042K, capacity 2192K, committed 2304K, reserved 1048576K
Event: 3.148 GC heap after
Heap after GC invocations=4 (full 0):
 PSYoungGen      total 38400K, used 5097K [0x00000000d5580000, 0x00000000da080000, 0x0000000100000000)
  eden space 33280K, 0% used [0x00000000d5580000,0x00000000d5580000,0x00000000d7600000)
  from space 5120K, 99% used [0x00000000d7b00000,0x00000000d7ffa758,0x00000000d8000000)
  to   space 5120K, 0% used [0x00000000d7600000,0x00000000d7600000,0x00000000d7b00000)
 ParOldGen       total 87552K, used 3679K [0x0000000080000000, 0x0000000085580000, 0x00000000d5580000)
  object space 87552K, 4% used [0x0000000080000000,0x0000000080397de8,0x0000000085580000)
 Metaspace       used 15447K, capacity 16048K, committed 16384K, reserved 1062912K
  class space    used 2042K, capacity 2192K, committed 2304K, reserved 1048576K
}

Deoptimization events (10 events):
Event: 2.698 Thread 0x000000001b0ce000 Uncommon trap: reason=bimorphic action=maybe_recompile pc=0x0000000002c5e384 method=java.util.HashMap.putVal(ILjava/lang/Object;Ljava/lang/Object;ZZ)Ljava/lang/Object; @ 253
Event: 2.699 Thread 0x000000001b0ce000 Uncommon trap: reason=bimorphic action=maybe_recompile pc=0x0000000002c5e384 method=java.util.HashMap.putVal(ILjava/lang/Object;Ljava/lang/Object;ZZ)Ljava/lang/Object; @ 253
Event: 2.699 Thread 0x000000001b0ce000 Uncommon trap: reason=bimorphic action=maybe_recompile pc=0x0000000002c5e384 method=java.util.HashMap.putVal(ILjava/lang/Object;Ljava/lang/Object;ZZ)Ljava/lang/Object; @ 253
Event: 2.699 Thread 0x000000001b0ce000 Uncommon trap: reason=bimorphic action=maybe_recompile pc=0x0000000002c5e384 method=java.util.HashMap.putVal(ILjava/lang/Object;Ljava/lang/Object;ZZ)Ljava/lang/Object; @ 253
Event: 2.946 Thread 0x000000001b0ce000 Uncommon trap: reason=class_check action=maybe_recompile pc=0x0000000002cc7798 method=java.util.regex.Matcher.match(II)Z @ 86
Event: 2.947 Thread 0x000000001b0ce000 Uncommon trap: reason=class_check action=maybe_recompile pc=0x0000000002cc7798 method=java.util.regex.Matcher.match(II)Z @ 86
Event: 2.947 Thread 0x000000001b0ce000 Uncommon trap: reason=class_check action=maybe_recompile pc=0x0000000002cc7798 method=java.util.regex.Matcher.match(II)Z @ 86
Event: 2.947 Thread 0x000000001b0ce000 Uncommon trap: reason=class_check action=maybe_recompile pc=0x0000000002b6418c method=java.util.regex.Matcher.match(II)Z @ 86
Event: 3.075 Thread 0x000000001b0ce000 Uncommon trap: reason=unstable_if action=reinterpret pc=0x0000000002cc9c9c method=java.io.File.getName()Ljava/lang/String; @ 16
Event: 3.075 Thread 0x000000001b0ce000 Uncommon trap: reason=unstable_if action=reinterpret pc=0x0000000002ccc294 method=java.lang.String.substring(I)Ljava/lang/String; @ 35

Classes redefined (0 events):
No events

Internal exceptions (10 events):
Event: 2.634 Thread 0x000000001b06c800 Exception <a 'java/lang/NoSuchMethodError': <clinit>> (0x00000000d72cf738) thrown at [C:\src\AOSP-openjdk-git\hotspot\src\share\vm\prims\jni.cpp, line 1615]
Event: 2.635 Thread 0x000000001b06c800 Exception <a 'java/lang/NoSuchMethodError': <clinit>> (0x00000000d72d8e40) thrown at [C:\src\AOSP-openjdk-git\hotspot\src\share\vm\prims\jni.cpp, line 1615]
Event: 2.636 Thread 0x000000001b06c800 Exception <a 'java/lang/NoSuchMethodError': <clinit>> (0x00000000d72ed3f8) thrown at [C:\src\AOSP-openjdk-git\hotspot\src\share\vm\prims\jni.cpp, line 1615]
Event: 2.647 Thread 0x000000001b06c800 Exception <a 'java/lang/NoSuchMethodError': <clinit>> (0x00000000d735aae0) thrown at [C:\src\AOSP-openjdk-git\hotspot\src\share\vm\prims\jni.cpp, line 1615]
Event: 2.654 Thread 0x000000001b06c800 Exception <a 'java/lang/NoSuchMethodError': <clinit>> (0x00000000d7394fc8) thrown at [C:\src\AOSP-openjdk-git\hotspot\src\share\vm\prims\jni.cpp, line 1615]
Event: 2.662 Thread 0x000000001b06c800 Exception <a 'java/lang/NoSuchMethodError': <clinit>> (0x00000000d73cab60) thrown at [C:\src\AOSP-openjdk-git\hotspot\src\share\vm\prims\jni.cpp, line 1615]
Event: 2.664 Thread 0x000000001b06c800 Exception <a 'java/lang/NoSuchMethodError': <clinit>> (0x00000000d73d7090) thrown at [C:\src\AOSP-openjdk-git\hotspot\src\share\vm\prims\jni.cpp, line 1615]
Event: 3.185 Thread 0x000000001b0ce000 Exception <a 'java/lang/NoSuchMethodError': java.lang.Object.lambda$and$0(Ljava/util/function/Predicate;Ljava/lang/Object;)Z> (0x00000000d56b2cd0) thrown at [C:\src\AOSP-openjdk-git\hotspot\src\share\vm\interpreter\linkResolver.cpp, line 620]
Event: 3.192 Thread 0x000000001b0ce000 Exception <a 'java/lang/IncompatibleClassChangeError': Found class java.lang.Object, but interface was expected> (0x00000000d56c2fc8) thrown at [C:\src\AOSP-openjdk-git\hotspot\src\share\vm\interpreter\linkResolver.cpp, line 653]
Event: 3.194 Thread 0x000000001b0ce000 Exception <a 'java/lang/NoSuchMethodError': java.lang.Object.lambda$or$2(Ljava/util/function/Predicate;Ljava/lang/Object;)Z> (0x00000000d56c7b18) thrown at [C:\src\AOSP-openjdk-git\hotspot\src\share\vm\interpreter\linkResolver.cpp, line 620]

Events (10 events):
Event: 3.380 loading class kotlin/LazyKt__LazyJVMKt
Event: 3.380 loading class kotlin/LazyKt__LazyJVMKt done
Event: 3.380 loading class kotlin/LazyKt$WhenMappings
Event: 3.380 loading class kotlin/LazyKt$WhenMappings done
Event: 3.390 loading class kotlin/UnsafeLazyImpl
Event: 3.390 loading class kotlin/UnsafeLazyImpl done
Event: 3.390 loading class kotlin/Lazy
Event: 3.390 loading class kotlin/Lazy done
Event: 3.394 loading class kotlin/UNINITIALIZED_VALUE
Event: 3.394 loading class kotlin/UNINITIALIZED_VALUE done


Dynamic libraries:
0x00007ff6b2240000 - 0x00007ff6b2271000 	C:\Program Files\Android\Android Studio\jre\bin\java.exe
0x00007ff9437f0000 - 0x00007ff9439e5000 	C:\WINDOWS\SYSTEM32\ntdll.dll
0x00007ff93b040000 - 0x00007ff93b053000 	C:\Program Files\AVAST Software\Avast\aswhook.dll
0x00007ff941ae0000 - 0x00007ff941b9d000 	C:\WINDOWS\System32\KERNEL32.DLL
0x00007ff941230000 - 0x00007ff9414f9000 	C:\WINDOWS\System32\KERNELBASE.dll
0x00007ff942180000 - 0x00007ff94222c000 	C:\WINDOWS\System32\ADVAPI32.dll
0x00007ff9420e0000 - 0x00007ff94217e000 	C:\WINDOWS\System32\msvcrt.dll
0x00007ff941dd0000 - 0x00007ff941e6c000 	C:\WINDOWS\System32\sechost.dll
0x00007ff942fc0000 - 0x00007ff9430eb000 	C:\WINDOWS\System32\RPCRT4.dll
0x00007ff941c00000 - 0x00007ff941da0000 	C:\WINDOWS\System32\USER32.dll
0x00007ff941710000 - 0x00007ff941732000 	C:\WINDOWS\System32\win32u.dll
0x00007ff941da0000 - 0x00007ff941dca000 	C:\WINDOWS\System32\GDI32.dll
0x00007ff941740000 - 0x00007ff94184b000 	C:\WINDOWS\System32\gdi32full.dll
0x00007ff9410b0000 - 0x00007ff94114d000 	C:\WINDOWS\System32\msvcp_win.dll
0x00007ff940f30000 - 0x00007ff941030000 	C:\WINDOWS\System32\ucrtbase.dll
0x00007ff922370000 - 0x00007ff92260a000 	C:\WINDOWS\WinSxS\amd64_microsoft.windows.common-controls_6595b64144ccf1df_6.0.19041.844_none_ca00b6081b84eb1d\COMCTL32.dll
0x00007ff9420b0000 - 0x00007ff9420e0000 	C:\WINDOWS\System32\IMM32.DLL
0x0000000074550000 - 0x0000000074622000 	C:\Program Files\Android\Android Studio\jre\jre\bin\msvcr100.dll
0x0000000074710000 - 0x0000000074f5b000 	C:\Program Files\Android\Android Studio\jre\jre\bin\server\jvm.dll
0x00007ff941ef0000 - 0x00007ff941ef8000 	C:\WINDOWS\System32\PSAPI.DLL
0x00007ff9285c0000 - 0x00007ff9285e7000 	C:\WINDOWS\SYSTEM32\WINMM.dll
0x00007ff93b4c0000 - 0x00007ff93b4ca000 	C:\WINDOWS\SYSTEM32\VERSION.dll
0x00007ff93bef0000 - 0x00007ff93bef9000 	C:\WINDOWS\SYSTEM32\WSOCK32.dll
0x00007ff9423f0000 - 0x00007ff94245b000 	C:\WINDOWS\System32\WS2_32.dll
0x00007ff93b5d0000 - 0x00007ff93b5df000 	C:\Program Files\Android\Android Studio\jre\jre\bin\verify.dll
0x00007ff9354d0000 - 0x00007ff9354f9000 	C:\Program Files\Android\Android Studio\jre\jre\bin\java.dll
0x00007ff9375d0000 - 0x00007ff9375e6000 	C:\Program Files\Android\Android Studio\jre\jre\bin\zip.dll
0x00007ff942460000 - 0x00007ff942ba2000 	C:\WINDOWS\System32\SHELL32.dll
0x00007ff93f050000 - 0x00007ff93f7e0000 	C:\WINDOWS\SYSTEM32\windows.storage.dll
0x00007ff942c60000 - 0x00007ff942fb5000 	C:\WINDOWS\System32\combase.dll
0x00007ff940800000 - 0x00007ff94082c000 	C:\WINDOWS\SYSTEM32\Wldp.dll
0x00007ff942bb0000 - 0x00007ff942c5e000 	C:\WINDOWS\System32\SHCORE.dll
0x00007ff941a80000 - 0x00007ff941ad5000 	C:\WINDOWS\System32\shlwapi.dll
0x00007ff940e70000 - 0x00007ff940e8f000 	C:\WINDOWS\SYSTEM32\profapi.dll
0x00007ff9355f0000 - 0x00007ff93560a000 	C:\Program Files\Android\Android Studio\jre\jre\bin\net.dll
0x00007ff9405f0000 - 0x00007ff94065a000 	C:\WINDOWS\system32\mswsock.dll
0x00007ff9354b0000 - 0x00007ff9354c3000 	C:\Program Files\Android\Android Studio\jre\jre\bin\nio.dll
0x00007ff931b90000 - 0x00007ff931bb7000 	C:\Users\EAK\.gradle\native\f6784746aeab05261644944871eae4fe03e0ef1612fff0a4a95f87b438bc6780\windows-amd64\native-platform.dll
0x00007ff92a960000 - 0x00007ff92a96d000 	C:\Program Files\Android\Android Studio\jre\jre\bin\management.dll
0x00007ff9408b0000 - 0x00007ff9408c8000 	C:\WINDOWS\SYSTEM32\CRYPTSP.dll
0x00007ff93ffb0000 - 0x00007ff93ffe4000 	C:\WINDOWS\system32\rsaenh.dll
0x00007ff941080000 - 0x00007ff9410a7000 	C:\WINDOWS\System32\bcrypt.dll
0x00007ff940e30000 - 0x00007ff940e5e000 	C:\WINDOWS\SYSTEM32\USERENV.dll
0x00007ff9411b0000 - 0x00007ff941230000 	C:\WINDOWS\System32\bcryptprimitives.dll
0x00007ff940770000 - 0x00007ff94077c000 	C:\WINDOWS\SYSTEM32\CRYPTBASE.dll
0x00007ff940300000 - 0x00007ff94033b000 	C:\WINDOWS\SYSTEM32\IPHLPAPI.DLL
0x00007ff941930000 - 0x00007ff941938000 	C:\WINDOWS\System32\NSI.dll
0x00007ff93aa10000 - 0x00007ff93aa27000 	C:\WINDOWS\SYSTEM32\dhcpcsvc6.DLL
0x00007ff93ad80000 - 0x00007ff93ad9d000 	C:\WINDOWS\SYSTEM32\dhcpcsvc.DLL
0x00007ff940340000 - 0x00007ff94040b000 	C:\WINDOWS\SYSTEM32\DNSAPI.dll
0x00007ff93af90000 - 0x00007ff93af9b000 	C:\WINDOWS\SYSTEM32\WINNSI.DLL

VM Arguments:
jvm_args: -Xmx2048m -Dfile.encoding=UTF-8 -Duser.country=BR -Duser.language=pt -Duser.variant 
java_command: org.gradle.launcher.daemon.bootstrap.GradleDaemon 6.5
java_class_path (initial): C:\Users\EAK\.gradle\wrapper\dists\gradle-6.5-bin\6nifqtx7604sqp1q6g8wikw7p\gradle-6.5\lib\gradle-launcher-6.5.jar
Launcher Type: SUN_STANDARD

Environment Variables:
JAVA_HOME=C:\ProgramData\Microsoft\Windows\Start Menu\Programs\Java Development Kit
PATH=C:\Python27\;C:\Python27\Scripts;"C:\Program Files (x86)\Common Files\Oracle\Java\javapath;C:\ProgramData\Microsoft\Windows\Start Menu\Programs\Java Development Kit\bin";C:\Program Files (x86)\Intel\iCLS Client\;C:\Program Files\Intel\iCLS Client\;C:\ProgramData\Oracle\Java\javapath;C:\Windows\system32;C:\Windows;C:\Windows\System32\Wbem;C:\Windows\System32\WindowsPowerShell\v1.0\;C:\Program Files (x86)\NVIDIA Corporation\PhysX\Common;C:\Program Files (x86)\Windows Live\Shared;C:\WINDOWS\system32;C:\WINDOWS;C:\WINDOWS\System32\Wbem;C:\WINDOWS\System32\WindowsPowerShell\v1.0\;C:\Program Files (x86)\Intel\Intel(R) Management Engine Components\DAL;C:\Program Files\Intel\Intel(R) Management Engine Components\DAL;C:\Program Files (x86)\Intel\Intel(R) Management Engine Components\IPT;C:\Program Files\Intel\Intel(R) Management Engine Components\IPT;C:\WINDOWS\System32\OpenSSH\;C:\Program Files\NVIDIA Corporation\NVIDIA NvDLISR;C:\WINDOWS\system32;C:\WINDOWS;C:\WINDOWS\System32\Wbem;C:\WINDOWS\System32\WindowsPowerShell\v1.0\;C:\WINDOWS\System32\OpenSSH\;C:\Program Files\nodejs\;C:\Program Files\dotnet\;C:\Program Files\Microsoft SQL Server\130\Tools\Binn\;C:\Program Files\Microsoft SQL Server\Client SDK\ODBC\170\Tools\Binn\;C:\Program Files\Git\cmd;C:\Program Files (x86)\dotnet\;C:\Program Files\MySQL\MySQL Shell 8.0\bin\;C:\Users\EAK\AppData\Local\Microsoft\WindowsApps;C:\Users\EAK\AppData\Local\GitHubDesktop\bin;C:\Users\EAK\AppData\Roaming\npm;
USERNAME=EAK
OS=Windows_NT
PROCESSOR_IDENTIFIER=Intel64 Family 6 Model 61 Stepping 4, GenuineIntel



---------------  S Y S T E M  ---------------

OS: Windows 10.0 , 64 bit Build 19041 (10.0.19041.804)

CPU:total 4 (initial active 4) (2 cores per cpu, 2 threads per core) family 6 model 61 stepping 4, cmov, cx8, fxsr, mmx, sse, sse2, sse3, ssse3, sse4.1, sse4.2, popcnt, avx, avx2, aes, clmul, erms, 3dnowpref, lzcnt, ht, tsc, tscinvbit, bmi1, bmi2, adx

Memory: 4k page, physical 8296648k(963628k free), swap 8757448k(6432k free)

vm_info: OpenJDK 64-Bit Server VM (25.242-b01) for windows-amd64 JRE (1.8.0_242-release-1644-b01), built by "builder" with MS VC++ 10.0 (VS2010)

time: Sat Apr 24 19:33:12 2021
timezone: Hora oficial do Brasil
elapsed time: 3 seconds (0d 0h 0m 3s)

