#
# There is insufficient memory for the Java Runtime Environment to continue.
# Native memory allocation (malloc) failed to allocate 1942992 bytes for Chunk::new
# Possible reasons:
#   The system is out of physical RAM or swap space
#   The process is running with CompressedOops enabled, and the Java Heap may be blocking the growth of the native heap
# Possible solutions:
#   Reduce memory load on the system
#   Increase physical memory or swap space
#   Check if swap backing store is full
#   Decrease Java heap size (-Xmx/-Xms)
#   Decrease number of Java threads
#   Decrease Java thread stack sizes (-Xss)
#   Set larger code cache with -XX:ReservedCodeCacheSize=
#   JVM is running with Unscaled Compressed Oops mode in which the Java heap is
#     placed in the first 4GB address space. The Java Heap base address is the
#     maximum limit for the native heap growth. Please use -XX:HeapBaseMinAddress
#     to set the Java Heap base and to place the Java Heap above 4GB virtual address.
# This output file may be truncated or incomplete.
#
#  Out of Memory Error (allocation.cpp:389), pid=20436, tid=0x0000000000002110
#
# JRE version: OpenJDK Runtime Environment (8.0_242-b01) (build 1.8.0_242-release-1644-b01)
# Java VM: OpenJDK 64-Bit Server VM (25.242-b01 mixed mode windows-amd64 compressed oops)
# Failed to write core dump. Minidumps are not enabled by default on client versions of Windows
#

---------------  T H R E A D  ---------------

Current thread (0x00000000179bb000):  JavaThread "C2 CompilerThread1" daemon [_thread_in_native, id=8464, stack(0x0000000019120000,0x0000000019220000)]

Stack: [0x0000000019120000,0x0000000019220000]
[error occurred during error reporting (printing stack bounds), id 0xc0000005]

Native frames: (J=compiled Java code, j=interpreted, Vv=VM code, C=native code)


Current CompileTask:
C2:   3867 1473       4       java.net.URLClassLoader$1::run (5 bytes)


---------------  P R O C E S S  ---------------

Java Threads: ( => current thread )
  0x000000001b4ca000 JavaThread "Cache worker for file hash cache (C:\Users\EAK\.gradle\caches\6.5\fileHashes)" [_thread_blocked, id=14744, stack(0x000000001da60000,0x000000001db60000)]
  0x000000001b4ca800 JavaThread "File lock request listener" [_thread_in_native, id=15880, stack(0x000000001d960000,0x000000001da60000)]
  0x000000001ad15000 JavaThread "Cache worker for journal cache (C:\Users\EAK\.gradle\caches\journal-1)" [_thread_blocked, id=16172, stack(0x000000001d760000,0x000000001d860000)]
  0x000000001b46d800 JavaThread "Thread-9" [_thread_blocked, id=18528, stack(0x000000001d460000,0x000000001d560000)]
  0x000000001b48a800 JavaThread "Stdin handler" [_thread_blocked, id=19692, stack(0x000000001d360000,0x000000001d460000)]
  0x000000001b486800 JavaThread "Asynchronous log dispatcher for DefaultDaemonConnection: socket connection from /127.0.0.1:64345 to /127.0.0.1:64346" [_thread_blocked, id=13260, stack(0x000000001d260000,0x000000001d360000)]
  0x000000001b466000 JavaThread "Daemon worker" [_thread_in_Java, id=18260, stack(0x000000001d160000,0x000000001d260000)]
  0x000000001b465000 JavaThread "Cancel handler" [_thread_blocked, id=11792, stack(0x000000001d060000,0x000000001d160000)]
  0x000000001b3ef000 JavaThread "Handler for socket connection from /127.0.0.1:64345 to /127.0.0.1:64346" [_thread_in_native, id=15040, stack(0x000000001cf60000,0x000000001d060000)]
  0x000000001b433800 JavaThread "Daemon" [_thread_blocked, id=22152, stack(0x000000001ce60000,0x000000001cf60000)]
  0x000000001b434800 JavaThread "Daemon periodic checks" [_thread_blocked, id=23368, stack(0x000000001cb60000,0x000000001cc60000)]
  0x000000001b3b7000 JavaThread "Incoming local TCP Connector on port 64345" [_thread_in_native, id=19544, stack(0x000000001c900000,0x000000001ca00000)]
  0x00000000196c6000 JavaThread "Daemon health stats" [_thread_blocked, id=21784, stack(0x000000001c2c0000,0x000000001c3c0000)]
  0x0000000019350800 JavaThread "Service Thread" daemon [_thread_blocked, id=5416, stack(0x0000000019720000,0x0000000019820000)]
  0x00000000179c0000 JavaThread "C1 CompilerThread2" daemon [_thread_blocked, id=3728, stack(0x0000000019220000,0x0000000019320000)]
=>0x00000000179bb000 JavaThread "C2 CompilerThread1" daemon [_thread_in_native, id=8464, stack(0x0000000019120000,0x0000000019220000)]
  0x00000000179b8800 JavaThread "C2 CompilerThread0" daemon [_thread_in_native, id=22704, stack(0x0000000019020000,0x0000000019120000)]
  0x00000000179b7000 JavaThread "Attach Listener" daemon [_thread_blocked, id=1704, stack(0x0000000018f20000,0x0000000019020000)]
  0x00000000179b5800 JavaThread "Signal Dispatcher" daemon [_thread_blocked, id=8200, stack(0x0000000018e20000,0x0000000018f20000)]
  0x0000000002d8b800 JavaThread "Finalizer" daemon [_thread_blocked, id=20840, stack(0x0000000018c10000,0x0000000018d10000)]
  0x0000000017999000 JavaThread "Reference Handler" daemon [_thread_blocked, id=11984, stack(0x0000000018b10000,0x0000000018c10000)]
  0x000000000138e000 JavaThread "main" [_thread_blocked, id=13944, stack(0x0000000002b90000,0x0000000002c90000)]

Other Threads:
  0x0000000017977000 VMThread [stack: 0x0000000018a10000,0x0000000018b10000] [id=9768]
  0x0000000017a0e000 WatcherThread [stack: 0x0000000019820000,0x0000000019920000] [id=8572]

VM state:not at safepoint (normal execution)

VM Mutex/Monitor currently owned by a thread:  ([mutex/lock_event])
[0x000000000138d1a0] SystemDictionary_lock - owner thread: 0x0000000000000000

heap address: 0x0000000080000000, size: 2048 MB, Compressed Oops mode: 32-bit
Narrow klass base: 0x0000000000000000, Narrow klass shift: 3
Compressed class space size: 1073741824 Address: 0x0000000100000000

Heap:
 PSYoungGen      total 38400K, used 9220K [0x00000000d5580000, 0x00000000da080000, 0x0000000100000000)
  eden space 33280K, 12% used [0x00000000d5580000,0x00000000d59850b8,0x00000000d7600000)
  from space 5120K, 99% used [0x00000000d7600000,0x00000000d7afc030,0x00000000d7b00000)
  to   space 5120K, 0% used [0x00000000d7b00000,0x00000000d7b00000,0x00000000d8000000)
 ParOldGen       total 87552K, used 6691K [0x0000000080000000, 0x0000000085580000, 0x00000000d5580000)
  object space 87552K, 7% used [0x0000000080000000,0x0000000080688c80,0x0000000085580000)
 Metaspace       used 18357K, capacity 18976K, committed 19200K, reserved 1064960K
  class space    used 2509K, capacity 2699K, committed 2816K, reserved 1048576K

Card table byte_map: [0x0000000012150000,0x0000000012560000] byte_map_base: 0x0000000011d50000

Marking Bits: (ParMarkBitMap*) 0x0000000074edf030
 Begin Bits: [0x0000000012c10000, 0x0000000014c10000)
 End Bits:   [0x0000000014c10000, 0x0000000016c10000)

Polling page: 0x00000000012e0000

CodeCache: size=245760Kb used=5616Kb max_used=5616Kb free=240143Kb
 bounds [0x0000000002d90000, 0x0000000003310000, 0x0000000011d90000]
 total_blobs=2036 nmethods=1625 adapters=324
 compilation: enabled

Compilation events (10 events):
Event: 3.826 Thread 0x00000000179c0000 1629       3       java.lang.Class::privateGetDeclaredMethods (67 bytes)
Event: 3.827 Thread 0x00000000179c0000 nmethod 1629 0x000000000330a550 code [0x000000000330a740, 0x000000000330b068]
Event: 3.827 Thread 0x00000000179c0000 1627       3       sun.reflect.generics.tree.ClassTypeSignature::accept (8 bytes)
Event: 3.827 Thread 0x00000000179c0000 nmethod 1627 0x000000000330b410 code [0x000000000330b580, 0x000000000330b768]
Event: 3.827 Thread 0x00000000179c0000 1628       3       sun.misc.ProxyGenerator::access$700 (7 bytes)
Event: 3.827 Thread 0x00000000179c0000 nmethod 1628 0x000000000330b850 code [0x000000000330b9c0, 0x000000000330bba8]
Event: 3.828 Thread 0x00000000179c0000 1630       3       sun.misc.ProxyGenerator$ExceptionTableEntry::<init> (26 bytes)
Event: 3.828 Thread 0x00000000179c0000 nmethod 1630 0x000000000330bcd0 code [0x000000000330be20, 0x000000000330bfd0]
Event: 3.830 Thread 0x00000000179c0000 1631       3       com.google.common.base.Preconditions::checkPositionIndex (8 bytes)
Event: 3.830 Thread 0x00000000179c0000 nmethod 1631 0x000000000330c090 code [0x000000000330c220, 0x000000000330c518]

GC Heap History (10 events):
Event: 1.231 GC heap before
{Heap before GC invocations=1 (full 0):
 PSYoungGen      total 38400K, used 33280K [0x00000000d5580000, 0x00000000d8000000, 0x0000000100000000)
  eden space 33280K, 100% used [0x00000000d5580000,0x00000000d7600000,0x00000000d7600000)
  from space 5120K, 0% used [0x00000000d7b00000,0x00000000d7b00000,0x00000000d8000000)
  to   space 5120K, 0% used [0x00000000d7600000,0x00000000d7600000,0x00000000d7b00000)
 ParOldGen       total 87552K, used 0K [0x0000000080000000, 0x0000000085580000, 0x00000000d5580000)
  object space 87552K, 0% used [0x0000000080000000,0x0000000080000000,0x0000000085580000)
 Metaspace       used 7567K, capacity 7914K, committed 8064K, reserved 1056768K
  class space    used 931K, capacity 1041K, committed 1152K, reserved 1048576K
Event: 1.240 GC heap after
Heap after GC invocations=1 (full 0):
 PSYoungGen      total 38400K, used 4488K [0x00000000d5580000, 0x00000000d8000000, 0x0000000100000000)
  eden space 33280K, 0% used [0x00000000d5580000,0x00000000d5580000,0x00000000d7600000)
  from space 5120K, 87% used [0x00000000d7600000,0x00000000d7a62048,0x00000000d7b00000)
  to   space 5120K, 0% used [0x00000000d7b00000,0x00000000d7b00000,0x00000000d8000000)
 ParOldGen       total 87552K, used 8K [0x0000000080000000, 0x0000000085580000, 0x00000000d5580000)
  object space 87552K, 0% used [0x0000000080000000,0x0000000080002000,0x0000000085580000)
 Metaspace       used 7567K, capacity 7914K, committed 8064K, reserved 1056768K
  class space    used 931K, capacity 1041K, committed 1152K, reserved 1048576K
}
Event: 1.583 GC heap before
{Heap before GC invocations=2 (full 0):
 PSYoungGen      total 38400K, used 37768K [0x00000000d5580000, 0x00000000d8000000, 0x0000000100000000)
  eden space 33280K, 100% used [0x00000000d5580000,0x00000000d7600000,0x00000000d7600000)
  from space 5120K, 87% used [0x00000000d7600000,0x00000000d7a62048,0x00000000d7b00000)
  to   space 5120K, 0% used [0x00000000d7b00000,0x00000000d7b00000,0x00000000d8000000)
 ParOldGen       total 87552K, used 8K [0x0000000080000000, 0x0000000085580000, 0x00000000d5580000)
  object space 87552K, 0% used [0x0000000080000000,0x0000000080002000,0x0000000085580000)
 Metaspace       used 7812K, capacity 8162K, committed 8320K, reserved 1056768K
  class space    used 958K, capacity 1081K, committed 1152K, reserved 1048576K
Event: 1.587 GC heap after
Heap after GC invocations=2 (full 0):
 PSYoungGen      total 38400K, used 3313K [0x00000000d5580000, 0x00000000d8000000, 0x0000000100000000)
  eden space 33280K, 0% used [0x00000000d5580000,0x00000000d5580000,0x00000000d7600000)
  from space 5120K, 64% used [0x00000000d7b00000,0x00000000d7e3c5f8,0x00000000d8000000)
  to   space 5120K, 0% used [0x00000000d7600000,0x00000000d7600000,0x00000000d7b00000)
 ParOldGen       total 87552K, used 24K [0x0000000080000000, 0x0000000085580000, 0x00000000d5580000)
  object space 87552K, 0% used [0x0000000080000000,0x0000000080006000,0x0000000085580000)
 Metaspace       used 7812K, capacity 8162K, committed 8320K, reserved 1056768K
  class space    used 958K, capacity 1081K, committed 1152K, reserved 1048576K
}
Event: 2.947 GC heap before
{Heap before GC invocations=3 (full 0):
 PSYoungGen      total 38400K, used 36593K [0x00000000d5580000, 0x00000000d8000000, 0x0000000100000000)
  eden space 33280K, 100% used [0x00000000d5580000,0x00000000d7600000,0x00000000d7600000)
  from space 5120K, 64% used [0x00000000d7b00000,0x00000000d7e3c5f8,0x00000000d8000000)
  to   space 5120K, 0% used [0x00000000d7600000,0x00000000d7600000,0x00000000d7b00000)
 ParOldGen       total 87552K, used 24K [0x0000000080000000, 0x0000000085580000, 0x00000000d5580000)
  object space 87552K, 0% used [0x0000000080000000,0x0000000080006000,0x0000000085580000)
 Metaspace       used 12238K, capacity 12584K, committed 12800K, reserved 1060864K
  class space    used 1636K, capacity 1730K, committed 1792K, reserved 1048576K
Event: 2.954 GC heap after
Heap after GC invocations=3 (full 0):
 PSYoungGen      total 38400K, used 5088K [0x00000000d5580000, 0x00000000d8000000, 0x0000000100000000)
  eden space 33280K, 0% used [0x00000000d5580000,0x00000000d5580000,0x00000000d7600000)
  from space 5120K, 99% used [0x00000000d7600000,0x00000000d7af8020,0x00000000d7b00000)
  to   space 5120K, 0% used [0x00000000d7b00000,0x00000000d7b00000,0x00000000d8000000)
 ParOldGen       total 87552K, used 1216K [0x0000000080000000, 0x0000000085580000, 0x00000000d5580000)
  object space 87552K, 1% used [0x0000000080000000,0x0000000080130260,0x0000000085580000)
 Metaspace       used 12238K, capacity 12584K, committed 12800K, reserved 1060864K
  class space    used 1636K, capacity 1730K, committed 1792K, reserved 1048576K
}
Event: 3.377 GC heap before
{Heap before GC invocations=4 (full 0):
 PSYoungGen      total 38400K, used 38368K [0x00000000d5580000, 0x00000000d8000000, 0x0000000100000000)
  eden space 33280K, 100% used [0x00000000d5580000,0x00000000d7600000,0x00000000d7600000)
  from space 5120K, 99% used [0x00000000d7600000,0x00000000d7af8020,0x00000000d7b00000)
  to   space 5120K, 0% used [0x00000000d7b00000,0x00000000d7b00000,0x00000000d8000000)
 ParOldGen       total 87552K, used 1216K [0x0000000080000000, 0x0000000085580000, 0x00000000d5580000)
  object space 87552K, 1% used [0x0000000080000000,0x0000000080130260,0x0000000085580000)
 Metaspace       used 15459K, capacity 16048K, committed 16384K, reserved 1062912K
  class space    used 2043K, capacity 2192K, committed 2304K, reserved 1048576K
Event: 3.387 GC heap after
Heap after GC invocations=4 (full 0):
 PSYoungGen      total 38400K, used 5113K [0x00000000d5580000, 0x00000000da080000, 0x0000000100000000)
  eden space 33280K, 0% used [0x00000000d5580000,0x00000000d5580000,0x00000000d7600000)
  from space 5120K, 99% used [0x00000000d7b00000,0x00000000d7ffe768,0x00000000d8000000)
  to   space 5120K, 0% used [0x00000000d7600000,0x00000000d7600000,0x00000000d7b00000)
 ParOldGen       total 87552K, used 3623K [0x0000000080000000, 0x0000000085580000, 0x00000000d5580000)
  object space 87552K, 4% used [0x0000000080000000,0x0000000080389cd8,0x0000000085580000)
 Metaspace       used 15459K, capacity 16048K, committed 16384K, reserved 1062912K
  class space    used 2043K, capacity 2192K, committed 2304K, reserved 1048576K
}
Event: 3.786 GC heap before
{Heap before GC invocations=5 (full 0):
 PSYoungGen      total 38400K, used 38393K [0x00000000d5580000, 0x00000000da080000, 0x0000000100000000)
  eden space 33280K, 100% used [0x00000000d5580000,0x00000000d7600000,0x00000000d7600000)
  from space 5120K, 99% used [0x00000000d7b00000,0x00000000d7ffe768,0x00000000d8000000)
  to   space 5120K, 0% used [0x00000000d7600000,0x00000000d7600000,0x00000000d7b00000)
 ParOldGen       total 87552K, used 3623K [0x0000000080000000, 0x0000000085580000, 0x00000000d5580000)
  object space 87552K, 4% used [0x0000000080000000,0x0000000080389cd8,0x0000000085580000)
 Metaspace       used 17835K, capacity 18448K, committed 18560K, reserved 1064960K
  class space    used 2449K, capacity 2632K, committed 2688K, reserved 1048576K
Event: 3.800 GC heap after
Heap after GC invocations=5 (full 0):
 PSYoungGen      total 38400K, used 5104K [0x00000000d5580000, 0x00000000da080000, 0x0000000100000000)
  eden space 33280K, 0% used [0x00000000d5580000,0x00000000d5580000,0x00000000d7600000)
  from space 5120K, 99% used [0x00000000d7600000,0x00000000d7afc030,0x00000000d7b00000)
  to   space 5120K, 0% used [0x00000000d7b00000,0x00000000d7b00000,0x00000000d8000000)
 ParOldGen       total 87552K, used 6691K [0x0000000080000000, 0x0000000085580000, 0x00000000d5580000)
  object space 87552K, 7% used [0x0000000080000000,0x0000000080688c80,0x0000000085580000)
 Metaspace       used 17835K, capacity 18448K, committed 18560K, reserved 1064960K
  class space    used 2449K, capacity 2632K, committed 2688K, reserved 1048576K
}

Deoptimization events (10 events):
Event: 3.212 Thread 0x000000001b466000 Uncommon trap: reason=class_check action=maybe_recompile pc=0x00000000030d4698 method=java.util.regex.Matcher.match(II)Z @ 86
Event: 3.212 Thread 0x000000001b466000 Uncommon trap: reason=class_check action=maybe_recompile pc=0x0000000002f65510 method=java.util.regex.Matcher.match(II)Z @ 86
Event: 3.341 Thread 0x000000001b466000 Uncommon trap: reason=unstable_if action=reinterpret pc=0x00000000030bffdc method=java.io.File.getName()Ljava/lang/String; @ 16
Event: 3.341 Thread 0x000000001b466000 Uncommon trap: reason=unstable_if action=reinterpret pc=0x00000000030c62d4 method=java.lang.String.substring(I)Ljava/lang/String; @ 35
Event: 3.628 Thread 0x000000001b466000 Uncommon trap: reason=unstable_if action=reinterpret pc=0x00000000030c0ab0 method=java.util.LinkedHashMap.afterNodeInsertion(Z)V @ 1
Event: 3.629 Thread 0x000000001b466000 Uncommon trap: reason=unstable_if action=reinterpret pc=0x00000000030043bc method=java.util.HashMap.getNode(ILjava/lang/Object;)Ljava/util/HashMap$Node; @ 129
Event: 3.629 Thread 0x000000001b466000 Uncommon trap: reason=bimorphic action=maybe_recompile pc=0x00000000032505d0 method=java.util.HashMap.putVal(ILjava/lang/Object;Ljava/lang/Object;ZZ)Ljava/lang/Object; @ 203
Event: 3.632 Thread 0x000000001b466000 Uncommon trap: reason=unstable_if action=reinterpret pc=0x0000000003006850 method=java.util.HashMap.getNode(ILjava/lang/Object;)Ljava/util/HashMap$Node; @ 129
Event: 3.632 Thread 0x000000001b466000 Uncommon trap: reason=bimorphic action=maybe_recompile pc=0x00000000032505d0 method=java.util.HashMap.putVal(ILjava/lang/Object;Ljava/lang/Object;ZZ)Ljava/lang/Object; @ 203
Event: 3.775 Thread 0x000000001b466000 Uncommon trap: reason=unstable_if action=reinterpret pc=0x00000000032b3f8c method=java.util.jar.Attributes$Name.isDigit(C)Z @ 3

Classes redefined (0 events):
No events

Internal exceptions (10 events):
Event: 2.869 Thread 0x000000001b3ef000 Exception <a 'java/lang/NoSuchMethodError': <clinit>> (0x00000000d72d8310) thrown at [C:\src\AOSP-openjdk-git\hotspot\src\share\vm\prims\jni.cpp, line 1615]
Event: 2.871 Thread 0x000000001b3ef000 Exception <a 'java/lang/NoSuchMethodError': <clinit>> (0x00000000d72ec8c8) thrown at [C:\src\AOSP-openjdk-git\hotspot\src\share\vm\prims\jni.cpp, line 1615]
Event: 2.882 Thread 0x000000001b3ef000 Exception <a 'java/lang/NoSuchMethodError': <clinit>> (0x00000000d7359f50) thrown at [C:\src\AOSP-openjdk-git\hotspot\src\share\vm\prims\jni.cpp, line 1615]
Event: 2.888 Thread 0x000000001b3ef000 Exception <a 'java/lang/NoSuchMethodError': <clinit>> (0x00000000d7394458) thrown at [C:\src\AOSP-openjdk-git\hotspot\src\share\vm\prims\jni.cpp, line 1615]
Event: 2.900 Thread 0x000000001b3ef000 Exception <a 'java/lang/NoSuchMethodError': <clinit>> (0x00000000d73c9fd8) thrown at [C:\src\AOSP-openjdk-git\hotspot\src\share\vm\prims\jni.cpp, line 1615]
Event: 2.905 Thread 0x000000001b3ef000 Exception <a 'java/lang/NoSuchMethodError': <clinit>> (0x00000000d73d6508) thrown at [C:\src\AOSP-openjdk-git\hotspot\src\share\vm\prims\jni.cpp, line 1615]
Event: 3.424 Thread 0x000000001b466000 Exception <a 'java/lang/NoSuchMethodError': java.lang.Object.lambda$and$0(Ljava/util/function/Predicate;Ljava/lang/Object;)Z> (0x00000000d56b2cc0) thrown at [C:\src\AOSP-openjdk-git\hotspot\src\share\vm\interpreter\linkResolver.cpp, line 620]
Event: 3.430 Thread 0x000000001b466000 Exception <a 'java/lang/IncompatibleClassChangeError': Found class java.lang.Object, but interface was expected> (0x00000000d56c2fb8) thrown at [C:\src\AOSP-openjdk-git\hotspot\src\share\vm\interpreter\linkResolver.cpp, line 653]
Event: 3.432 Thread 0x000000001b466000 Exception <a 'java/lang/NoSuchMethodError': java.lang.Object.lambda$or$2(Ljava/util/function/Predicate;Ljava/lang/Object;)Z> (0x00000000d56c7b08) thrown at [C:\src\AOSP-openjdk-git\hotspot\src\share\vm\interpreter\linkResolver.cpp, line 620]
Event: 3.678 Thread 0x000000001b466000 Exception <a 'java/lang/NoSuchMethodError': java.lang.Object.lambda$static$0(Lorg/gradle/internal/state/ModelObject;)Ljava/lang/String;> (0x00000000d6eab9b0) thrown at [C:\src\AOSP-openjdk-git\hotspot\src\share\vm\interpreter\linkResolver.cpp, line 620]

Events (10 events):
Event: 3.854 loading class org/objectweb/asm/SymbolTable$Entry
Event: 3.854 loading class org/objectweb/asm/SymbolTable$Entry done
Event: 3.855 loading class org/objectweb/asm/ByteVector
Event: 3.855 loading class org/objectweb/asm/ByteVector done
Event: 3.859 loading class org/objectweb/asm/MethodTooLargeException
Event: 3.859 loading class org/objectweb/asm/MethodTooLargeException done
Event: 3.862 loading class org/objectweb/asm/Frame
Event: 3.862 loading class org/objectweb/asm/Frame done
Event: 3.863 loading class org/objectweb/asm/CurrentFrame
Event: 3.863 loading class org/objectweb/asm/CurrentFrame done


Dynamic libraries:
0x00007ff6b2240000 - 0x00007ff6b2271000 	C:\Program Files\Android\Android Studio\jre\bin\java.exe
0x00007ff9437f0000 - 0x00007ff9439e5000 	C:\WINDOWS\SYSTEM32\ntdll.dll
0x00007ff93b040000 - 0x00007ff93b053000 	C:\Program Files\AVAST Software\Avast\aswhook.dll
0x00007ff941ae0000 - 0x00007ff941b9d000 	C:\WINDOWS\System32\KERNEL32.DLL
0x00007ff941230000 - 0x00007ff9414f9000 	C:\WINDOWS\System32\KERNELBASE.dll
0x00007ff942180000 - 0x00007ff94222c000 	C:\WINDOWS\System32\ADVAPI32.dll
0x00007ff9420e0000 - 0x00007ff94217e000 	C:\WINDOWS\System32\msvcrt.dll
0x00007ff941dd0000 - 0x00007ff941e6c000 	C:\WINDOWS\System32\sechost.dll
0x00007ff942fc0000 - 0x00007ff9430eb000 	C:\WINDOWS\System32\RPCRT4.dll
0x00007ff941c00000 - 0x00007ff941da0000 	C:\WINDOWS\System32\USER32.dll
0x00007ff941710000 - 0x00007ff941732000 	C:\WINDOWS\System32\win32u.dll
0x00007ff941da0000 - 0x00007ff941dca000 	C:\WINDOWS\System32\GDI32.dll
0x00007ff941740000 - 0x00007ff94184b000 	C:\WINDOWS\System32\gdi32full.dll
0x00007ff9410b0000 - 0x00007ff94114d000 	C:\WINDOWS\System32\msvcp_win.dll
0x00007ff940f30000 - 0x00007ff941030000 	C:\WINDOWS\System32\ucrtbase.dll
0x00007ff922370000 - 0x00007ff92260a000 	C:\WINDOWS\WinSxS\amd64_microsoft.windows.common-controls_6595b64144ccf1df_6.0.19041.844_none_ca00b6081b84eb1d\COMCTL32.dll
0x00007ff9420b0000 - 0x00007ff9420e0000 	C:\WINDOWS\System32\IMM32.DLL
0x0000000074550000 - 0x0000000074622000 	C:\Program Files\Android\Android Studio\jre\jre\bin\msvcr100.dll
0x0000000074710000 - 0x0000000074f5b000 	C:\Program Files\Android\Android Studio\jre\jre\bin\server\jvm.dll
0x00007ff941ef0000 - 0x00007ff941ef8000 	C:\WINDOWS\System32\PSAPI.DLL
0x00007ff93bef0000 - 0x00007ff93bef9000 	C:\WINDOWS\SYSTEM32\WSOCK32.dll
0x00007ff9423f0000 - 0x00007ff94245b000 	C:\WINDOWS\System32\WS2_32.dll
0x00007ff9285c0000 - 0x00007ff9285e7000 	C:\WINDOWS\SYSTEM32\WINMM.dll
0x00007ff93b4c0000 - 0x00007ff93b4ca000 	C:\WINDOWS\SYSTEM32\VERSION.dll
0x00007ff93b5d0000 - 0x00007ff93b5df000 	C:\Program Files\Android\Android Studio\jre\jre\bin\verify.dll
0x00007ff9354d0000 - 0x00007ff9354f9000 	C:\Program Files\Android\Android Studio\jre\jre\bin\java.dll
0x00007ff9375d0000 - 0x00007ff9375e6000 	C:\Program Files\Android\Android Studio\jre\jre\bin\zip.dll
0x00007ff942460000 - 0x00007ff942ba2000 	C:\WINDOWS\System32\SHELL32.dll
0x00007ff93f050000 - 0x00007ff93f7e0000 	C:\WINDOWS\SYSTEM32\windows.storage.dll
0x00007ff942c60000 - 0x00007ff942fb5000 	C:\WINDOWS\System32\combase.dll
0x00007ff940800000 - 0x00007ff94082c000 	C:\WINDOWS\SYSTEM32\Wldp.dll
0x00007ff942bb0000 - 0x00007ff942c5e000 	C:\WINDOWS\System32\SHCORE.dll
0x00007ff941a80000 - 0x00007ff941ad5000 	C:\WINDOWS\System32\shlwapi.dll
0x00007ff940e70000 - 0x00007ff940e8f000 	C:\WINDOWS\SYSTEM32\profapi.dll
0x00007ff9355f0000 - 0x00007ff93560a000 	C:\Program Files\Android\Android Studio\jre\jre\bin\net.dll
0x00007ff9405f0000 - 0x00007ff94065a000 	C:\WINDOWS\system32\mswsock.dll
0x00007ff9354b0000 - 0x00007ff9354c3000 	C:\Program Files\Android\Android Studio\jre\jre\bin\nio.dll
0x00007ff931b90000 - 0x00007ff931bb7000 	C:\Users\EAK\.gradle\native\f6784746aeab05261644944871eae4fe03e0ef1612fff0a4a95f87b438bc6780\windows-amd64\native-platform.dll
0x00007ff92a960000 - 0x00007ff92a96d000 	C:\Program Files\Android\Android Studio\jre\jre\bin\management.dll
0x00007ff9408b0000 - 0x00007ff9408c8000 	C:\WINDOWS\SYSTEM32\CRYPTSP.dll
0x00007ff93ffb0000 - 0x00007ff93ffe4000 	C:\WINDOWS\system32\rsaenh.dll
0x00007ff941080000 - 0x00007ff9410a7000 	C:\WINDOWS\System32\bcrypt.dll
0x00007ff940e30000 - 0x00007ff940e5e000 	C:\WINDOWS\SYSTEM32\USERENV.dll
0x00007ff9411b0000 - 0x00007ff941230000 	C:\WINDOWS\System32\bcryptprimitives.dll
0x00007ff940770000 - 0x00007ff94077c000 	C:\WINDOWS\SYSTEM32\CRYPTBASE.dll
0x00007ff940300000 - 0x00007ff94033b000 	C:\WINDOWS\SYSTEM32\IPHLPAPI.DLL
0x00007ff941930000 - 0x00007ff941938000 	C:\WINDOWS\System32\NSI.dll
0x00007ff93aa10000 - 0x00007ff93aa27000 	C:\WINDOWS\SYSTEM32\dhcpcsvc6.DLL
0x00007ff93ad80000 - 0x00007ff93ad9d000 	C:\WINDOWS\SYSTEM32\dhcpcsvc.DLL
0x00007ff940340000 - 0x00007ff94040b000 	C:\WINDOWS\SYSTEM32\DNSAPI.dll
0x00007ff93af90000 - 0x00007ff93af9b000 	C:\WINDOWS\SYSTEM32\WINNSI.DLL

VM Arguments:
jvm_args: -Xmx2048m -Dfile.encoding=UTF-8 -Duser.country=BR -Duser.language=pt -Duser.variant 
java_command: org.gradle.launcher.daemon.bootstrap.GradleDaemon 6.5
java_class_path (initial): C:\Users\EAK\.gradle\wrapper\dists\gradle-6.5-bin\6nifqtx7604sqp1q6g8wikw7p\gradle-6.5\lib\gradle-launcher-6.5.jar
Launcher Type: SUN_STANDARD

Environment Variables:
JAVA_HOME=C:\ProgramData\Microsoft\Windows\Start Menu\Programs\Java Development Kit
PATH=C:\Python27\;C:\Python27\Scripts;"C:\Program Files (x86)\Common Files\Oracle\Java\javapath;C:\ProgramData\Microsoft\Windows\Start Menu\Programs\Java Development Kit\bin";C:\Program Files (x86)\Intel\iCLS Client\;C:\Program Files\Intel\iCLS Client\;C:\ProgramData\Oracle\Java\javapath;C:\Windows\system32;C:\Windows;C:\Windows\System32\Wbem;C:\Windows\System32\WindowsPowerShell\v1.0\;C:\Program Files (x86)\NVIDIA Corporation\PhysX\Common;C:\Program Files (x86)\Windows Live\Shared;C:\WINDOWS\system32;C:\WINDOWS;C:\WINDOWS\System32\Wbem;C:\WINDOWS\System32\WindowsPowerShell\v1.0\;C:\Program Files (x86)\Intel\Intel(R) Management Engine Components\DAL;C:\Program Files\Intel\Intel(R) Management Engine Components\DAL;C:\Program Files (x86)\Intel\Intel(R) Management Engine Components\IPT;C:\Program Files\Intel\Intel(R) Management Engine Components\IPT;C:\WINDOWS\System32\OpenSSH\;C:\Program Files\NVIDIA Corporation\NVIDIA NvDLISR;C:\WINDOWS\system32;C:\WINDOWS;C:\WINDOWS\System32\Wbem;C:\WINDOWS\System32\WindowsPowerShell\v1.0\;C:\WINDOWS\System32\OpenSSH\;C:\Program Files\nodejs\;C:\Program Files\dotnet\;C:\Program Files\Microsoft SQL Server\130\Tools\Binn\;C:\Program Files\Microsoft SQL Server\Client SDK\ODBC\170\Tools\Binn\;C:\Program Files\Git\cmd;C:\Program Files (x86)\dotnet\;C:\Program Files\MySQL\MySQL Shell 8.0\bin\;C:\Users\EAK\AppData\Local\Microsoft\WindowsApps;C:\Users\EAK\AppData\Local\GitHubDesktop\bin;C:\Users\EAK\AppData\Roaming\npm;
USERNAME=EAK
OS=Windows_NT
PROCESSOR_IDENTIFIER=Intel64 Family 6 Model 61 Stepping 4, GenuineIntel



---------------  S Y S T E M  ---------------

OS: Windows 10.0 , 64 bit Build 19041 (10.0.19041.804)

CPU:total 4 (initial active 4) (2 cores per cpu, 2 threads per core) family 6 model 61 stepping 4, cmov, cx8, fxsr, mmx, sse, sse2, sse3, ssse3, sse4.1, sse4.2, popcnt, avx, avx2, aes, clmul, erms, 3dnowpref, lzcnt, ht, tsc, tscinvbit, bmi1, bmi2, adx

Memory: 4k page, physical 8296648k(964340k free), swap 8757448k(6944k free)

vm_info: OpenJDK 64-Bit Server VM (25.242-b01) for windows-amd64 JRE (1.8.0_242-release-1644-b01), built by "builder" with MS VC++ 10.0 (VS2010)

time: Sat Apr 24 19:34:11 2021
timezone: Hora oficial do Brasil
elapsed time: 3 seconds (0d 0h 0m 3s)

