#
# There is insufficient memory for the Java Runtime Environment to continue.
# Native memory allocation (malloc) failed to allocate 758736 bytes for Chunk::new
# Possible reasons:
#   The system is out of physical RAM or swap space
#   The process is running with CompressedOops enabled, and the Java Heap may be blocking the growth of the native heap
# Possible solutions:
#   Reduce memory load on the system
#   Increase physical memory or swap space
#   Check if swap backing store is full
#   Decrease Java heap size (-Xmx/-Xms)
#   Decrease number of Java threads
#   Decrease Java thread stack sizes (-Xss)
#   Set larger code cache with -XX:ReservedCodeCacheSize=
#   JVM is running with Unscaled Compressed Oops mode in which the Java heap is
#     placed in the first 4GB address space. The Java Heap base address is the
#     maximum limit for the native heap growth. Please use -XX:HeapBaseMinAddress
#     to set the Java Heap base and to place the Java Heap above 4GB virtual address.
# This output file may be truncated or incomplete.
#
#  Out of Memory Error (allocation.cpp:389), pid=13384, tid=0x0000000000000f00
#
# JRE version: OpenJDK Runtime Environment (8.0_242-b01) (build 1.8.0_242-release-1644-b01)
# Java VM: OpenJDK 64-Bit Server VM (25.242-b01 mixed mode windows-amd64 compressed oops)
# Failed to write core dump. Minidumps are not enabled by default on client versions of Windows
#

---------------  T H R E A D  ---------------

Current thread (0x0000000017d6c000):  JavaThread "C2 CompilerThread0" daemon [_thread_in_native, id=3840, stack(0x00000000193f0000,0x00000000194f0000)]

Stack: [0x00000000193f0000,0x00000000194f0000]
[error occurred during error reporting (printing stack bounds), id 0xc0000005]

Native frames: (J=compiled Java code, j=interpreted, Vv=VM code, C=native code)


Current CompileTask:
C2:  77997 11259       4       com.android.tools.r8.z.a.a.f::a (6058 bytes)


---------------  P R O C E S S  ---------------

Java Threads: ( => current thread )
  0x000000001f200000 JavaThread "stdout" [_thread_in_native, id=7208, stack(0x000000002b2b0000,0x000000002b3b0000)]
  0x000000001f202800 JavaThread "stderr" [_thread_in_native, id=9872, stack(0x000000001d730000,0x000000001d830000)]
  0x000000001f1fb800 JavaThread "stdout" [_thread_in_native, id=7220, stack(0x000000002b8b0000,0x000000002b9b0000)]
  0x000000001f200800 JavaThread "stderr" [_thread_in_native, id=18260, stack(0x000000002b7b0000,0x000000002b8b0000)]
  0x000000001eab6800 JavaThread "stdout" [_thread_in_native, id=15568, stack(0x000000002b6b0000,0x000000002b7b0000)]
  0x000000001eaaf000 JavaThread "stderr" [_thread_in_native, id=11296, stack(0x000000002b5b0000,0x000000002b6b0000)]
  0x000000001eab5000 JavaThread "stdout" [_thread_in_native, id=10304, stack(0x000000002b4b0000,0x000000002b5b0000)]
  0x000000001eab4800 JavaThread "stderr" [_thread_in_native, id=7536, stack(0x000000002b3b0000,0x000000002b4b0000)]
  0x000000001eab1800 JavaThread "pool-2-thread-1" [_thread_blocked, id=12500, stack(0x0000000001340000,0x0000000001440000)]
  0x000000001eab2000 JavaThread "MarlinRenderer Disposer" daemon [_thread_blocked, id=6728, stack(0x000000002b1b0000,0x000000002b2b0000)]
  0x000000001eaa9800 JavaThread "Java2D Disposer" daemon [_thread_blocked, id=10308, stack(0x000000002b0b0000,0x000000002b1b0000)]
  0x000000001eab0800 JavaThread "WorkerExecutor Queue Thread 4" [_thread_blocked, id=8572, stack(0x000000002acc0000,0x000000002adc0000)]
  0x000000001eaa9000 JavaThread "WorkerExecutor Queue Thread 3" [_thread_blocked, id=11300, stack(0x000000002abc0000,0x000000002acc0000)]
  0x000000001eaaf800 JavaThread "WorkerExecutor Queue Thread 2" [_thread_blocked, id=12032, stack(0x000000002aac0000,0x000000002abc0000)]
  0x000000001eaac000 JavaThread "WorkerExecutor Queue" [_thread_blocked, id=11964, stack(0x000000002a9c0000,0x000000002aac0000)]
  0x000000001eaac800 JavaThread "Cache worker for execution history cache (C:\Users\EAK\AndroidStudioProjects\ProjetoSemestralLoja\.gradle\6.5\executionHistory)" [_thread_blocked, id=1508, stack(0x000000002a4c0000,0x000000002a5c0000)]
  0x000000001eaaa800 JavaThread "Execution worker for ':' Thread 3" [_thread_blocked, id=1176, stack(0x000000002a3c0000,0x000000002a4c0000)]
  0x000000001eaae000 JavaThread "Execution worker for ':' Thread 2" [_thread_blocked, id=16844, stack(0x000000002a2c0000,0x000000002a3c0000)]
  0x000000001a83e800 JavaThread "Execution worker for ':'" [_thread_blocked, id=2512, stack(0x0000000028210000,0x0000000028310000)]
  0x000000001a840000 JavaThread "Cache worker for file content cache (C:\Users\EAK\AndroidStudioProjects\ProjetoSemestralLoja\.gradle\6.5\fileContent)" [_thread_blocked, id=16536, stack(0x0000000028d60000,0x0000000028e60000)]
  0x000000001a83e000 JavaThread "Memory manager" [_thread_blocked, id=8208, stack(0x0000000027bd0000,0x0000000027cd0000)]
  0x000000001a83b800 JavaThread "Cache worker for Build Output Cleanup Cache (C:\Users\EAK\AndroidStudioProjects\ProjetoSemestralLoja\.gradle\buildOutputCleanup)" [_thread_blocked, id=6648, stack(0x0000000027d10000,0x0000000027e10000)]
  0x000000001a83d000 JavaThread "jar transforms Thread 92" [_thread_blocked, id=17244, stack(0x00000000276d0000,0x00000000277d0000)]
  0x000000001a401000 JavaThread "Build operations Thread 4" [_thread_blocked, id=16088, stack(0x0000000021bd0000,0x0000000021cd0000)]
  0x000000001a3ff000 JavaThread "Build operations Thread 3" [_thread_in_vm, id=14876, stack(0x0000000021ad0000,0x0000000021bd0000)]
  0x000000001a3f5800 JavaThread "Build operations Thread 2" [_thread_in_Java, id=11728, stack(0x00000000219d0000,0x0000000021ad0000)]
  0x000000001a3fa800 JavaThread "Build operations" [_thread_in_vm, id=15552, stack(0x00000000218d0000,0x00000000219d0000)]
  0x000000001a3f7000 JavaThread "Cache worker for file content cache (C:\Users\EAK\.gradle\caches\6.5\fileContent)" [_thread_blocked, id=17820, stack(0x00000000211d0000,0x00000000212d0000)]
  0x000000001a678000 JavaThread "Cache worker for execution history cache (C:\Users\EAK\.gradle\caches\6.5\executionHistory)" [_thread_blocked, id=17452, stack(0x00000000209d0000,0x0000000020ad0000)]
  0x000000001a677800 JavaThread "Cache worker for cache directory md-rule (C:\Users\EAK\.gradle\caches\6.5\md-rule)" [_thread_blocked, id=9740, stack(0x00000000208d0000,0x00000000209d0000)]
  0x000000001a67a800 JavaThread "Cache worker for cache directory md-supplier (C:\Users\EAK\.gradle\caches\6.5\md-supplier)" [_thread_blocked, id=11052, stack(0x00000000207d0000,0x00000000208d0000)]
  0x000000001a67b000 JavaThread "Cache worker for checksums cache (C:\Users\EAK\AndroidStudioProjects\ProjetoSemestralLoja\.gradle\checksums)" [_thread_blocked, id=12472, stack(0x000000001f440000,0x000000001f540000)]
  0x000000001a675000 JavaThread "Cache worker for file hash cache (C:\Users\EAK\AndroidStudioProjects\ProjetoSemestralLoja\.gradle\6.5\fileHashes)" [_thread_blocked, id=2880, stack(0x000000001de30000,0x000000001df30000)]
  0x000000001a679800 JavaThread "Cache worker for file hash cache (C:\Users\EAK\.gradle\caches\6.5\fileHashes)" [_thread_blocked, id=17032, stack(0x000000001df70000,0x000000001e070000)]
  0x000000001a679000 JavaThread "File lock request listener" [_thread_in_native, id=17784, stack(0x000000001dd30000,0x000000001de30000)]
  0x000000001a676000 JavaThread "Cache worker for journal cache (C:\Users\EAK\.gradle\caches\journal-1)" [_thread_blocked, id=15812, stack(0x000000001db30000,0x000000001dc30000)]
  0x000000001a2ca800 JavaThread "Thread-9" [_thread_blocked, id=6244, stack(0x000000001d830000,0x000000001d930000)]
  0x000000001a2c6800 JavaThread "Asynchronous log dispatcher for DefaultDaemonConnection: socket connection from /127.0.0.1:63796 to /127.0.0.1:63797" [_thread_blocked, id=12840, stack(0x000000001d630000,0x000000001d730000)]
  0x000000001a2b6800 JavaThread "Daemon worker" [_thread_blocked, id=14688, stack(0x000000001d530000,0x000000001d630000)]
  0x000000001a23e800 JavaThread "Cancel handler" [_thread_blocked, id=12592, stack(0x000000001d430000,0x000000001d530000)]
  0x000000001a22c800 JavaThread "Handler for socket connection from /127.0.0.1:63796 to /127.0.0.1:63797" [_thread_in_native, id=12548, stack(0x000000001d330000,0x000000001d430000)]
  0x000000001b5e1000 JavaThread "Daemon" [_thread_blocked, id=10096, stack(0x000000001d230000,0x000000001d330000)]
  0x000000001abc4800 JavaThread "Daemon periodic checks" [_thread_blocked, id=18424, stack(0x000000001cf30000,0x000000001d030000)]
  0x000000001abc2800 JavaThread "Incoming local TCP Connector on port 63796" [_thread_in_native, id=11636, stack(0x000000001ccd0000,0x000000001cdd0000)]
  0x000000001b488800 JavaThread "Daemon health stats" [_thread_blocked, id=14616, stack(0x000000001c690000,0x000000001c790000)]
  0x000000001971e800 JavaThread "Service Thread" daemon [_thread_blocked, id=10744, stack(0x0000000019af0000,0x0000000019bf0000)]
  0x0000000017d96800 JavaThread "C1 CompilerThread2" daemon [_thread_blocked, id=11172, stack(0x00000000195f0000,0x00000000196f0000)]
  0x0000000017d6e000 JavaThread "C2 CompilerThread1" daemon [_thread_in_native, id=15104, stack(0x00000000194f0000,0x00000000195f0000)]
=>0x0000000017d6c000 JavaThread "C2 CompilerThread0" daemon [_thread_in_native, id=3840, stack(0x00000000193f0000,0x00000000194f0000)]
  0x0000000017d6a800 JavaThread "Attach Listener" daemon [_thread_blocked, id=3344, stack(0x00000000192f0000,0x00000000193f0000)]
  0x0000000017d69800 JavaThread "Signal Dispatcher" daemon [_thread_blocked, id=15428, stack(0x00000000191f0000,0x00000000192f0000)]
  0x000000000313a000 JavaThread "Finalizer" daemon [_thread_blocked, id=11868, stack(0x0000000018fe0000,0x00000000190e0000)]
  0x0000000017d49800 JavaThread "Reference Handler" daemon [_thread_blocked, id=2596, stack(0x0000000018ee0000,0x0000000018fe0000)]
  0x000000000166e000 JavaThread "main" [_thread_blocked, id=17628, stack(0x0000000002f40000,0x0000000003040000)]

Other Threads:
  0x0000000017d26800 VMThread [stack: 0x0000000018de0000,0x0000000018ee0000] [id=10296]
  0x0000000017dbe800 WatcherThread [stack: 0x0000000019bf0000,0x0000000019cf0000] [id=12192]

VM state:not at safepoint (normal execution)

VM Mutex/Monitor currently owned by a thread: None

OutOfMemory and StackOverflow Exception counts:
OutOfMemoryError java_heap_errors=2

heap address: 0x0000000080000000, size: 2048 MB, Compressed Oops mode: 32-bit
Narrow klass base: 0x0000000000000000, Narrow klass shift: 3
Compressed class space size: 1073741824 Address: 0x0000000100000000

Heap:
 PSYoungGen      total 226304K, used 39846K [0x00000000d5580000, 0x00000000e4480000, 0x0000000100000000)
  eden space 207872K, 10% used [0x00000000d5580000,0x00000000d6a6fd58,0x00000000e2080000)
  from space 18432K, 99% used [0x00000000e2080000,0x00000000e3279db8,0x00000000e3280000)
  to   space 12288K, 0% used [0x00000000e3880000,0x00000000e3880000,0x00000000e4480000)
 ParOldGen       total 135168K, used 61500K [0x0000000080000000, 0x0000000088400000, 0x00000000d5580000)
  object space 135168K, 45% used [0x0000000080000000,0x0000000083c0f010,0x0000000088400000)
 Metaspace       used 77266K, capacity 81384K, committed 81496K, reserved 1120256K
  class space    used 10588K, capacity 11377K, committed 11392K, reserved 1048576K

Card table byte_map: [0x0000000012500000,0x0000000012910000] byte_map_base: 0x0000000012100000

Marking Bits: (ParMarkBitMap*) 0x00000000671af030
 Begin Bits: [0x0000000012fc0000, 0x0000000014fc0000)
 End Bits:   [0x0000000014fc0000, 0x0000000016fc0000)

Polling page: 0x00000000015a0000

CodeCache: size=245760Kb used=31550Kb max_used=31550Kb free=214209Kb
 bounds [0x0000000003140000, 0x0000000005040000, 0x0000000012140000]
 total_blobs=10632 nmethods=9703 adapters=839
 compilation: enabled

Compilation events (10 events):
Event: 77.976 Thread 0x0000000017d96800 nmethod 11373 0x000000000501e7d0 code [0x000000000501e920, 0x000000000501ea30]
Event: 77.976 Thread 0x0000000017d96800 11379       1       com.android.tools.r8.s.b.V::b (2 bytes)
Event: 77.976 Thread 0x0000000017d96800 nmethod 11379 0x000000000501ea90 code [0x000000000501ebe0, 0x000000000501ecf0]
Event: 77.976 Thread 0x0000000017d96800 11372       1       com.android.tools.r8.s.b.V::h0 (5 bytes)
Event: 77.977 Thread 0x0000000017d96800 nmethod 11372 0x000000000501ed50 code [0x000000000501eea0, 0x000000000501efb0]
Event: 77.977 Thread 0x0000000017d96800 11364       1       com.android.tools.r8.s.b.h::Y0 (2 bytes)
Event: 77.977 Thread 0x0000000017d96800 nmethod 11364 0x000000000501f010 code [0x000000000501f160, 0x000000000501f270]
Event: 77.977 Thread 0x0000000017d96800 11341       1       com.android.tools.r8.s.b.j0::I2 (3 bytes)
Event: 77.977 Thread 0x0000000017d96800 nmethod 11341 0x000000000501f2d0 code [0x000000000501f420, 0x000000000501f530]
Event: 77.989 Thread 0x0000000017d96800 11380       3       com.android.tools.r8.ir.regalloc.a::i (610 bytes)

GC Heap History (10 events):
Event: 20.871 GC heap before
{Heap before GC invocations=14 (full 2):
 PSYoungGen      total 145920K, used 83808K [0x00000000d5580000, 0x00000000e2280000, 0x0000000100000000)
  eden space 134656K, 53% used [0x00000000d5580000,0x00000000d9c5c508,0x00000000dd900000)
  from space 11264K, 99% used [0x00000000dd900000,0x00000000de3fbef0,0x00000000de400000)
  to   space 16384K, 0% used [0x00000000e1280000,0x00000000e1280000,0x00000000e2280000)
 ParOldGen       total 86016K, used 24795K [0x0000000080000000, 0x0000000085400000, 0x00000000d5580000)
  object space 86016K, 28% used [0x0000000080000000,0x0000000081836d80,0x0000000085400000)
 Metaspace       used 56504K, capacity 58898K, committed 59028K, reserved 1099776K
  class space    used 7723K, capacity 8176K, committed 8192K, reserved 1048576K
Event: 20.905 GC heap after
Heap after GC invocations=14 (full 2):
 PSYoungGen      total 194560K, used 8475K [0x00000000d5580000, 0x00000000e2580000, 0x0000000100000000)
  eden space 178176K, 0% used [0x00000000d5580000,0x00000000d5580000,0x00000000e0380000)
  from space 16384K, 51% used [0x00000000e1280000,0x00000000e1ac6d48,0x00000000e2280000)
  to   space 15360K, 0% used [0x00000000e0380000,0x00000000e0380000,0x00000000e1280000)
 ParOldGen       total 86016K, used 33150K [0x0000000080000000, 0x0000000085400000, 0x00000000d5580000)
  object space 86016K, 38% used [0x0000000080000000,0x000000008205f8c8,0x0000000085400000)
 Metaspace       used 56504K, capacity 58898K, committed 59028K, reserved 1099776K
  class space    used 7723K, capacity 8176K, committed 8192K, reserved 1048576K
}
Event: 20.905 GC heap before
{Heap before GC invocations=15 (full 3):
 PSYoungGen      total 194560K, used 8475K [0x00000000d5580000, 0x00000000e2580000, 0x0000000100000000)
  eden space 178176K, 0% used [0x00000000d5580000,0x00000000d5580000,0x00000000e0380000)
  from space 16384K, 51% used [0x00000000e1280000,0x00000000e1ac6d48,0x00000000e2280000)
  to   space 15360K, 0% used [0x00000000e0380000,0x00000000e0380000,0x00000000e1280000)
 ParOldGen       total 86016K, used 33150K [0x0000000080000000, 0x0000000085400000, 0x00000000d5580000)
  object space 86016K, 38% used [0x0000000080000000,0x000000008205f8c8,0x0000000085400000)
 Metaspace       used 56504K, capacity 58898K, committed 59028K, reserved 1099776K
  class space    used 7723K, capacity 8176K, committed 8192K, reserved 1048576K
Event: 21.186 GC heap after
Heap after GC invocations=15 (full 3):
 PSYoungGen      total 194560K, used 0K [0x00000000d5580000, 0x00000000e2580000, 0x0000000100000000)
  eden space 178176K, 0% used [0x00000000d5580000,0x00000000d5580000,0x00000000e0380000)
  from space 16384K, 0% used [0x00000000e1280000,0x00000000e1280000,0x00000000e2280000)
  to   space 15360K, 0% used [0x00000000e0380000,0x00000000e0380000,0x00000000e1280000)
 ParOldGen       total 135168K, used 32756K [0x0000000080000000, 0x0000000088400000, 0x00000000d5580000)
  object space 135168K, 24% used [0x0000000080000000,0x0000000081ffd208,0x0000000088400000)
 Metaspace       used 56483K, capacity 58826K, committed 59028K, reserved 1099776K
  class space    used 7717K, capacity 8164K, committed 8192K, reserved 1048576K
}
Event: 35.575 GC heap before
{Heap before GC invocations=16 (full 3):
 PSYoungGen      total 194560K, used 178176K [0x00000000d5580000, 0x00000000e2580000, 0x0000000100000000)
  eden space 178176K, 100% used [0x00000000d5580000,0x00000000e0380000,0x00000000e0380000)
  from space 16384K, 0% used [0x00000000e1280000,0x00000000e1280000,0x00000000e2280000)
  to   space 15360K, 0% used [0x00000000e0380000,0x00000000e0380000,0x00000000e1280000)
 ParOldGen       total 135168K, used 32756K [0x0000000080000000, 0x0000000088400000, 0x00000000d5580000)
  object space 135168K, 24% used [0x0000000080000000,0x0000000081ffd208,0x0000000088400000)
 Metaspace       used 64291K, capacity 67188K, committed 67544K, reserved 1107968K
  class space    used 8835K, capacity 9377K, committed 9472K, reserved 1048576K
Event: 35.603 GC heap after
Heap after GC invocations=16 (full 3):
 PSYoungGen      total 193536K, used 15342K [0x00000000d5580000, 0x00000000e4b00000, 0x0000000100000000)
  eden space 178176K, 0% used [0x00000000d5580000,0x00000000d5580000,0x00000000e0380000)
  from space 15360K, 99% used [0x00000000e0380000,0x00000000e127bb18,0x00000000e1280000)
  to   space 18944K, 0% used [0x00000000e3880000,0x00000000e3880000,0x00000000e4b00000)
 ParOldGen       total 135168K, used 36269K [0x0000000080000000, 0x0000000088400000, 0x00000000d5580000)
  object space 135168K, 26% used [0x0000000080000000,0x000000008236b4d8,0x0000000088400000)
 Metaspace       used 64291K, capacity 67188K, committed 67544K, reserved 1107968K
  class space    used 8835K, capacity 9377K, committed 9472K, reserved 1048576K
}
Event: 73.618 GC heap before
{Heap before GC invocations=17 (full 3):
 PSYoungGen      total 193536K, used 193518K [0x00000000d5580000, 0x00000000e4b00000, 0x0000000100000000)
  eden space 178176K, 100% used [0x00000000d5580000,0x00000000e0380000,0x00000000e0380000)
  from space 15360K, 99% used [0x00000000e0380000,0x00000000e127bb18,0x00000000e1280000)
  to   space 18944K, 0% used [0x00000000e3880000,0x00000000e3880000,0x00000000e4b00000)
 ParOldGen       total 135168K, used 36269K [0x0000000080000000, 0x0000000088400000, 0x00000000d5580000)
  object space 135168K, 26% used [0x0000000080000000,0x000000008236b4d8,0x0000000088400000)
 Metaspace       used 68476K, capacity 71672K, committed 71896K, reserved 1112064K
  class space    used 9266K, capacity 9875K, committed 9984K, reserved 1048576K
Event: 73.653 GC heap after
Heap after GC invocations=17 (full 3):
 PSYoungGen      total 220160K, used 5537K [0x00000000d5580000, 0x00000000e4480000, 0x0000000100000000)
  eden space 207872K, 0% used [0x00000000d5580000,0x00000000d5580000,0x00000000e2080000)
  from space 12288K, 45% used [0x00000000e3880000,0x00000000e3de85c0,0x00000000e4480000)
  to   space 18432K, 0% used [0x00000000e2080000,0x00000000e2080000,0x00000000e3280000)
 ParOldGen       total 135168K, used 44827K [0x0000000080000000, 0x0000000088400000, 0x00000000d5580000)
  object space 135168K, 33% used [0x0000000080000000,0x0000000082bc6d58,0x0000000088400000)
 Metaspace       used 68476K, capacity 71672K, committed 71896K, reserved 1112064K
  class space    used 9266K, capacity 9875K, committed 9984K, reserved 1048576K
}
Event: 77.533 GC heap before
{Heap before GC invocations=18 (full 3):
 PSYoungGen      total 220160K, used 213409K [0x00000000d5580000, 0x00000000e4480000, 0x0000000100000000)
  eden space 207872K, 100% used [0x00000000d5580000,0x00000000e2080000,0x00000000e2080000)
  from space 12288K, 45% used [0x00000000e3880000,0x00000000e3de85c0,0x00000000e4480000)
  to   space 18432K, 0% used [0x00000000e2080000,0x00000000e2080000,0x00000000e3280000)
 ParOldGen       total 135168K, used 44827K [0x0000000080000000, 0x0000000088400000, 0x00000000d5580000)
  object space 135168K, 33% used [0x0000000080000000,0x0000000082bc6d58,0x0000000088400000)
 Metaspace       used 76810K, capacity 80812K, committed 80984K, reserved 1118208K
  class space    used 10552K, capacity 11341K, committed 11392K, reserved 1048576K
Event: 77.595 GC heap after
Heap after GC invocations=18 (full 3):
 PSYoungGen      total 226304K, used 18407K [0x00000000d5580000, 0x00000000e4480000, 0x0000000100000000)
  eden space 207872K, 0% used [0x00000000d5580000,0x00000000d5580000,0x00000000e2080000)
  from space 18432K, 99% used [0x00000000e2080000,0x00000000e3279db8,0x00000000e3280000)
  to   space 12288K, 0% used [0x00000000e3880000,0x00000000e3880000,0x00000000e4480000)
 ParOldGen       total 135168K, used 61500K [0x0000000080000000, 0x0000000088400000, 0x00000000d5580000)
  object space 135168K, 45% used [0x0000000080000000,0x0000000083c0f010,0x0000000088400000)
 Metaspace       used 76810K, capacity 80812K, committed 80984K, reserved 1118208K
  class space    used 10552K, capacity 11341K, committed 11392K, reserved 1048576K
}

Deoptimization events (10 events):
Event: 77.953 Thread 0x000000001a3fa800 Uncommon trap: reason=bimorphic action=maybe_recompile pc=0x0000000004ec6cb8 method=com.android.tools.r8.s.b.s1.a(Lcom/android/tools/r8/s/a/p/u;)Lcom/android/tools/r8/s/b/s1; @ 23
Event: 77.953 Thread 0x000000001a3fa800 Uncommon trap: reason=bimorphic action=maybe_recompile pc=0x0000000004ec6cb8 method=com.android.tools.r8.s.b.s1.a(Lcom/android/tools/r8/s/a/p/u;)Lcom/android/tools/r8/s/b/s1; @ 23
Event: 77.953 Thread 0x000000001a3fa800 Uncommon trap: reason=bimorphic action=maybe_recompile pc=0x0000000004ec6cb8 method=com.android.tools.r8.s.b.s1.a(Lcom/android/tools/r8/s/a/p/u;)Lcom/android/tools/r8/s/b/s1; @ 23
Event: 77.953 Thread 0x000000001a3fa800 Uncommon trap: reason=bimorphic action=maybe_recompile pc=0x0000000004ec6cb8 method=com.android.tools.r8.s.b.s1.a(Lcom/android/tools/r8/s/a/p/u;)Lcom/android/tools/r8/s/b/s1; @ 23
Event: 77.958 Thread 0x000000001a3fa800 Uncommon trap: reason=bimorphic action=maybe_recompile pc=0x0000000004ec6944 method=com.android.tools.r8.s.b.s1.a(Lcom/android/tools/r8/s/a/p/u;)Lcom/android/tools/r8/s/b/s1; @ 23
Event: 77.961 Thread 0x000000001a3fa800 Uncommon trap: reason=bimorphic action=maybe_recompile pc=0x0000000003c9e81c method=com.android.tools.r8.s.b.s1.a(Lcom/android/tools/r8/s/a/p/u;)Lcom/android/tools/r8/s/b/s1; @ 23
Event: 77.964 Thread 0x000000001a3fa800 Uncommon trap: reason=unstable_if action=reinterpret pc=0x00000000048d4790 method=com.android.tools.r8.ir.regalloc.b.r()Z @ 9
Event: 77.969 Thread 0x000000001a3fa800 Uncommon trap: reason=unstable_if action=reinterpret pc=0x0000000003c75ca0 method=com.android.tools.r8.ir.regalloc.b.r()Z @ 9
Event: 77.971 Thread 0x000000001a3fa800 Uncommon trap: reason=unstable_if action=reinterpret pc=0x0000000004f0fe4c method=com.android.tools.r8.ir.regalloc.b.r()Z @ 9
Event: 77.971 Thread 0x000000001a3fa800 Uncommon trap: reason=unstable_if action=reinterpret pc=0x0000000004f6b6b0 method=com.android.tools.r8.ir.regalloc.b.r()Z @ 9

Classes redefined (0 events):
No events

Internal exceptions (10 events):
Event: 75.194 Thread 0x000000001a3f5800 Exception <a 'sun/nio/fs/WindowsException'> (0x00000000db3942f0) thrown at [C:\src\AOSP-openjdk-git\hotspot\src\share\vm\prims\jni.cpp, line 710]
Event: 75.194 Thread 0x000000001a3fa800 Exception <a 'sun/nio/fs/WindowsException'> (0x00000000db3609b8) thrown at [C:\src\AOSP-openjdk-git\hotspot\src\share\vm\prims\jni.cpp, line 710]
Event: 75.250 Thread 0x000000001a3ff000 Exception <a 'java/lang/OutOfMemoryError'> (0x00000000dbe86dd8) thrown at [C:\src\AOSP-openjdk-git\hotspot\src\share\vm\prims\jni.cpp, line 737]
Event: 75.250 Thread 0x000000001a401000 Exception <a 'java/lang/OutOfMemoryError'> (0x00000000dbefe098) thrown at [C:\src\AOSP-openjdk-git\hotspot\src\share\vm\prims\jni.cpp, line 737]
Event: 75.633 Thread 0x000000001a3f5800 Exception <a 'java/lang/IncompatibleClassChangeError': Found class java.lang.Object, but interface was expected> (0x00000000dcf29210) thrown at [C:\src\AOSP-openjdk-git\hotspot\src\share\vm\interpreter\linkResolver.cpp, line 653]
Event: 76.223 Thread 0x000000001a3ff000 Exception <a 'sun/nio/fs/WindowsException'> (0x00000000df798178) thrown at [C:\src\AOSP-openjdk-git\hotspot\src\share\vm\prims\jni.cpp, line 710]
Event: 76.510 Thread 0x000000001a3fa800 Exception <a 'java/lang/NoSuchMethodError': java.lang.Object.lambda$comparingInt$7b0bb60$1(Ljava/util/function/ToIntFunction;Ljava/lang/Object;Ljava/lang/Object;)I> (0x00000000e04a8250) thrown at [C:\src\AOSP-openjdk-git\hotspot\src\share\vm\interpreter\l
Event: 76.510 Thread 0x000000001a3ff000 Exception <a 'java/lang/NoSuchMethodError': java.lang.Object.lambda$maxBy$1(Ljava/util/Comparator;Ljava/lang/Object;Ljava/lang/Object;)Ljava/lang/Object;> (0x00000000e04b6ed8) thrown at [C:\src\AOSP-openjdk-git\hotspot\src\share\vm\interpreter\linkResolve
Event: 76.510 Thread 0x000000001a3fa800 Exception <a 'java/lang/NoSuchMethodError': java.lang.Object.lambda$maxBy$1(Ljava/util/Comparator;Ljava/lang/Object;Ljava/lang/Object;)Ljava/lang/Object;> (0x00000000e04acb78) thrown at [C:\src\AOSP-openjdk-git\hotspot\src\share\vm\interpreter\linkResolve
Event: 76.635 Thread 0x000000001a3f5800 Exception <a 'java/lang/NoSuchMethodError': java.lang.Object.b(Lcom/android/tools/r8/graph/p1$b;)Lcom/android/tools/r8/graph/p1$b;> (0x00000000e074f2c8) thrown at [C:\src\AOSP-openjdk-git\hotspot\src\share\vm\interpreter\linkResolver.cpp, line 620]

Events (10 events):
Event: 77.969 Thread 0x000000001a3fa800 DEOPT PACKING pc=0x0000000003c75ca0 sp=0x00000000219ca200
Event: 77.969 Thread 0x000000001a3fa800 DEOPT UNPACKING pc=0x000000000318557b sp=0x00000000219ca148 mode 2
Event: 77.971 Thread 0x000000001a3fa800 Uncommon trap: trap_request=0xffffff65 fr.pc=0x0000000004f0fe4c
Event: 77.971 Thread 0x000000001a3fa800 DEOPT PACKING pc=0x0000000004f0fe4c sp=0x00000000219ca1c0
Event: 77.971 Thread 0x000000001a3fa800 DEOPT UNPACKING pc=0x000000000318557b sp=0x00000000219ca058 mode 2
Event: 77.971 Thread 0x000000001a3fa800 Uncommon trap: trap_request=0xffffff65 fr.pc=0x0000000004f6b6b0
Event: 77.971 Thread 0x000000001a3fa800 DEOPT PACKING pc=0x0000000004f6b6b0 sp=0x00000000219ca4b0
Event: 77.971 Thread 0x000000001a3fa800 DEOPT UNPACKING pc=0x000000000318557b sp=0x00000000219ca390 mode 2
Event: 77.973 loading class com/android/tools/r8/t/a/a/a/f/E
Event: 77.973 loading class com/android/tools/r8/t/a/a/a/f/E done


Dynamic libraries:
0x00007ff64a370000 - 0x00007ff64a3a1000 	C:\Program Files\Android\Android Studio\jre\bin\java.exe
0x00007fffe8ef0000 - 0x00007fffe90e5000 	C:\WINDOWS\SYSTEM32\ntdll.dll
0x00007fffde330000 - 0x00007fffde343000 	C:\Program Files\AVAST Software\Avast\aswhook.dll
0x00007fffe8320000 - 0x00007fffe83dd000 	C:\WINDOWS\System32\KERNEL32.DLL
0x00007fffe6730000 - 0x00007fffe69f9000 	C:\WINDOWS\System32\KERNELBASE.dll
0x00007fffe8690000 - 0x00007fffe873c000 	C:\WINDOWS\System32\ADVAPI32.dll
0x00007fffe85f0000 - 0x00007fffe868e000 	C:\WINDOWS\System32\msvcrt.dll
0x00007fffe8050000 - 0x00007fffe80ec000 	C:\WINDOWS\System32\sechost.dll
0x00007fffe75c0000 - 0x00007fffe76eb000 	C:\WINDOWS\System32\RPCRT4.dll
0x00007fffe72b0000 - 0x00007fffe7450000 	C:\WINDOWS\System32\USER32.dll
0x00007fffe6700000 - 0x00007fffe6722000 	C:\WINDOWS\System32\win32u.dll
0x00007fffe8130000 - 0x00007fffe815a000 	C:\WINDOWS\System32\GDI32.dll
0x00007fffe6b60000 - 0x00007fffe6c6b000 	C:\WINDOWS\System32\gdi32full.dll
0x00007fffe6630000 - 0x00007fffe66cd000 	C:\WINDOWS\System32\msvcp_win.dll
0x00007fffe6a60000 - 0x00007fffe6b60000 	C:\WINDOWS\System32\ucrtbase.dll
0x00007fffc7f60000 - 0x00007fffc81fa000 	C:\WINDOWS\WinSxS\amd64_microsoft.windows.common-controls_6595b64144ccf1df_6.0.19041.844_none_ca00b6081b84eb1d\COMCTL32.dll
0x00007fffe8100000 - 0x00007fffe8130000 	C:\WINDOWS\System32\IMM32.DLL
0x0000000066820000 - 0x00000000668f2000 	C:\Program Files\Android\Android Studio\jre\jre\bin\msvcr100.dll
0x00000000669e0000 - 0x000000006722b000 	C:\Program Files\Android\Android Studio\jre\jre\bin\server\jvm.dll
0x00007fffe88a0000 - 0x00007fffe88a8000 	C:\WINDOWS\System32\PSAPI.DLL
0x00007fffcaf50000 - 0x00007fffcaf77000 	C:\WINDOWS\SYSTEM32\WINMM.dll
0x00007fffe0af0000 - 0x00007fffe0afa000 	C:\WINDOWS\SYSTEM32\VERSION.dll
0x00007fffe0ae0000 - 0x00007fffe0ae9000 	C:\WINDOWS\SYSTEM32\WSOCK32.dll
0x00007fffe81c0000 - 0x00007fffe822b000 	C:\WINDOWS\System32\WS2_32.dll
0x00007fffd37f0000 - 0x00007fffd37ff000 	C:\Program Files\Android\Android Studio\jre\jre\bin\verify.dll
0x00007fffd2e70000 - 0x00007fffd2e99000 	C:\Program Files\Android\Android Studio\jre\jre\bin\java.dll
0x00007fffd2960000 - 0x00007fffd2976000 	C:\Program Files\Android\Android Studio\jre\jre\bin\zip.dll
0x00007fffe7750000 - 0x00007fffe7e92000 	C:\WINDOWS\System32\SHELL32.dll
0x00007fffe4750000 - 0x00007fffe4ee0000 	C:\WINDOWS\SYSTEM32\windows.storage.dll
0x00007fffe6f50000 - 0x00007fffe72a5000 	C:\WINDOWS\System32\combase.dll
0x00007fffe5f00000 - 0x00007fffe5f2c000 	C:\WINDOWS\SYSTEM32\Wldp.dll
0x00007fffe87f0000 - 0x00007fffe889e000 	C:\WINDOWS\System32\SHCORE.dll
0x00007fffe82c0000 - 0x00007fffe8315000 	C:\WINDOWS\System32\shlwapi.dll
0x00007fffe6570000 - 0x00007fffe658f000 	C:\WINDOWS\SYSTEM32\profapi.dll
0x00007fffd1170000 - 0x00007fffd118a000 	C:\Program Files\Android\Android Studio\jre\jre\bin\net.dll
0x00007fffe5cf0000 - 0x00007fffe5d5a000 	C:\WINDOWS\system32\mswsock.dll
0x00007fffcc090000 - 0x00007fffcc0a3000 	C:\Program Files\Android\Android Studio\jre\jre\bin\nio.dll
0x00007fffd0d40000 - 0x00007fffd0d67000 	C:\Users\EAK\.gradle\native\f6784746aeab05261644944871eae4fe03e0ef1612fff0a4a95f87b438bc6780\windows-amd64\native-platform.dll
0x00007fffd37e0000 - 0x00007fffd37ed000 	C:\Program Files\Android\Android Studio\jre\jre\bin\management.dll
0x00007fffe5fb0000 - 0x00007fffe5fc8000 	C:\WINDOWS\SYSTEM32\CRYPTSP.dll
0x00007fffe56b0000 - 0x00007fffe56e4000 	C:\WINDOWS\system32\rsaenh.dll
0x00007fffe66d0000 - 0x00007fffe66f7000 	C:\WINDOWS\System32\bcrypt.dll
0x00007fffe64a0000 - 0x00007fffe64ce000 	C:\WINDOWS\SYSTEM32\USERENV.dll
0x00007fffe6d20000 - 0x00007fffe6da0000 	C:\WINDOWS\System32\bcryptprimitives.dll
0x00007fffe5e70000 - 0x00007fffe5e7c000 	C:\WINDOWS\SYSTEM32\CRYPTBASE.dll
0x00007fffe5a00000 - 0x00007fffe5a3b000 	C:\WINDOWS\SYSTEM32\IPHLPAPI.DLL
0x00007fffe80f0000 - 0x00007fffe80f8000 	C:\WINDOWS\System32\NSI.dll
0x00007fffe02c0000 - 0x00007fffe02d7000 	C:\WINDOWS\SYSTEM32\dhcpcsvc6.DLL
0x00007fffe0720000 - 0x00007fffe073d000 	C:\WINDOWS\SYSTEM32\dhcpcsvc.DLL
0x00007fffe5a40000 - 0x00007fffe5b0b000 	C:\WINDOWS\SYSTEM32\DNSAPI.dll
0x00007fffe0820000 - 0x00007fffe082b000 	C:\WINDOWS\SYSTEM32\WINNSI.DLL
0x00007fffb6ac0000 - 0x00007fffb6c5c000 	C:\Program Files\Android\Android Studio\jre\jre\bin\awt.dll
0x00007fffe8400000 - 0x00007fffe84cd000 	C:\WINDOWS\System32\OLEAUT32.dll
0x00007fffe4440000 - 0x00007fffe446f000 	C:\WINDOWS\SYSTEM32\dwmapi.dll
0x00007fffe2800000 - 0x00007fffe2dc0000 	C:\WINDOWS\SYSTEM32\d2d1.dll
0x00007fffe3fc0000 - 0x00007fffe4050000 	C:\WINDOWS\SYSTEM32\apphelp.dll
0x00007fffe4090000 - 0x00007fffe412e000 	C:\WINDOWS\system32\uxtheme.dll

VM Arguments:
jvm_args: -Xmx2048m -Dfile.encoding=UTF-8 -Duser.country=BR -Duser.language=pt -Duser.variant 
java_command: org.gradle.launcher.daemon.bootstrap.GradleDaemon 6.5
java_class_path (initial): C:\Users\EAK\.gradle\wrapper\dists\gradle-6.5-bin\6nifqtx7604sqp1q6g8wikw7p\gradle-6.5\lib\gradle-launcher-6.5.jar
Launcher Type: SUN_STANDARD

Environment Variables:
JAVA_HOME=C:\ProgramData\Microsoft\Windows\Start Menu\Programs\Java Development Kit
PATH=C:\Python27\;C:\Python27\Scripts;"C:\Program Files (x86)\Common Files\Oracle\Java\javapath;C:\ProgramData\Microsoft\Windows\Start Menu\Programs\Java Development Kit\bin";C:\Program Files (x86)\Intel\iCLS Client\;C:\Program Files\Intel\iCLS Client\;C:\ProgramData\Oracle\Java\javapath;C:\Windows\system32;C:\Windows;C:\Windows\System32\Wbem;C:\Windows\System32\WindowsPowerShell\v1.0\;C:\Program Files (x86)\NVIDIA Corporation\PhysX\Common;C:\Program Files (x86)\Windows Live\Shared;C:\WINDOWS\system32;C:\WINDOWS;C:\WINDOWS\System32\Wbem;C:\WINDOWS\System32\WindowsPowerShell\v1.0\;C:\Program Files (x86)\Intel\Intel(R) Management Engine Components\DAL;C:\Program Files\Intel\Intel(R) Management Engine Components\DAL;C:\Program Files (x86)\Intel\Intel(R) Management Engine Components\IPT;C:\Program Files\Intel\Intel(R) Management Engine Components\IPT;C:\WINDOWS\System32\OpenSSH\;C:\Program Files\NVIDIA Corporation\NVIDIA NvDLISR;C:\WINDOWS\system32;C:\WINDOWS;C:\WINDOWS\System32\Wbem;C:\WINDOWS\System32\WindowsPowerShell\v1.0\;C:\WINDOWS\System32\OpenSSH\;C:\Program Files\nodejs\;C:\Program Files\dotnet\;C:\Program Files\Microsoft SQL Server\130\Tools\Binn\;C:\Program Files\Microsoft SQL Server\Client SDK\ODBC\170\Tools\Binn\;C:\Program Files\Git\cmd;C:\Program Files (x86)\dotnet\;C:\Program Files\MySQL\MySQL Shell 8.0\bin\;C:\Users\EAK\AppData\Local\Microsoft\WindowsApps;C:\Users\EAK\AppData\Local\GitHubDesktop\bin;C:\Users\EAK\AppData\Roaming\npm;
USERNAME=EAK
OS=Windows_NT
PROCESSOR_IDENTIFIER=Intel64 Family 6 Model 61 Stepping 4, GenuineIntel



---------------  S Y S T E M  ---------------

OS: Windows 10.0 , 64 bit Build 19041 (10.0.19041.804)

CPU:total 4 (initial active 4) (2 cores per cpu, 2 threads per core) family 6 model 61 stepping 4, cmov, cx8, fxsr, mmx, sse, sse2, sse3, ssse3, sse4.1, sse4.2, popcnt, avx, avx2, aes, clmul, erms, 3dnowpref, lzcnt, ht, tsc, tscinvbit, bmi1, bmi2, adx

Memory: 4k page, physical 8296648k(988504k free), swap 8757448k(2604k free)

vm_info: OpenJDK 64-Bit Server VM (25.242-b01) for windows-amd64 JRE (1.8.0_242-release-1644-b01), built by "builder" with MS VC++ 10.0 (VS2010)

time: Wed Apr 28 19:19:22 2021
timezone: Hora oficial do Brasil
elapsed time: 78 seconds (0d 0h 1m 18s)

