#
# There is insufficient memory for the Java Runtime Environment to continue.
# Native memory allocation (malloc) failed to allocate 32744 bytes for ChunkPool::allocate
# Possible reasons:
#   The system is out of physical RAM or swap space
#   The process is running with CompressedOops enabled, and the Java Heap may be blocking the growth of the native heap
# Possible solutions:
#   Reduce memory load on the system
#   Increase physical memory or swap space
#   Check if swap backing store is full
#   Decrease Java heap size (-Xmx/-Xms)
#   Decrease number of Java threads
#   Decrease Java thread stack sizes (-Xss)
#   Set larger code cache with -XX:ReservedCodeCacheSize=
#   JVM is running with Unscaled Compressed Oops mode in which the Java heap is
#     placed in the first 4GB address space. The Java Heap base address is the
#     maximum limit for the native heap growth. Please use -XX:HeapBaseMinAddress
#     to set the Java Heap base and to place the Java Heap above 4GB virtual address.
# This output file may be truncated or incomplete.
#
#  Out of Memory Error (allocation.cpp:272), pid=16816, tid=0x0000000000003ca0
#
# JRE version: OpenJDK Runtime Environment (8.0_242-b01) (build 1.8.0_242-release-1644-b01)
# Java VM: OpenJDK 64-Bit Server VM (25.242-b01 mixed mode windows-amd64 compressed oops)
# Failed to write core dump. Minidumps are not enabled by default on client versions of Windows
#

---------------  T H R E A D  ---------------

Current thread (0x000000001b9a6000):  JavaThread "Daemon worker" [_thread_in_vm, id=15520, stack(0x000000001d710000,0x000000001d810000)]

Stack: [0x000000001d710000,0x000000001d810000]
[error occurred during error reporting (printing stack bounds), id 0xc0000005]

Native frames: (J=compiled Java code, j=interpreted, Vv=VM code, C=native code)

Java frames: (J=compiled Java code, j=interpreted, Vv=VM code)
j  sun.misc.Unsafe.defineAnonymousClass(Ljava/lang/Class;[B[Ljava/lang/Object;)Ljava/lang/Class;+0
j  java.lang.invoke.InnerClassLambdaMetafactory.spinInnerClass()Ljava/lang/Class;+511
j  java.lang.invoke.InnerClassLambdaMetafactory.buildCallSite()Ljava/lang/invoke/CallSite;+1
j  java.lang.invoke.LambdaMetafactory.metafactory(Ljava/lang/invoke/MethodHandles$Lookup;Ljava/lang/String;Ljava/lang/invoke/MethodType;Ljava/lang/invoke/MethodType;Ljava/lang/invoke/MethodHandle;Ljava/lang/invoke/MethodType;)Ljava/lang/invoke/CallSite;+31
j  java.lang.invoke.LambdaForm$DMH.invokeStatic_L6_L(Ljava/lang/Object;Ljava/lang/Object;Ljava/lang/Object;Ljava/lang/Object;Ljava/lang/Object;Ljava/lang/Object;Ljava/lang/Object;)Ljava/lang/Object;+20
j  java.lang.invoke.LambdaForm$BMH.reinvoke(Ljava/lang/Object;Ljava/lang/Object;Ljava/lang/Object;Ljava/lang/Object;Ljava/lang/Object;Ljava/lang/Object;Ljava/lang/Object;)Ljava/lang/Object;+79
j  java.lang.invoke.LambdaForm$MH.invoke_MT(Ljava/lang/Object;Ljava/lang/Object;Ljava/lang/Object;Ljava/lang/Object;Ljava/lang/Object;Ljava/lang/Object;Ljava/lang/Object;Ljava/lang/Object;)Ljava/lang/Object;+30
j  java.lang.invoke.CallSite.makeSite(Ljava/lang/invoke/MethodHandle;Ljava/lang/String;Ljava/lang/invoke/MethodType;Ljava/lang/Object;Ljava/lang/Class;)Ljava/lang/invoke/CallSite;+184
j  java.lang.invoke.MethodHandleNatives.linkCallSiteImpl(Ljava/lang/Class;Ljava/lang/invoke/MethodHandle;Ljava/lang/String;Ljava/lang/invoke/MethodType;Ljava/lang/Object;[Ljava/lang/Object;)Ljava/lang/invoke/MemberName;+6
j  java.lang.invoke.MethodHandleNatives.linkCallSite(Ljava/lang/Object;Ljava/lang/Object;Ljava/lang/Object;Ljava/lang/Object;Ljava/lang/Object;[Ljava/lang/Object;)Ljava/lang/invoke/MemberName;+45
v  ~StubRoutines::call_stub
j  org.gradle.internal.instantiation.generator.AsmBackedClassGenerator$ClassBuilderImpl.mixInDynamicAware()V+71
j  org.gradle.internal.instantiation.generator.AbstractClassGenerator$DslMixInPropertyType.applyTo(Lorg/gradle/internal/instantiation/generator/AbstractClassGenerator$ClassGenerationVisitor;)V+8
j  org.gradle.internal.instantiation.generator.AbstractClassGenerator.generateUnderLock(Ljava/lang/Class;)Lorg/gradle/internal/instantiation/generator/AbstractClassGenerator$GeneratedClassImpl;+415
j  org.gradle.internal.instantiation.generator.AbstractClassGenerator.lambda$new$0(Ljava/lang/Class;)Lorg/gradle/internal/instantiation/generator/AbstractClassGenerator$GeneratedClassImpl;+2
j  org.gradle.internal.instantiation.generator.AbstractClassGenerator$$Lambda$17.transform(Ljava/lang/Object;)Ljava/lang/Object;+8
j  org.gradle.cache.internal.DefaultCrossBuildInMemoryCacheFactory$AbstractCrossBuildInMemoryCache.get(Ljava/lang/Object;Lorg/gradle/api/Transformer;)Ljava/lang/Object;+26
j  org.gradle.internal.instantiation.generator.AbstractClassGenerator.generate(Ljava/lang/Class;)Lorg/gradle/internal/instantiation/generator/ClassGenerator$GeneratedClass;+27
j  org.gradle.internal.instantiation.generator.AsmBackedClassGenerator.generate(Ljava/lang/Class;)Lorg/gradle/internal/instantiation/generator/ClassGenerator$GeneratedClass;+2
j  org.gradle.internal.instantiation.generator.ParamsMatchingConstructorSelector.forParams(Ljava/lang/Class;[Ljava/lang/Object;)Lorg/gradle/internal/instantiation/generator/ClassGenerator$GeneratedConstructor;+5
j  org.gradle.internal.instantiation.generator.DependencyInjectingInstantiator.doCreate(Ljava/lang/Class;Lorg/gradle/api/Describable;[Ljava/lang/Object;)Ljava/lang/Object;+6
j  org.gradle.internal.instantiation.generator.DependencyInjectingInstantiator.newInstance(Ljava/lang/Class;[Ljava/lang/Object;)Ljava/lang/Object;+4
j  org.gradle.plugin.internal.PluginUsePluginServiceRegistry$BuildScopeServices.createPluginResolutionStrategy(Lorg/gradle/internal/reflect/Instantiator;Lorg/gradle/internal/event/ListenerManager;)Lorg/gradle/plugin/management/internal/PluginResolutionStrategyInternal;+11
v  ~StubRoutines::call_stub
j  sun.reflect.NativeMethodAccessorImpl.invoke0(Ljava/lang/reflect/Method;Ljava/lang/Object;[Ljava/lang/Object;)Ljava/lang/Object;+0
j  sun.reflect.NativeMethodAccessorImpl.invoke(Ljava/lang/Object;[Ljava/lang/Object;)Ljava/lang/Object;+100
J 1226 C1 sun.reflect.DelegatingMethodAccessorImpl.invoke(Ljava/lang/Object;[Ljava/lang/Object;)Ljava/lang/Object; (10 bytes) @ 0x0000000003785e44 [0x0000000003785d40+0x104]
J 1225 C1 java.lang.reflect.Method.invoke(Ljava/lang/Object;[Ljava/lang/Object;)Ljava/lang/Object; (62 bytes) @ 0x00000000037865ec [0x0000000003786200+0x3ec]
j  org.gradle.internal.reflect.JavaMethod.invoke(Ljava/lang/Object;[Ljava/lang/Object;)Ljava/lang/Object;+6
j  org.gradle.internal.service.ReflectionBasedServiceMethod.invoke(Ljava/lang/Object;[Ljava/lang/Object;)Ljava/lang/Object;+6
j  org.gradle.internal.service.DefaultServiceRegistry$FactoryMethodService.invokeMethod([Ljava/lang/Object;)Ljava/lang/Object;+9
j  org.gradle.internal.service.DefaultServiceRegistry$FactoryService.create()Ljava/lang/Object;+7
J 1421 C1 org.gradle.internal.service.DefaultServiceRegistry$ManagedObjectServiceProvider.getInstance()Ljava/lang/Object; (81 bytes) @ 0x00000000037f720c [0x00000000037f6fc0+0x24c]
J 1420 C1 org.gradle.internal.service.DefaultServiceRegistry$SingletonService.get()Ljava/lang/Object; (5 bytes) @ 0x00000000037f7774 [0x00000000037f7680+0xf4]
j  org.gradle.internal.service.DefaultServiceRegistry$FactoryService.assembleParameters()[Ljava/lang/Object;+44
j  org.gradle.internal.service.DefaultServiceRegistry$FactoryService.create()Ljava/lang/Object;+1
J 1421 C1 org.gradle.internal.service.DefaultServiceRegistry$ManagedObjectServiceProvider.getInstance()Ljava/lang/Object; (81 bytes) @ 0x00000000037f720c [0x00000000037f6fc0+0x24c]
J 1420 C1 org.gradle.internal.service.DefaultServiceRegistry$SingletonService.get()Ljava/lang/Object; (5 bytes) @ 0x00000000037f7774 [0x00000000037f7680+0xf4]
j  org.gradle.internal.service.DefaultServiceRegistry.find(Ljava/lang/reflect/Type;)Ljava/lang/Object;+22
j  org.gradle.internal.service.DefaultServiceRegistry.get(Ljava/lang/reflect/Type;)Ljava/lang/Object;+2
j  org.gradle.internal.service.DefaultServiceRegistry.get(Ljava/lang/Class;)Ljava/lang/Object;+3
j  org.gradle.internal.service.scopes.BuildScopeServices.defaultScriptPluginFactory()Lorg/gradle/configuration/DefaultScriptPluginFactory;+32
j  org.gradle.internal.service.scopes.BuildScopeServices.createScriptPluginFactory(Lorg/gradle/internal/instantiation/InstantiatorFactory;Lorg/gradle/internal/operations/BuildOperationExecutor;Lorg/gradle/configuration/internal/UserCodeApplicationContext;)Lorg/gradle/configuration/ScriptPluginFactory;+1
v  ~StubRoutines::call_stub
j  sun.reflect.NativeMethodAccessorImpl.invoke0(Ljava/lang/reflect/Method;Ljava/lang/Object;[Ljava/lang/Object;)Ljava/lang/Object;+0
j  sun.reflect.NativeMethodAccessorImpl.invoke(Ljava/lang/Object;[Ljava/lang/Object;)Ljava/lang/Object;+100
J 1226 C1 sun.reflect.DelegatingMethodAccessorImpl.invoke(Ljava/lang/Object;[Ljava/lang/Object;)Ljava/lang/Object; (10 bytes) @ 0x0000000003785e44 [0x0000000003785d40+0x104]
J 1225 C1 java.lang.reflect.Method.invoke(Ljava/lang/Object;[Ljava/lang/Object;)Ljava/lang/Object; (62 bytes) @ 0x00000000037865ec [0x0000000003786200+0x3ec]
j  org.gradle.internal.reflect.JavaMethod.invoke(Ljava/lang/Object;[Ljava/lang/Object;)Ljava/lang/Object;+6
j  org.gradle.internal.service.ReflectionBasedServiceMethod.invoke(Ljava/lang/Object;[Ljava/lang/Object;)Ljava/lang/Object;+6
j  org.gradle.internal.service.DefaultServiceRegistry$FactoryMethodService.invokeMethod([Ljava/lang/Object;)Ljava/lang/Object;+9
j  org.gradle.internal.service.DefaultServiceRegistry$FactoryService.create()Ljava/lang/Object;+7
J 1421 C1 org.gradle.internal.service.DefaultServiceRegistry$ManagedObjectServiceProvider.getInstance()Ljava/lang/Object; (81 bytes) @ 0x00000000037f720c [0x00000000037f6fc0+0x24c]
J 1420 C1 org.gradle.internal.service.DefaultServiceRegistry$SingletonService.get()Ljava/lang/Object; (5 bytes) @ 0x00000000037f7774 [0x00000000037f7680+0xf4]
j  org.gradle.internal.service.DefaultServiceRegistry$FactoryService.assembleParameters()[Ljava/lang/Object;+44
j  org.gradle.internal.service.DefaultServiceRegistry$FactoryService.create()Ljava/lang/Object;+1
J 1421 C1 org.gradle.internal.service.DefaultServiceRegistry$ManagedObjectServiceProvider.getInstance()Ljava/lang/Object; (81 bytes) @ 0x00000000037f720c [0x00000000037f6fc0+0x24c]
J 1420 C1 org.gradle.internal.service.DefaultServiceRegistry$SingletonService.get()Ljava/lang/Object; (5 bytes) @ 0x00000000037f7774 [0x00000000037f7680+0xf4]
j  org.gradle.internal.service.DefaultServiceRegistry$FactoryService.assembleParameters()[Ljava/lang/Object;+44
j  org.gradle.internal.service.DefaultServiceRegistry$FactoryService.create()Ljava/lang/Object;+1
J 1421 C1 org.gradle.internal.service.DefaultServiceRegistry$ManagedObjectServiceProvider.getInstance()Ljava/lang/Object; (81 bytes) @ 0x00000000037f720c [0x00000000037f6fc0+0x24c]
J 1420 C1 org.gradle.internal.service.DefaultServiceRegistry$SingletonService.get()Ljava/lang/Object; (5 bytes) @ 0x00000000037f7774 [0x00000000037f7680+0xf4]
j  org.gradle.internal.service.DefaultServiceRegistry.find(Ljava/lang/reflect/Type;)Ljava/lang/Object;+22
j  org.gradle.internal.service.DefaultServiceRegistry.get(Ljava/lang/reflect/Type;)Ljava/lang/Object;+2
j  org.gradle.internal.service.DefaultServiceRegistry.get(Ljava/lang/Class;)Ljava/lang/Object;+3
j  org.gradle.initialization.DefaultGradleLauncherFactory.doNewInstance(Lorg/gradle/api/internal/BuildDefinition;Lorg/gradle/internal/build/BuildState;Lorg/gradle/initialization/GradleLauncher;Lorg/gradle/internal/service/scopes/BuildTreeScopeServices;Ljava/util/List;)Lorg/gradle/initialization/DefaultGradleLauncher;+231
j  org.gradle.initialization.DefaultGradleLauncherFactory.newInstance(Lorg/gradle/api/internal/BuildDefinition;Lorg/gradle/internal/build/RootBuildState;Lorg/gradle/internal/service/scopes/BuildTreeScopeServices;)Lorg/gradle/initialization/GradleLauncher;+33
j  org.gradle.composite.internal.DefaultRootBuildState.<init>(Lorg/gradle/api/internal/BuildDefinition;Lorg/gradle/initialization/GradleLauncherFactory;Lorg/gradle/internal/event/ListenerManager;Lorg/gradle/internal/service/scopes/BuildTreeScopeServices;)V+15
j  org.gradle.composite.internal.DefaultIncludedBuildRegistry.createRootBuild(Lorg/gradle/api/internal/BuildDefinition;)Lorg/gradle/internal/build/RootBuildState;+35
j  org.gradle.launcher.exec.InProcessBuildActionExecuter.execute(Lorg/gradle/internal/invocation/BuildAction;Lorg/gradle/initialization/BuildRequestContext;Lorg/gradle/launcher/exec/BuildActionParameters;Lorg/gradle/internal/service/ServiceRegistry;)Lorg/gradle/launcher/exec/BuildActionResult;+61
j  org.gradle.launcher.exec.InProcessBuildActionExecuter.execute(Lorg/gradle/internal/invocation/BuildAction;Lorg/gradle/initialization/BuildRequestContext;Ljava/lang/Object;Lorg/gradle/internal/service/ServiceRegistry;)Lorg/gradle/launcher/exec/BuildActionResult;+9
j  org.gradle.launcher.exec.BuildTreeScopeBuildActionExecuter.execute(Lorg/gradle/internal/invocation/BuildAction;Lorg/gradle/initialization/BuildRequestContext;Lorg/gradle/launcher/exec/BuildActionParameters;Lorg/gradle/internal/service/ServiceRegistry;)Lorg/gradle/launcher/exec/BuildActionResult;+38
j  org.gradle.launcher.exec.BuildTreeScopeBuildActionExecuter.execute(Lorg/gradle/internal/invocation/BuildAction;Lorg/gradle/initialization/BuildRequestContext;Ljava/lang/Object;Lorg/gradle/internal/service/ServiceRegistry;)Lorg/gradle/launcher/exec/BuildActionResult;+9
j  org.gradle.tooling.internal.provider.ContinuousBuildActionExecuter.execute(Lorg/gradle/internal/invocation/BuildAction;Lorg/gradle/initialization/BuildRequestContext;Lorg/gradle/launcher/exec/BuildActionParameters;Lorg/gradle/internal/service/ServiceRegistry;)Lorg/gradle/launcher/exec/BuildActionResult;+58
j  org.gradle.tooling.internal.provider.ContinuousBuildActionExecuter.execute(Lorg/gradle/internal/invocation/BuildAction;Lorg/gradle/initialization/BuildRequestContext;Ljava/lang/Object;Lorg/gradle/internal/service/ServiceRegistry;)Lorg/gradle/launcher/exec/BuildActionResult;+9
j  org.gradle.tooling.internal.provider.SubscribableBuildActionExecuter.execute(Lorg/gradle/internal/invocation/BuildAction;Lorg/gradle/initialization/BuildRequestContext;Lorg/gradle/launcher/exec/BuildActionParameters;Lorg/gradle/internal/service/ServiceRegistry;)Lorg/gradle/launcher/exec/BuildActionResult;+41
j  org.gradle.tooling.internal.provider.SubscribableBuildActionExecuter.execute(Lorg/gradle/internal/invocation/BuildAction;Lorg/gradle/initialization/BuildRequestContext;Ljava/lang/Object;Lorg/gradle/internal/service/ServiceRegistry;)Lorg/gradle/launcher/exec/BuildActionResult;+9
j  org.gradle.tooling.internal.provider.SessionScopeBuildActionExecuter.execute(Lorg/gradle/internal/invocation/BuildAction;Lorg/gradle/initialization/BuildRequestContext;Lorg/gradle/launcher/exec/BuildActionParameters;Lorg/gradle/internal/service/ServiceRegistry;)Lorg/gradle/launcher/exec/BuildActionResult;+117
j  org.gradle.tooling.internal.provider.SessionScopeBuildActionExecuter.execute(Lorg/gradle/internal/invocation/BuildAction;Lorg/gradle/initialization/BuildRequestContext;Ljava/lang/Object;Lorg/gradle/internal/service/ServiceRegistry;)Lorg/gradle/launcher/exec/BuildActionResult;+9
j  org.gradle.tooling.internal.provider.GradleThreadBuildActionExecuter.execute(Lorg/gradle/internal/invocation/BuildAction;Lorg/gradle/initialization/BuildRequestContext;Lorg/gradle/launcher/exec/BuildActionParameters;Lorg/gradle/internal/service/ServiceRegistry;)Lorg/gradle/launcher/exec/BuildActionResult;+12
j  org.gradle.tooling.internal.provider.GradleThreadBuildActionExecuter.execute(Lorg/gradle/internal/invocation/BuildAction;Lorg/gradle/initialization/BuildRequestContext;Ljava/lang/Object;Lorg/gradle/internal/service/ServiceRegistry;)Lorg/gradle/launcher/exec/BuildActionResult;+9
j  org.gradle.tooling.internal.provider.StartParamsValidatingActionExecuter.execute(Lorg/gradle/internal/invocation/BuildAction;Lorg/gradle/initialization/BuildRequestContext;Lorg/gradle/launcher/exec/BuildActionParameters;Lorg/gradle/internal/service/ServiceRegistry;)Lorg/gradle/launcher/exec/BuildActionResult;+177
j  org.gradle.tooling.internal.provider.StartParamsValidatingActionExecuter.execute(Lorg/gradle/internal/invocation/BuildAction;Lorg/gradle/initialization/BuildRequestContext;Ljava/lang/Object;Lorg/gradle/internal/service/ServiceRegistry;)Lorg/gradle/launcher/exec/BuildActionResult;+9
j  org.gradle.tooling.internal.provider.SessionFailureReportingActionExecuter.execute(Lorg/gradle/internal/invocation/BuildAction;Lorg/gradle/initialization/BuildRequestContext;Lorg/gradle/launcher/exec/BuildActionParameters;Lorg/gradle/internal/service/ServiceRegistry;)Lorg/gradle/launcher/exec/BuildActionResult;+9
j  org.gradle.tooling.internal.provider.SessionFailureReportingActionExecuter.execute(Lorg/gradle/internal/invocation/BuildAction;Lorg/gradle/initialization/BuildRequestContext;Ljava/lang/Object;Lorg/gradle/internal/service/ServiceRegistry;)Lorg/gradle/launcher/exec/BuildActionResult;+9
j  org.gradle.tooling.internal.provider.SetupLoggingActionExecuter.execute(Lorg/gradle/internal/invocation/BuildAction;Lorg/gradle/initialization/BuildRequestContext;Lorg/gradle/launcher/exec/BuildActionParameters;Lorg/gradle/internal/service/ServiceRegistry;)Lorg/gradle/launcher/exec/BuildActionResult;+52
j  org.gradle.tooling.internal.provider.SetupLoggingActionExecuter.execute(Lorg/gradle/internal/invocation/BuildAction;Lorg/gradle/initialization/BuildRequestContext;Ljava/lang/Object;Lorg/gradle/internal/service/ServiceRegistry;)Lorg/gradle/launcher/exec/BuildActionResult;+9
j  org.gradle.launcher.daemon.server.exec.ExecuteBuild.doBuild(Lorg/gradle/launcher/daemon/server/api/DaemonCommandExecution;Lorg/gradle/launcher/daemon/protocol/Build;)V+118
j  org.gradle.launcher.daemon.server.exec.BuildCommandOnly.execute(Lorg/gradle/launcher/daemon/server/api/DaemonCommandExecution;)V+49
j  org.gradle.launcher.daemon.server.api.DaemonCommandExecution.proceed()Z+23
j  org.gradle.launcher.daemon.server.exec.WatchForDisconnection.execute(Lorg/gradle/launcher/daemon/server/api/DaemonCommandExecution;)V+19
j  org.gradle.launcher.daemon.server.api.DaemonCommandExecution.proceed()Z+23
j  org.gradle.launcher.daemon.server.exec.ResetDeprecationLogger.execute(Lorg/gradle/launcher/daemon/server/api/DaemonCommandExecution;)V+7
j  org.gradle.launcher.daemon.server.api.DaemonCommandExecution.proceed()Z+23
j  org.gradle.launcher.daemon.server.exec.RequestStopIfSingleUsedDaemon.execute(Lorg/gradle/launcher/daemon/server/api/DaemonCommandExecution;)V+33
j  org.gradle.launcher.daemon.server.api.DaemonCommandExecution.proceed()Z+23
j  org.gradle.launcher.daemon.server.exec.ForwardClientInput$2.create()Ljava/lang/Void;+4
j  org.gradle.launcher.daemon.server.exec.ForwardClientInput$2.create()Ljava/lang/Object;+1
j  org.gradle.util.Swapper.swap(Ljava/lang/Object;Lorg/gradle/internal/Factory;)Ljava/lang/Object;+21
j  org.gradle.launcher.daemon.server.exec.ForwardClientInput.execute(Lorg/gradle/launcher/daemon/server/api/DaemonCommandExecution;)V+63
j  org.gradle.launcher.daemon.server.api.DaemonCommandExecution.proceed()Z+23
j  org.gradle.launcher.daemon.server.exec.LogAndCheckHealth.execute(Lorg/gradle/launcher/daemon/server/api/DaemonCommandExecution;)V+28
j  org.gradle.launcher.daemon.server.api.DaemonCommandExecution.proceed()Z+23
j  org.gradle.launcher.daemon.server.exec.LogToClient.doBuild(Lorg/gradle/launcher/daemon/server/api/DaemonCommandExecution;Lorg/gradle/launcher/daemon/protocol/Build;)V+87
j  org.gradle.launcher.daemon.server.exec.BuildCommandOnly.execute(Lorg/gradle/launcher/daemon/server/api/DaemonCommandExecution;)V+49
j  org.gradle.launcher.daemon.server.api.DaemonCommandExecution.proceed()Z+23
j  org.gradle.launcher.daemon.server.exec.EstablishBuildEnvironment.doBuild(Lorg/gradle/launcher/daemon/server/api/DaemonCommandExecution;Lorg/gradle/launcher/daemon/protocol/Build;)V+351
j  org.gradle.launcher.daemon.server.exec.BuildCommandOnly.execute(Lorg/gradle/launcher/daemon/server/api/DaemonCommandExecution;)V+49
j  org.gradle.launcher.daemon.server.api.DaemonCommandExecution.proceed()Z+23
j  org.gradle.launcher.daemon.server.exec.StartBuildOrRespondWithBusy$1.run()V+44
j  org.gradle.launcher.daemon.server.DaemonStateCoordinator$1.run()V+4
j  org.gradle.internal.concurrent.ExecutorPolicy$CatchAndRecordFailures.onExecute(Ljava/lang/Runnable;)V+1
j  org.gradle.internal.concurrent.ManagedExecutorImpl$1.run()V+25
j  java.util.concurrent.ThreadPoolExecutor.runWorker(Ljava/util/concurrent/ThreadPoolExecutor$Worker;)V+95
j  java.util.concurrent.ThreadPoolExecutor$Worker.run()V+5
j  org.gradle.internal.concurrent.ThreadFactoryImpl$ManagedThreadRunnable.run()V+7
j  java.lang.Thread.run()V+11
v  ~StubRoutines::call_stub

---------------  P R O C E S S  ---------------

Java Threads: ( => current thread )
  0x000000001bce4800 JavaThread "Cache worker for file hash cache (C:\Users\EAK\.gradle\caches\6.5\fileHashes)" [_thread_blocked, id=236, stack(0x000000001e010000,0x000000001e110000)]
  0x000000001bce5800 JavaThread "File lock request listener" [_thread_in_native, id=9440, stack(0x000000001df10000,0x000000001e010000)]
  0x000000001b9c9800 JavaThread "Cache worker for journal cache (C:\Users\EAK\.gradle\caches\journal-1)" [_thread_blocked, id=5248, stack(0x000000001dd10000,0x000000001de10000)]
  0x000000001b986800 JavaThread "Thread-9" [_thread_blocked, id=23480, stack(0x000000001da10000,0x000000001db10000)]
  0x000000001b981800 JavaThread "Stdin handler" [_thread_blocked, id=6764, stack(0x000000001d910000,0x000000001da10000)]
  0x000000001b979800 JavaThread "Asynchronous log dispatcher for DefaultDaemonConnection: socket connection from /127.0.0.1:64338 to /127.0.0.1:64339" [_thread_blocked, id=16692, stack(0x000000001d810000,0x000000001d910000)]
=>0x000000001b9a6000 JavaThread "Daemon worker" [_thread_in_vm, id=15520, stack(0x000000001d710000,0x000000001d810000)]
  0x000000001b9a5000 JavaThread "Cancel handler" [_thread_blocked, id=19064, stack(0x000000001d610000,0x000000001d710000)]
  0x000000001a9b9000 JavaThread "Handler for socket connection from /127.0.0.1:64338 to /127.0.0.1:64339" [_thread_in_native, id=15556, stack(0x000000001d510000,0x000000001d610000)]
  0x000000001b8ed800 JavaThread "Daemon" [_thread_blocked, id=13860, stack(0x000000001d410000,0x000000001d510000)]
  0x000000001b8e5000 JavaThread "Daemon periodic checks" [_thread_blocked, id=19864, stack(0x000000001d110000,0x000000001d210000)]
  0x000000001b8eb000 JavaThread "Incoming local TCP Connector on port 64338" [_thread_in_native, id=12252, stack(0x000000001ceb0000,0x000000001cfb0000)]
  0x00000000199a1000 JavaThread "Daemon health stats" [_thread_blocked, id=5296, stack(0x000000001c870000,0x000000001c970000)]
  0x0000000019900800 JavaThread "Service Thread" daemon [_thread_blocked, id=19584, stack(0x0000000019cd0000,0x0000000019dd0000)]
  0x0000000017f52800 JavaThread "C1 CompilerThread2" daemon [_thread_blocked, id=17656, stack(0x00000000197d0000,0x00000000198d0000)]
  0x0000000017f4b000 JavaThread "C2 CompilerThread1" daemon [_thread_in_native, id=7816, stack(0x00000000196d0000,0x00000000197d0000)]
  0x0000000017f44800 JavaThread "C2 CompilerThread0" daemon [_thread_in_native, id=12848, stack(0x00000000195d0000,0x00000000196d0000)]
  0x0000000017f43000 JavaThread "Attach Listener" daemon [_thread_blocked, id=19448, stack(0x00000000194d0000,0x00000000195d0000)]
  0x0000000017f41800 JavaThread "Signal Dispatcher" daemon [_thread_blocked, id=17240, stack(0x00000000193d0000,0x00000000194d0000)]
  0x000000000331c800 JavaThread "Finalizer" daemon [_thread_blocked, id=19128, stack(0x00000000191c0000,0x00000000192c0000)]
  0x0000000017f29000 JavaThread "Reference Handler" daemon [_thread_blocked, id=20348, stack(0x00000000190c0000,0x00000000191c0000)]
  0x000000000311e000 JavaThread "main" [_thread_blocked, id=7028, stack(0x0000000003120000,0x0000000003220000)]

Other Threads:
  0x0000000017f07000 VMThread [stack: 0x0000000018fc0000,0x00000000190c0000] [id=22596]
  0x0000000019902000 WatcherThread [stack: 0x0000000019dd0000,0x0000000019ed0000] [id=22856]

VM state:not at safepoint (normal execution)

VM Mutex/Monitor currently owned by a thread: None

heap address: 0x0000000080000000, size: 2048 MB, Compressed Oops mode: 32-bit
Narrow klass base: 0x0000000000000000, Narrow klass shift: 3
Compressed class space size: 1073741824 Address: 0x0000000100000000

Heap:
 PSYoungGen      total 38400K, used 9500K [0x00000000d5580000, 0x00000000da080000, 0x0000000100000000)
  eden space 33280K, 13% used [0x00000000d5580000,0x00000000d59cb290,0x00000000d7600000)
  from space 5120K, 99% used [0x00000000d7600000,0x00000000d7afc010,0x00000000d7b00000)
  to   space 5120K, 0% used [0x00000000d7b00000,0x00000000d7b00000,0x00000000d8000000)
 ParOldGen       total 87552K, used 6710K [0x0000000080000000, 0x0000000085580000, 0x00000000d5580000)
  object space 87552K, 7% used [0x0000000080000000,0x000000008068db50,0x0000000085580000)
 Metaspace       used 18365K, capacity 18994K, committed 19200K, reserved 1064960K
  class space    used 2510K, capacity 2703K, committed 2816K, reserved 1048576K

Card table byte_map: [0x00000000126e0000,0x0000000012af0000] byte_map_base: 0x00000000122e0000

Marking Bits: (ParMarkBitMap*) 0x0000000074edf030
 Begin Bits: [0x00000000131a0000, 0x00000000151a0000)
 End Bits:   [0x00000000151a0000, 0x00000000171a0000)

Polling page: 0x0000000001810000

CodeCache: size=245760Kb used=5566Kb max_used=5566Kb free=240193Kb
 bounds [0x0000000003320000, 0x00000000038a0000, 0x0000000012320000]
 total_blobs=2026 nmethods=1615 adapters=324
 compilation: enabled

Compilation events (10 events):
Event: 3.796 Thread 0x0000000017f52800 nmethod 1618 0x000000000388f9d0 code [0x000000000388fb20, 0x000000000388fc30]
Event: 3.796 Thread 0x0000000017f52800 1619       3       java.lang.reflect.Modifier::isProtected (12 bytes)
Event: 3.796 Thread 0x0000000017f52800 nmethod 1619 0x000000000388fc90 code [0x000000000388fde0, 0x000000000388ff70]
Event: 3.796 Thread 0x0000000017f52800 1620       1       java.lang.invoke.MethodHandles$Lookup::lookupClass (5 bytes)
Event: 3.796 Thread 0x0000000017f52800 nmethod 1620 0x000000000388ffd0 code [0x0000000003890120, 0x0000000003890230]
Event: 3.797 Thread 0x0000000017f52800 1621       3       java.lang.invoke.LambdaForm$DMH/925858445::invokeStatic_LL_L (15 bytes)
Event: 3.797 Thread 0x0000000017f52800 nmethod 1621 0x0000000003890290 code [0x0000000003890420, 0x00000000038909b8]
Event: 3.798 Thread 0x0000000017f52800 1623       1       java.lang.invoke.DirectMethodHandle::internalMemberName (5 bytes)
Event: 3.798 Thread 0x0000000017f52800 nmethod 1623 0x0000000003890c90 code [0x0000000003890de0, 0x0000000003890ef0]
Event: 3.800 Thread 0x0000000017f52800 1624       3       sun.invoke.util.BytecodeDescriptor::unparse (18 bytes)

GC Heap History (10 events):
Event: 1.151 GC heap before
{Heap before GC invocations=1 (full 0):
 PSYoungGen      total 38400K, used 33280K [0x00000000d5580000, 0x00000000d8000000, 0x0000000100000000)
  eden space 33280K, 100% used [0x00000000d5580000,0x00000000d7600000,0x00000000d7600000)
  from space 5120K, 0% used [0x00000000d7b00000,0x00000000d7b00000,0x00000000d8000000)
  to   space 5120K, 0% used [0x00000000d7600000,0x00000000d7600000,0x00000000d7b00000)
 ParOldGen       total 87552K, used 0K [0x0000000080000000, 0x0000000085580000, 0x00000000d5580000)
  object space 87552K, 0% used [0x0000000080000000,0x0000000080000000,0x0000000085580000)
 Metaspace       used 7575K, capacity 7914K, committed 8064K, reserved 1056768K
  class space    used 931K, capacity 1041K, committed 1152K, reserved 1048576K
Event: 1.159 GC heap after
Heap after GC invocations=1 (full 0):
 PSYoungGen      total 38400K, used 4566K [0x00000000d5580000, 0x00000000d8000000, 0x0000000100000000)
  eden space 33280K, 0% used [0x00000000d5580000,0x00000000d5580000,0x00000000d7600000)
  from space 5120K, 89% used [0x00000000d7600000,0x00000000d7a75b68,0x00000000d7b00000)
  to   space 5120K, 0% used [0x00000000d7b00000,0x00000000d7b00000,0x00000000d8000000)
 ParOldGen       total 87552K, used 8K [0x0000000080000000, 0x0000000085580000, 0x00000000d5580000)
  object space 87552K, 0% used [0x0000000080000000,0x0000000080002000,0x0000000085580000)
 Metaspace       used 7575K, capacity 7914K, committed 8064K, reserved 1056768K
  class space    used 931K, capacity 1041K, committed 1152K, reserved 1048576K
}
Event: 1.532 GC heap before
{Heap before GC invocations=2 (full 0):
 PSYoungGen      total 38400K, used 37846K [0x00000000d5580000, 0x00000000d8000000, 0x0000000100000000)
  eden space 33280K, 100% used [0x00000000d5580000,0x00000000d7600000,0x00000000d7600000)
  from space 5120K, 89% used [0x00000000d7600000,0x00000000d7a75b68,0x00000000d7b00000)
  to   space 5120K, 0% used [0x00000000d7b00000,0x00000000d7b00000,0x00000000d8000000)
 ParOldGen       total 87552K, used 8K [0x0000000080000000, 0x0000000085580000, 0x00000000d5580000)
  object space 87552K, 0% used [0x0000000080000000,0x0000000080002000,0x0000000085580000)
 Metaspace       used 7817K, capacity 8162K, committed 8320K, reserved 1056768K
  class space    used 958K, capacity 1081K, committed 1152K, reserved 1048576K
Event: 1.535 GC heap after
Heap after GC invocations=2 (full 0):
 PSYoungGen      total 38400K, used 3373K [0x00000000d5580000, 0x00000000d8000000, 0x0000000100000000)
  eden space 33280K, 0% used [0x00000000d5580000,0x00000000d5580000,0x00000000d7600000)
  from space 5120K, 65% used [0x00000000d7b00000,0x00000000d7e4b7e0,0x00000000d8000000)
  to   space 5120K, 0% used [0x00000000d7600000,0x00000000d7600000,0x00000000d7b00000)
 ParOldGen       total 87552K, used 16K [0x0000000080000000, 0x0000000085580000, 0x00000000d5580000)
  object space 87552K, 0% used [0x0000000080000000,0x0000000080004000,0x0000000085580000)
 Metaspace       used 7817K, capacity 8162K, committed 8320K, reserved 1056768K
  class space    used 958K, capacity 1081K, committed 1152K, reserved 1048576K
}
Event: 2.880 GC heap before
{Heap before GC invocations=3 (full 0):
 PSYoungGen      total 38400K, used 36653K [0x00000000d5580000, 0x00000000d8000000, 0x0000000100000000)
  eden space 33280K, 100% used [0x00000000d5580000,0x00000000d7600000,0x00000000d7600000)
  from space 5120K, 65% used [0x00000000d7b00000,0x00000000d7e4b7e0,0x00000000d8000000)
  to   space 5120K, 0% used [0x00000000d7600000,0x00000000d7600000,0x00000000d7b00000)
 ParOldGen       total 87552K, used 16K [0x0000000080000000, 0x0000000085580000, 0x00000000d5580000)
  object space 87552K, 0% used [0x0000000080000000,0x0000000080004000,0x0000000085580000)
 Metaspace       used 12233K, capacity 12584K, committed 12800K, reserved 1060864K
  class space    used 1636K, capacity 1730K, committed 1792K, reserved 1048576K
Event: 2.887 GC heap after
Heap after GC invocations=3 (full 0):
 PSYoungGen      total 38400K, used 5088K [0x00000000d5580000, 0x00000000d8000000, 0x0000000100000000)
  eden space 33280K, 0% used [0x00000000d5580000,0x00000000d5580000,0x00000000d7600000)
  from space 5120K, 99% used [0x00000000d7600000,0x00000000d7af8020,0x00000000d7b00000)
  to   space 5120K, 0% used [0x00000000d7b00000,0x00000000d7b00000,0x00000000d8000000)
 ParOldGen       total 87552K, used 1225K [0x0000000080000000, 0x0000000085580000, 0x00000000d5580000)
  object space 87552K, 1% used [0x0000000080000000,0x00000000801325f0,0x0000000085580000)
 Metaspace       used 12233K, capacity 12584K, committed 12800K, reserved 1060864K
  class space    used 1636K, capacity 1730K, committed 1792K, reserved 1048576K
}
Event: 3.265 GC heap before
{Heap before GC invocations=4 (full 0):
 PSYoungGen      total 38400K, used 38368K [0x00000000d5580000, 0x00000000d8000000, 0x0000000100000000)
  eden space 33280K, 100% used [0x00000000d5580000,0x00000000d7600000,0x00000000d7600000)
  from space 5120K, 99% used [0x00000000d7600000,0x00000000d7af8020,0x00000000d7b00000)
  to   space 5120K, 0% used [0x00000000d7b00000,0x00000000d7b00000,0x00000000d8000000)
 ParOldGen       total 87552K, used 1225K [0x0000000080000000, 0x0000000085580000, 0x00000000d5580000)
  object space 87552K, 1% used [0x0000000080000000,0x00000000801325f0,0x0000000085580000)
 Metaspace       used 15447K, capacity 16048K, committed 16384K, reserved 1062912K
  class space    used 2042K, capacity 2192K, committed 2304K, reserved 1048576K
Event: 3.275 GC heap after
Heap after GC invocations=4 (full 0):
 PSYoungGen      total 38400K, used 5114K [0x00000000d5580000, 0x00000000da080000, 0x0000000100000000)
  eden space 33280K, 0% used [0x00000000d5580000,0x00000000d5580000,0x00000000d7600000)
  from space 5120K, 99% used [0x00000000d7b00000,0x00000000d7ffe928,0x00000000d8000000)
  to   space 5120K, 0% used [0x00000000d7600000,0x00000000d7600000,0x00000000d7b00000)
 ParOldGen       total 87552K, used 3639K [0x0000000080000000, 0x0000000085580000, 0x00000000d5580000)
  object space 87552K, 4% used [0x0000000080000000,0x000000008038dee0,0x0000000085580000)
 Metaspace       used 15447K, capacity 16048K, committed 16384K, reserved 1062912K
  class space    used 2042K, capacity 2192K, committed 2304K, reserved 1048576K
}
Event: 3.687 GC heap before
{Heap before GC invocations=5 (full 0):
 PSYoungGen      total 38400K, used 38394K [0x00000000d5580000, 0x00000000da080000, 0x0000000100000000)
  eden space 33280K, 100% used [0x00000000d5580000,0x00000000d7600000,0x00000000d7600000)
  from space 5120K, 99% used [0x00000000d7b00000,0x00000000d7ffe928,0x00000000d8000000)
  to   space 5120K, 0% used [0x00000000d7600000,0x00000000d7600000,0x00000000d7b00000)
 ParOldGen       total 87552K, used 3639K [0x0000000080000000, 0x0000000085580000, 0x00000000d5580000)
  object space 87552K, 4% used [0x0000000080000000,0x000000008038dee0,0x0000000085580000)
 Metaspace       used 17841K, capacity 18448K, committed 18560K, reserved 1064960K
  class space    used 2449K, capacity 2632K, committed 2688K, reserved 1048576K
Event: 3.704 GC heap after
Heap after GC invocations=5 (full 0):
 PSYoungGen      total 38400K, used 5104K [0x00000000d5580000, 0x00000000da080000, 0x0000000100000000)
  eden space 33280K, 0% used [0x00000000d5580000,0x00000000d5580000,0x00000000d7600000)
  from space 5120K, 99% used [0x00000000d7600000,0x00000000d7afc010,0x00000000d7b00000)
  to   space 5120K, 0% used [0x00000000d7b00000,0x00000000d7b00000,0x00000000d8000000)
 ParOldGen       total 87552K, used 6710K [0x0000000080000000, 0x0000000085580000, 0x00000000d5580000)
  object space 87552K, 7% used [0x0000000080000000,0x000000008068db50,0x0000000085580000)
 Metaspace       used 17841K, capacity 18448K, committed 18560K, reserved 1064960K
  class space    used 2449K, capacity 2632K, committed 2688K, reserved 1048576K
}

Deoptimization events (10 events):
Event: 3.109 Thread 0x000000001b9a6000 Uncommon trap: reason=class_check action=maybe_recompile pc=0x000000000366e0d8 method=java.util.regex.Matcher.match(II)Z @ 86
Event: 3.109 Thread 0x000000001b9a6000 Uncommon trap: reason=class_check action=maybe_recompile pc=0x00000000034f58cc method=java.util.regex.Matcher.match(II)Z @ 86
Event: 3.253 Thread 0x000000001b9a6000 Uncommon trap: reason=unstable_if action=reinterpret pc=0x0000000003664b9c method=java.io.File.getName()Ljava/lang/String; @ 16
Event: 3.253 Thread 0x000000001b9a6000 Uncommon trap: reason=unstable_if action=reinterpret pc=0x0000000003660b54 method=java.lang.String.substring(I)Ljava/lang/String; @ 35
Event: 3.520 Thread 0x000000001b9a6000 Uncommon trap: reason=unstable_if action=reinterpret pc=0x0000000003662f70 method=java.util.LinkedHashMap.afterNodeInsertion(Z)V @ 1
Event: 3.522 Thread 0x000000001b9a6000 Uncommon trap: reason=unstable_if action=reinterpret pc=0x00000000035a2fc4 method=java.util.HashMap.getNode(ILjava/lang/Object;)Ljava/util/HashMap$Node; @ 129
Event: 3.522 Thread 0x000000001b9a6000 Uncommon trap: reason=bimorphic action=maybe_recompile pc=0x00000000037dc390 method=java.util.HashMap.putVal(ILjava/lang/Object;Ljava/lang/Object;ZZ)Ljava/lang/Object; @ 203
Event: 3.525 Thread 0x000000001b9a6000 Uncommon trap: reason=unstable_if action=reinterpret pc=0x0000000003597848 method=java.util.HashMap.getNode(ILjava/lang/Object;)Ljava/util/HashMap$Node; @ 129
Event: 3.525 Thread 0x000000001b9a6000 Uncommon trap: reason=bimorphic action=maybe_recompile pc=0x00000000037dc390 method=java.util.HashMap.putVal(ILjava/lang/Object;Ljava/lang/Object;ZZ)Ljava/lang/Object; @ 203
Event: 3.672 Thread 0x000000001b9a6000 Uncommon trap: reason=unstable_if action=reinterpret pc=0x000000000383894c method=java.util.jar.Attributes$Name.isDigit(C)Z @ 3

Classes redefined (0 events):
No events

Internal exceptions (10 events):
Event: 2.816 Thread 0x000000001a9b9000 Exception <a 'java/lang/NoSuchMethodError': <clinit>> (0x00000000d72d9350) thrown at [C:\src\AOSP-openjdk-git\hotspot\src\share\vm\prims\jni.cpp, line 1615]
Event: 2.817 Thread 0x000000001a9b9000 Exception <a 'java/lang/NoSuchMethodError': <clinit>> (0x00000000d72ed908) thrown at [C:\src\AOSP-openjdk-git\hotspot\src\share\vm\prims\jni.cpp, line 1615]
Event: 2.829 Thread 0x000000001a9b9000 Exception <a 'java/lang/NoSuchMethodError': <clinit>> (0x00000000d735aff0) thrown at [C:\src\AOSP-openjdk-git\hotspot\src\share\vm\prims\jni.cpp, line 1615]
Event: 2.835 Thread 0x000000001a9b9000 Exception <a 'java/lang/NoSuchMethodError': <clinit>> (0x00000000d73954d8) thrown at [C:\src\AOSP-openjdk-git\hotspot\src\share\vm\prims\jni.cpp, line 1615]
Event: 2.842 Thread 0x000000001a9b9000 Exception <a 'java/lang/NoSuchMethodError': <clinit>> (0x00000000d73cb050) thrown at [C:\src\AOSP-openjdk-git\hotspot\src\share\vm\prims\jni.cpp, line 1615]
Event: 2.844 Thread 0x000000001a9b9000 Exception <a 'java/lang/NoSuchMethodError': <clinit>> (0x00000000d73d7580) thrown at [C:\src\AOSP-openjdk-git\hotspot\src\share\vm\prims\jni.cpp, line 1615]
Event: 3.311 Thread 0x000000001b9a6000 Exception <a 'java/lang/NoSuchMethodError': java.lang.Object.lambda$and$0(Ljava/util/function/Predicate;Ljava/lang/Object;)Z> (0x00000000d56b2cd0) thrown at [C:\src\AOSP-openjdk-git\hotspot\src\share\vm\interpreter\linkResolver.cpp, line 620]
Event: 3.318 Thread 0x000000001b9a6000 Exception <a 'java/lang/IncompatibleClassChangeError': Found class java.lang.Object, but interface was expected> (0x00000000d56c2fc8) thrown at [C:\src\AOSP-openjdk-git\hotspot\src\share\vm\interpreter\linkResolver.cpp, line 653]
Event: 3.320 Thread 0x000000001b9a6000 Exception <a 'java/lang/NoSuchMethodError': java.lang.Object.lambda$or$2(Ljava/util/function/Predicate;Ljava/lang/Object;)Z> (0x00000000d56c7b18) thrown at [C:\src\AOSP-openjdk-git\hotspot\src\share\vm\interpreter\linkResolver.cpp, line 620]
Event: 3.572 Thread 0x000000001b9a6000 Exception <a 'java/lang/NoSuchMethodError': java.lang.Object.lambda$static$0(Lorg/gradle/internal/state/ModelObject;)Ljava/lang/String;> (0x00000000d6eab4c8) thrown at [C:\src\AOSP-openjdk-git\hotspot\src\share\vm\interpreter\linkResolver.cpp, line 620]

Events (10 events):
Event: 3.798 loading class org/gradle/internal/instantiation/generator/AsmBackedClassGenerator$ClassBuilderImpl
Event: 3.798 loading class org/gradle/internal/instantiation/generator/AsmBackedClassGenerator$ClassBuilderImpl done
Event: 3.799 loading class org/objectweb/asm/MethodVisitor
Event: 3.799 loading class org/objectweb/asm/MethodVisitor done
Event: 3.799 loading class org/gradle/internal/instantiation/generator/AsmBackedClassGenerator$ClassBuilderImpl
Event: 3.799 loading class org/gradle/internal/instantiation/generator/AsmBackedClassGenerator$ClassBuilderImpl done
Event: 3.800 loading class org/objectweb/asm/MethodVisitor
Event: 3.800 loading class org/objectweb/asm/MethodVisitor done
Event: 3.800 loading class org/gradle/internal/instantiation/generator/AsmBackedClassGenerator$ClassBuilderImpl
Event: 3.800 loading class org/gradle/internal/instantiation/generator/AsmBackedClassGenerator$ClassBuilderImpl done


Dynamic libraries:
0x00007ff6b2240000 - 0x00007ff6b2271000 	C:\Program Files\Android\Android Studio\jre\bin\java.exe
0x00007ff9437f0000 - 0x00007ff9439e5000 	C:\WINDOWS\SYSTEM32\ntdll.dll
0x00007ff93b040000 - 0x00007ff93b053000 	C:\Program Files\AVAST Software\Avast\aswhook.dll
0x00007ff941ae0000 - 0x00007ff941b9d000 	C:\WINDOWS\System32\KERNEL32.DLL
0x00007ff941230000 - 0x00007ff9414f9000 	C:\WINDOWS\System32\KERNELBASE.dll
0x00007ff942180000 - 0x00007ff94222c000 	C:\WINDOWS\System32\ADVAPI32.dll
0x00007ff9420e0000 - 0x00007ff94217e000 	C:\WINDOWS\System32\msvcrt.dll
0x00007ff941dd0000 - 0x00007ff941e6c000 	C:\WINDOWS\System32\sechost.dll
0x00007ff942fc0000 - 0x00007ff9430eb000 	C:\WINDOWS\System32\RPCRT4.dll
0x00007ff941c00000 - 0x00007ff941da0000 	C:\WINDOWS\System32\USER32.dll
0x00007ff941710000 - 0x00007ff941732000 	C:\WINDOWS\System32\win32u.dll
0x00007ff941da0000 - 0x00007ff941dca000 	C:\WINDOWS\System32\GDI32.dll
0x00007ff941740000 - 0x00007ff94184b000 	C:\WINDOWS\System32\gdi32full.dll
0x00007ff9410b0000 - 0x00007ff94114d000 	C:\WINDOWS\System32\msvcp_win.dll
0x00007ff940f30000 - 0x00007ff941030000 	C:\WINDOWS\System32\ucrtbase.dll
0x00007ff922370000 - 0x00007ff92260a000 	C:\WINDOWS\WinSxS\amd64_microsoft.windows.common-controls_6595b64144ccf1df_6.0.19041.844_none_ca00b6081b84eb1d\COMCTL32.dll
0x00007ff9420b0000 - 0x00007ff9420e0000 	C:\WINDOWS\System32\IMM32.DLL
0x0000000074550000 - 0x0000000074622000 	C:\Program Files\Android\Android Studio\jre\jre\bin\msvcr100.dll
0x0000000074710000 - 0x0000000074f5b000 	C:\Program Files\Android\Android Studio\jre\jre\bin\server\jvm.dll
0x00007ff941ef0000 - 0x00007ff941ef8000 	C:\WINDOWS\System32\PSAPI.DLL
0x00007ff93bef0000 - 0x00007ff93bef9000 	C:\WINDOWS\SYSTEM32\WSOCK32.dll
0x00007ff9423f0000 - 0x00007ff94245b000 	C:\WINDOWS\System32\WS2_32.dll
0x00007ff9285c0000 - 0x00007ff9285e7000 	C:\WINDOWS\SYSTEM32\WINMM.dll
0x00007ff93b4c0000 - 0x00007ff93b4ca000 	C:\WINDOWS\SYSTEM32\VERSION.dll
0x00007ff93b5d0000 - 0x00007ff93b5df000 	C:\Program Files\Android\Android Studio\jre\jre\bin\verify.dll
0x00007ff9354d0000 - 0x00007ff9354f9000 	C:\Program Files\Android\Android Studio\jre\jre\bin\java.dll
0x00007ff9375d0000 - 0x00007ff9375e6000 	C:\Program Files\Android\Android Studio\jre\jre\bin\zip.dll
0x00007ff942460000 - 0x00007ff942ba2000 	C:\WINDOWS\System32\SHELL32.dll
0x00007ff93f050000 - 0x00007ff93f7e0000 	C:\WINDOWS\SYSTEM32\windows.storage.dll
0x00007ff942c60000 - 0x00007ff942fb5000 	C:\WINDOWS\System32\combase.dll
0x00007ff940800000 - 0x00007ff94082c000 	C:\WINDOWS\SYSTEM32\Wldp.dll
0x00007ff942bb0000 - 0x00007ff942c5e000 	C:\WINDOWS\System32\SHCORE.dll
0x00007ff941a80000 - 0x00007ff941ad5000 	C:\WINDOWS\System32\shlwapi.dll
0x00007ff940e70000 - 0x00007ff940e8f000 	C:\WINDOWS\SYSTEM32\profapi.dll
0x00007ff9355f0000 - 0x00007ff93560a000 	C:\Program Files\Android\Android Studio\jre\jre\bin\net.dll
0x00007ff9405f0000 - 0x00007ff94065a000 	C:\WINDOWS\system32\mswsock.dll
0x00007ff9354b0000 - 0x00007ff9354c3000 	C:\Program Files\Android\Android Studio\jre\jre\bin\nio.dll
0x00007ff931b90000 - 0x00007ff931bb7000 	C:\Users\EAK\.gradle\native\f6784746aeab05261644944871eae4fe03e0ef1612fff0a4a95f87b438bc6780\windows-amd64\native-platform.dll
0x00007ff92a960000 - 0x00007ff92a96d000 	C:\Program Files\Android\Android Studio\jre\jre\bin\management.dll
0x00007ff9408b0000 - 0x00007ff9408c8000 	C:\WINDOWS\SYSTEM32\CRYPTSP.dll
0x00007ff93ffb0000 - 0x00007ff93ffe4000 	C:\WINDOWS\system32\rsaenh.dll
0x00007ff941080000 - 0x00007ff9410a7000 	C:\WINDOWS\System32\bcrypt.dll
0x00007ff940e30000 - 0x00007ff940e5e000 	C:\WINDOWS\SYSTEM32\USERENV.dll
0x00007ff9411b0000 - 0x00007ff941230000 	C:\WINDOWS\System32\bcryptprimitives.dll
0x00007ff940770000 - 0x00007ff94077c000 	C:\WINDOWS\SYSTEM32\CRYPTBASE.dll
0x00007ff940300000 - 0x00007ff94033b000 	C:\WINDOWS\SYSTEM32\IPHLPAPI.DLL
0x00007ff941930000 - 0x00007ff941938000 	C:\WINDOWS\System32\NSI.dll
0x00007ff93aa10000 - 0x00007ff93aa27000 	C:\WINDOWS\SYSTEM32\dhcpcsvc6.DLL
0x00007ff93ad80000 - 0x00007ff93ad9d000 	C:\WINDOWS\SYSTEM32\dhcpcsvc.DLL
0x00007ff940340000 - 0x00007ff94040b000 	C:\WINDOWS\SYSTEM32\DNSAPI.dll
0x00007ff93af90000 - 0x00007ff93af9b000 	C:\WINDOWS\SYSTEM32\WINNSI.DLL

VM Arguments:
jvm_args: -Xmx2048m -Dfile.encoding=UTF-8 -Duser.country=BR -Duser.language=pt -Duser.variant 
java_command: org.gradle.launcher.daemon.bootstrap.GradleDaemon 6.5
java_class_path (initial): C:\Users\EAK\.gradle\wrapper\dists\gradle-6.5-bin\6nifqtx7604sqp1q6g8wikw7p\gradle-6.5\lib\gradle-launcher-6.5.jar
Launcher Type: SUN_STANDARD

Environment Variables:
JAVA_HOME=C:\ProgramData\Microsoft\Windows\Start Menu\Programs\Java Development Kit
PATH=C:\Python27\;C:\Python27\Scripts;"C:\Program Files (x86)\Common Files\Oracle\Java\javapath;C:\ProgramData\Microsoft\Windows\Start Menu\Programs\Java Development Kit\bin";C:\Program Files (x86)\Intel\iCLS Client\;C:\Program Files\Intel\iCLS Client\;C:\ProgramData\Oracle\Java\javapath;C:\Windows\system32;C:\Windows;C:\Windows\System32\Wbem;C:\Windows\System32\WindowsPowerShell\v1.0\;C:\Program Files (x86)\NVIDIA Corporation\PhysX\Common;C:\Program Files (x86)\Windows Live\Shared;C:\WINDOWS\system32;C:\WINDOWS;C:\WINDOWS\System32\Wbem;C:\WINDOWS\System32\WindowsPowerShell\v1.0\;C:\Program Files (x86)\Intel\Intel(R) Management Engine Components\DAL;C:\Program Files\Intel\Intel(R) Management Engine Components\DAL;C:\Program Files (x86)\Intel\Intel(R) Management Engine Components\IPT;C:\Program Files\Intel\Intel(R) Management Engine Components\IPT;C:\WINDOWS\System32\OpenSSH\;C:\Program Files\NVIDIA Corporation\NVIDIA NvDLISR;C:\WINDOWS\system32;C:\WINDOWS;C:\WINDOWS\System32\Wbem;C:\WINDOWS\System32\WindowsPowerShell\v1.0\;C:\WINDOWS\System32\OpenSSH\;C:\Program Files\nodejs\;C:\Program Files\dotnet\;C:\Program Files\Microsoft SQL Server\130\Tools\Binn\;C:\Program Files\Microsoft SQL Server\Client SDK\ODBC\170\Tools\Binn\;C:\Program Files\Git\cmd;C:\Program Files (x86)\dotnet\;C:\Program Files\MySQL\MySQL Shell 8.0\bin\;C:\Users\EAK\AppData\Local\Microsoft\WindowsApps;C:\Users\EAK\AppData\Local\GitHubDesktop\bin;C:\Users\EAK\AppData\Roaming\npm;
USERNAME=EAK
OS=Windows_NT
PROCESSOR_IDENTIFIER=Intel64 Family 6 Model 61 Stepping 4, GenuineIntel



---------------  S Y S T E M  ---------------

OS: Windows 10.0 , 64 bit Build 19041 (10.0.19041.804)

CPU:total 4 (initial active 4) (2 cores per cpu, 2 threads per core) family 6 model 61 stepping 4, cmov, cx8, fxsr, mmx, sse, sse2, sse3, ssse3, sse4.1, sse4.2, popcnt, avx, avx2, aes, clmul, erms, 3dnowpref, lzcnt, ht, tsc, tscinvbit, bmi1, bmi2, adx

Memory: 4k page, physical 8296648k(987428k free), swap 8757448k(6888k free)

vm_info: OpenJDK 64-Bit Server VM (25.242-b01) for windows-amd64 JRE (1.8.0_242-release-1644-b01), built by "builder" with MS VC++ 10.0 (VS2010)

time: Sat Apr 24 19:33:46 2021
timezone: Hora oficial do Brasil
elapsed time: 3 seconds (0d 0h 0m 3s)

